#
# There is insufficient memory for the Java Runtime Environment to continue.
# Native memory allocation (mmap) failed to map 32505856 bytes. Error detail: G1 virtual space
# Possible reasons:
#   The system is out of physical RAM or swap space
#   This process is running with CompressedOops enabled, and the Java Heap may be blocking the growth of the native heap
# Possible solutions:
#   Reduce memory load on the system
#   Increase physical memory or swap space
#   Check if swap backing store is full
#   Decrease Java heap size (-Xmx/-Xms)
#   Decrease number of Java threads
#   Decrease Java thread stack sizes (-Xss)
#   Set larger code cache with -XX:ReservedCodeCacheSize=
#   JVM is running with Unscaled Compressed Oops mode in which the Java heap is
#     placed in the first 4GB address space. The Java Heap base address is the
#     maximum limit for the native heap growth. Please use -XX:HeapBaseMinAddress
#     to set the Java Heap base and to place the Java Heap above 4GB virtual address.
# This output file may be truncated or incomplete.
#
#  Out of Memory Error (os_windows.cpp:3631), pid=9784, tid=14608
#
# JRE version: Java(TM) SE Runtime Environment (22.0+36) (build 22+36-2370)
# Java VM: Java HotSpot(TM) 64-Bit Server VM (22+36-2370, mixed mode, emulated-client, sharing, tiered, compressed oops, compressed class ptrs, g1 gc, windows-amd64)
# No core dump will be written. Minidumps are not enabled by default on client versions of Windows
#

---------------  S U M M A R Y ------------

Command Line: -Dcom.sun.management.jmxremote -Dcom.sun.management.jmxremote.port=65363 -Dcom.sun.management.jmxremote.authenticate=false -Dcom.sun.management.jmxremote.ssl=false -Djava.rmi.server.hostname=localhost -Dspring.jmx.enabled=true -Dmanagement.endpoints.jmx.exposure.include=* -Dspring.application.admin.enabled=true -XX:TieredStopAtLevel=1 -Dspring.boot.project.name=ITProject -Dfile.encoding=UTF-8 -Dstdout.encoding=UTF-8 -Dstderr.encoding=UTF-8 -XX:+ShowCodeDetailsInExceptionMessages vn.project.ItProjectApplication --spring.output.ansi.enabled=always

Host: Intel(R) Core(TM) i7-8650U CPU @ 1.90GHz, 8 cores, 7G,  Windows 11 , 64 bit Build 26100 (10.0.26100.2454)
Time: Mon Dec  2 14:35:28 2024 SE Asia Standard Time elapsed time: 2305.548465 seconds (0d 0h 38m 25s)

---------------  T H R E A D  ---------------

Current thread (0x000002d4ba1fc5d0):  VMThread "VM Thread"          [id=14608, stack(0x000000de9f000000,0x000000de9f100000) (1024K)]

Stack: [0x000000de9f000000,0x000000de9f100000]
Native frames: (J=compiled Java code, j=interpreted, Vv=VM code, C=native code)
V  [jvm.dll+0x6e2349]  (no source info available)
V  [jvm.dll+0x874ed3]  (no source info available)
V  [jvm.dll+0x8772fe]  (no source info available)
V  [jvm.dll+0x8779d3]  (no source info available)
V  [jvm.dll+0x27fcb6]  (no source info available)
V  [jvm.dll+0x6de9e5]  (no source info available)
V  [jvm.dll+0x6d34ea]  (no source info available)
V  [jvm.dll+0x35892a]  (no source info available)
V  [jvm.dll+0x360e56]  (no source info available)
V  [jvm.dll+0x3b3d7e]  (no source info available)
V  [jvm.dll+0x3b4028]  (no source info available)
V  [jvm.dll+0x32c4ec]  (no source info available)
V  [jvm.dll+0x32c577]  (no source info available)
V  [jvm.dll+0x3721ec]  (no source info available)
V  [jvm.dll+0x3708e6]  (no source info available)
V  [jvm.dll+0x32bbd7]  (no source info available)
V  [jvm.dll+0x3703b8]  (no source info available)
V  [jvm.dll+0x87d870]  (no source info available)
V  [jvm.dll+0x87ebf7]  (no source info available)
V  [jvm.dll+0x87f170]  (no source info available)
V  [jvm.dll+0x87f413]  (no source info available)
V  [jvm.dll+0x81d50b]  (no source info available)
V  [jvm.dll+0x6e09e5]  (no source info available)
C  [ucrtbase.dll+0x14ea0]  (no source info available)
C  [KERNEL32.DLL+0x2e8d7]  (no source info available)
C  [ntdll.dll+0xdfbcc]  (no source info available)

VM_Operation (0x000000dea16fd018): G1TryInitiateConcMark, mode: safepoint, requested by thread 0x000002d482d90780


---------------  P R O C E S S  ---------------

Threads class SMR info:
_java_thread_list=0x000002d4832181c0, length=35, elements={
0x000002d4ba217860, 0x000002d4ba2184c0, 0x000002d4ba226570, 0x000002d4ba249a00,
0x000002d4ba2556e0, 0x000002d4ba256270, 0x000002d4ba25b020, 0x000002d4ba3f3f00,
0x000002d4ba4af900, 0x000002d4bab12cd0, 0x000002d4bab1a2c0, 0x000002d4bab3eb30,
0x000002d48055d7c0, 0x000002d482cee8a0, 0x000002d482cf0970, 0x000002d482d8b8c0,
0x000002d48056a330, 0x000002d48056a9c0, 0x000002d482d8bf50, 0x000002d482d8aba0,
0x000002d482d8c5e0, 0x000002d482d8cc70, 0x000002d482d8d990, 0x000002d482d8a510,
0x000002d482d8e020, 0x000002d482d8e6b0, 0x000002d482d8b230, 0x000002d482d90780,
0x000002d482d90e10, 0x000002d482d8ed40, 0x000002d482d914a0, 0x000002d482d8f3d0,
0x000002d482d8fa60, 0x000002d482d900f0, 0x000002d488a85080
}

Java Threads: ( => current thread )
  0x000002d4ba217860 JavaThread "Reference Handler"          daemon [_thread_blocked, id=8464, stack(0x000000de9f100000,0x000000de9f200000) (1024K)]
  0x000002d4ba2184c0 JavaThread "Finalizer"                  daemon [_thread_blocked, id=3848, stack(0x000000de9f200000,0x000000de9f300000) (1024K)]
  0x000002d4ba226570 JavaThread "Signal Dispatcher"          daemon [_thread_blocked, id=15860, stack(0x000000de9f300000,0x000000de9f400000) (1024K)]
  0x000002d4ba249a00 JavaThread "Attach Listener"            daemon [_thread_blocked, id=15488, stack(0x000000de9f400000,0x000000de9f500000) (1024K)]
  0x000002d4ba2556e0 JavaThread "Service Thread"             daemon [_thread_blocked, id=3056, stack(0x000000de9f500000,0x000000de9f600000) (1024K)]
  0x000002d4ba256270 JavaThread "Monitor Deflation Thread"   daemon [_thread_blocked, id=14184, stack(0x000000de9f600000,0x000000de9f700000) (1024K)]
  0x000002d4ba25b020 JavaThread "C1 CompilerThread0"         daemon [_thread_blocked, id=4976, stack(0x000000de9f700000,0x000000de9f800000) (1024K)]
  0x000002d4ba3f3f00 JavaThread "Common-Cleaner"             daemon [_thread_blocked, id=16380, stack(0x000000de9f800000,0x000000de9f900000) (1024K)]
  0x000002d4ba4af900 JavaThread "Notification Thread"        daemon [_thread_blocked, id=10668, stack(0x000000de9fc00000,0x000000de9fd00000) (1024K)]
  0x000002d4bab12cd0 JavaThread "RMI TCP Accept-0"           daemon [_thread_in_native, id=7468, stack(0x000000de9fd00000,0x000000de9fe00000) (1024K)]
  0x000002d4bab1a2c0 JavaThread "RMI TCP Accept-65363"       daemon [_thread_in_native, id=4588, stack(0x000000de9fe00000,0x000000de9ff00000) (1024K)]
  0x000002d4bab3eb30 JavaThread "RMI TCP Accept-0"           daemon [_thread_in_native, id=4144, stack(0x000000de9ff00000,0x000000dea0000000) (1024K)]
  0x000002d48055d7c0 JavaThread "RMI Scheduler(0)"           daemon [_thread_blocked, id=2864, stack(0x000000dea0a00000,0x000000dea0b00000) (1024K)]
  0x000002d482cee8a0 JavaThread "Live Reload Server"         daemon [_thread_in_native, id=2148, stack(0x000000dea1700000,0x000000dea1800000) (1024K)]
  0x000002d482cf0970 JavaThread "DestroyJavaVM"                     [_thread_blocked, id=7812, stack(0x000000de9e900000,0x000000de9ea00000) (1024K)]
  0x000002d482d8b8c0 JavaThread "File Watcher"               daemon [_thread_blocked, id=7872, stack(0x000000de9e800000,0x000000de9e900000) (1024K)]
  0x000002d48056a330 JavaThread "mssql-jdbc-shared-timer-core-4" daemon [_thread_blocked, id=13836, stack(0x000000dea0800000,0x000000dea0900000) (1024K)]
  0x000002d48056a9c0 JavaThread "HikariPool-4 housekeeper"   daemon [_thread_blocked, id=3444, stack(0x000000dea0900000,0x000000dea0a00000) (1024K)]
  0x000002d482d8bf50 JavaThread "Catalina-utility-1"                [_thread_blocked, id=9672, stack(0x000000dea0b00000,0x000000dea0c00000) (1024K)]
  0x000002d482d8aba0 JavaThread "Catalina-utility-2"                [_thread_blocked, id=3868, stack(0x000000dea0c00000,0x000000dea0d00000) (1024K)]
  0x000002d482d8c5e0 JavaThread "container-1"                       [_thread_blocked, id=10184, stack(0x000000dea0d00000,0x000000dea0e00000) (1024K)]
  0x000002d482d8cc70 JavaThread "File Watcher"               daemon [_thread_blocked, id=9308, stack(0x000000dea1000000,0x000000dea1100000) (1024K)]
  0x000002d482d8d990 JavaThread "http-nio-8082-exec-1"       daemon [_thread_blocked, id=14684, stack(0x000000dea1100000,0x000000dea1200000) (1024K)]
  0x000002d482d8a510 JavaThread "http-nio-8082-exec-2"       daemon [_thread_blocked, id=4724, stack(0x000000dea1200000,0x000000dea1300000) (1024K)]
  0x000002d482d8e020 JavaThread "http-nio-8082-exec-3"       daemon [_thread_blocked, id=14236, stack(0x000000dea1300000,0x000000dea1400000) (1024K)]
  0x000002d482d8e6b0 JavaThread "http-nio-8082-exec-4"       daemon [_thread_blocked, id=9076, stack(0x000000dea1400000,0x000000dea1500000) (1024K)]
  0x000002d482d8b230 JavaThread "http-nio-8082-exec-5"       daemon [_thread_blocked, id=9276, stack(0x000000dea1500000,0x000000dea1600000) (1024K)]
  0x000002d482d90780 JavaThread "http-nio-8082-exec-6"       daemon [_thread_blocked, id=15260, stack(0x000000dea1600000,0x000000dea1700000) (1024K)]
  0x000002d482d90e10 JavaThread "http-nio-8082-exec-7"       daemon [_thread_blocked, id=13396, stack(0x000000dea1800000,0x000000dea1900000) (1024K)]
  0x000002d482d8ed40 JavaThread "http-nio-8082-exec-8"       daemon [_thread_blocked, id=9960, stack(0x000000dea1900000,0x000000dea1a00000) (1024K)]
  0x000002d482d914a0 JavaThread "http-nio-8082-exec-9"       daemon [_thread_blocked, id=3620, stack(0x000000dea1a00000,0x000000dea1b00000) (1024K)]
  0x000002d482d8f3d0 JavaThread "http-nio-8082-exec-10"      daemon [_thread_blocked, id=15900, stack(0x000000dea1b00000,0x000000dea1c00000) (1024K)]
  0x000002d482d8fa60 JavaThread "http-nio-8082-Poller"       daemon [_thread_blocked, id=6728, stack(0x000000dea1c00000,0x000000dea1d00000) (1024K)]
  0x000002d482d900f0 JavaThread "http-nio-8082-Acceptor"     daemon [_thread_in_native, id=7988, stack(0x000000dea1d00000,0x000000dea1e00000) (1024K)]
  0x000002d488a85080 JavaThread "C1 CompilerThread1"         daemon [_thread_blocked, id=14360, stack(0x000000de9e600000,0x000000de9e700000) (1024K)]
Total: 35

Other Threads:
=>0x000002d4ba1fc5d0 VMThread "VM Thread"                           [id=14608, stack(0x000000de9f000000,0x000000de9f100000) (1024K)]
  0x000002d4ba1e4520 WatcherThread "VM Periodic Task Thread"        [id=2228, stack(0x000000de9ef00000,0x000000de9f000000) (1024K)]
  0x000002d4a9c93730 WorkerThread "GC Thread#0"                     [id=2952, stack(0x000000de9ea00000,0x000000de9eb00000) (1024K)]
  0x000002d4ba1fc220 WorkerThread "GC Thread#1"                     [id=11008, stack(0x000000dea0000000,0x000000dea0100000) (1024K)]
  0x000002d4ba1fdbf0 WorkerThread "GC Thread#2"                     [id=14500, stack(0x000000dea0100000,0x000000dea0200000) (1024K)]
  0x000002d4ba1fc980 WorkerThread "GC Thread#3"                     [id=16116, stack(0x000000dea0200000,0x000000dea0300000) (1024K)]
  0x000002d4ba1fcd30 WorkerThread "GC Thread#4"                     [id=13816, stack(0x000000dea0300000,0x000000dea0400000) (1024K)]
  0x000002d4ba1fd0e0 WorkerThread "GC Thread#5"                     [id=8332, stack(0x000000dea0400000,0x000000dea0500000) (1024K)]
  0x000002d4ba1fd840 WorkerThread "GC Thread#6"                     [id=15316, stack(0x000000dea0500000,0x000000dea0600000) (1024K)]
  0x000002d4baf07220 WorkerThread "GC Thread#7"                     [id=13852, stack(0x000000dea0600000,0x000000dea0700000) (1024K)]
  0x000002d4a9ca4130 ConcurrentGCThread "G1 Main Marker"            [id=15520, stack(0x000000de9eb00000,0x000000de9ec00000) (1024K)]
  0x000002d4a9ca5a70 WorkerThread "G1 Conc#0"                       [id=3572, stack(0x000000de9ec00000,0x000000de9ed00000) (1024K)]
  0x000002d4baf07980 WorkerThread "G1 Conc#1"                       [id=2668, stack(0x000000dea0f00000,0x000000dea1000000) (1024K)]
  0x000002d4ba0b99e0 ConcurrentGCThread "G1 Refine#0"               [id=8620, stack(0x000000de9ed00000,0x000000de9ee00000) (1024K)]
  0x000002d4ba0ba210 ConcurrentGCThread "G1 Service"                [id=11096, stack(0x000000de9ee00000,0x000000de9ef00000) (1024K)]
Total: 15

Threads with active compile tasks:
Total: 0

VM state: at safepoint (normal execution)

VM Mutex/Monitor currently owned by a thread:  ([mutex/lock_event])
[0x00007ffb3ecbcbc8] Threads_lock - owner thread: 0x000002d4ba1fc5d0
[0x00007ffb3ecbccc8] Heap_lock - owner thread: 0x000002d482d90780

OutOfMemory and StackOverflow Exception counts:
StackOverflowErrors=135
LinkageErrors=197

Heap address: 0x0000000082800000, size: 2008 MB, Compressed Oops mode: 32-bit

CDS archive(s) mapped at: [0x000002d4bb000000-0x000002d4bbc60000-0x000002d4bbc60000), size 12976128, SharedBaseAddress: 0x000002d4bb000000, ArchiveRelocationMode: 1.
Compressed class space mapped at: 0x000002d4bc000000-0x000002d4fc000000, reserved size: 1073741824
Narrow klass base: 0x000002d4bb000000, Narrow klass shift: 0, Narrow klass range: 0x41000000

GC Precious Log:
 CardTable entry size: 512
 Card Set container configuration: InlinePtr #cards 5 size 8 Array Of Cards #cards 12 size 40 Howl #buckets 4 coarsen threshold 1843 Howl Bitmap #cards 512 size 80 coarsen threshold 460 Card regions per heap region 1 cards per card region 2048
 CPUs: 8 total, 8 available
 Memory: 8029M
 Large Page Support: Disabled
 NUMA Support: Disabled
 Compressed Oops: Enabled (32-bit)
 Heap Region Size: 1M
 Heap Min Capacity: 8M
 Heap Initial Capacity: 126M
 Heap Max Capacity: 2008M
 Pre-touch: Disabled
 Parallel Workers: 8
 Concurrent Workers: 2
 Concurrent Refinement Workers: 8
 Periodic GC: Disabled

Heap:
 garbage-first heap   total reserved 2056192K, committed 150528K, used 43430K [0x0000000082800000, 0x0000000100000000)
  region size 1024K, 1 young (1024K), 1 survivors (1024K)
 Metaspace       used 87892K, committed 88832K, reserved 1179648K
  class space    used 12462K, committed 12864K, reserved 1048576K

Heap Regions: E=young(eden), S=young(survivor), O=old, HS=humongous(starts), HC=humongous(continues), CS=collection set, F=free, TAMS=top-at-mark-start, PB=parsable bottom
|   0|0x0000000082800000, 0x0000000082900000, 0x0000000082900000|100%|HS|  |TAMS 0x0000000082900000| PB 0x0000000082800000| Complete |  0
|   1|0x0000000082900000, 0x0000000082a00000, 0x0000000082a00000|100%| O|  |TAMS 0x0000000082a00000| PB 0x0000000082900000| Untracked |  0
|   2|0x0000000082a00000, 0x0000000082affff0, 0x0000000082b00000| 99%| O|  |TAMS 0x0000000082affff0| PB 0x0000000082a00000| Untracked |  0
|   3|0x0000000082b00000, 0x0000000082c00000, 0x0000000082c00000|100%| O|  |TAMS 0x0000000082c00000| PB 0x0000000082b00000| Untracked |  0
|   4|0x0000000082c00000, 0x0000000082cffff0, 0x0000000082d00000| 99%| O|  |TAMS 0x0000000082cffff0| PB 0x0000000082c00000| Untracked |  0
|   5|0x0000000082d00000, 0x0000000082dffff0, 0x0000000082e00000| 99%| O|  |TAMS 0x0000000082dffff0| PB 0x0000000082d00000| Untracked |  0
|   6|0x0000000082e00000, 0x0000000082efdd90, 0x0000000082f00000| 99%| O|  |TAMS 0x0000000082efdd90| PB 0x0000000082e00000| Untracked |  0
|   7|0x0000000082f00000, 0x0000000083000000, 0x0000000083000000|100%| O|  |TAMS 0x0000000083000000| PB 0x0000000082f00000| Untracked |  0
|   8|0x0000000083000000, 0x0000000083100000, 0x0000000083100000|100%| O|  |TAMS 0x0000000083100000| PB 0x0000000083000000| Untracked |  0
|   9|0x0000000083100000, 0x0000000083200000, 0x0000000083200000|100%| O|  |TAMS 0x0000000083200000| PB 0x0000000083100000| Untracked |  0
|  10|0x0000000083200000, 0x00000000832fffc8, 0x0000000083300000| 99%| O|  |TAMS 0x00000000832fffc8| PB 0x0000000083200000| Untracked |  0
|  11|0x0000000083300000, 0x00000000833fff90, 0x0000000083400000| 99%| O|  |TAMS 0x00000000833fff90| PB 0x0000000083300000| Untracked |  0
|  12|0x0000000083400000, 0x00000000834ffff8, 0x0000000083500000| 99%| O|  |TAMS 0x00000000834ffff8| PB 0x0000000083400000| Untracked |  0
|  13|0x0000000083500000, 0x00000000835ffff8, 0x0000000083600000| 99%| O|  |TAMS 0x00000000835ffff8| PB 0x0000000083500000| Untracked |  0
|  14|0x0000000083600000, 0x00000000836ffff8, 0x0000000083700000| 99%| O|  |TAMS 0x00000000836ffff8| PB 0x0000000083600000| Untracked |  0
|  15|0x0000000083700000, 0x00000000837ffff8, 0x0000000083800000| 99%| O|  |TAMS 0x00000000837ffff8| PB 0x0000000083700000| Untracked |  0
|  16|0x0000000083800000, 0x00000000838fffc8, 0x0000000083900000| 99%| O|  |TAMS 0x00000000838fffc8| PB 0x0000000083800000| Untracked |  0
|  17|0x0000000083900000, 0x00000000839fffe8, 0x0000000083a00000| 99%| O|  |TAMS 0x00000000839fffe8| PB 0x0000000083900000| Untracked |  0
|  18|0x0000000083a00000, 0x0000000083afffd8, 0x0000000083b00000| 99%| O|  |TAMS 0x0000000083afffd8| PB 0x0000000083a00000| Untracked |  0
|  19|0x0000000083b00000, 0x0000000083bffff0, 0x0000000083c00000| 99%| O|  |TAMS 0x0000000083bffff0| PB 0x0000000083b00000| Untracked |  0
|  20|0x0000000083c00000, 0x0000000083ce7740, 0x0000000083d00000| 90%| O|  |TAMS 0x0000000083cdfc50| PB 0x0000000083c00000| Untracked |  0
|  21|0x0000000083d00000, 0x0000000083dffff8, 0x0000000083e00000| 99%| O|  |TAMS 0x0000000083dffff8| PB 0x0000000083d00000| Untracked |  0
|  22|0x0000000083e00000, 0x0000000083e00000, 0x0000000083f00000|  0%| F|  |TAMS 0x0000000083e00000| PB 0x0000000083e00000| Untracked |  0
|  23|0x0000000083f00000, 0x0000000083fcdb50, 0x0000000084000000| 80%| O|  |TAMS 0x0000000083fcdb50| PB 0x0000000083f00000| Untracked |  0
|  24|0x0000000084000000, 0x00000000840ffff8, 0x0000000084100000| 99%| O|  |TAMS 0x00000000840ffff8| PB 0x0000000084000000| Untracked |  0
|  25|0x0000000084100000, 0x0000000084100000, 0x0000000084200000|  0%| F|  |TAMS 0x0000000084100000| PB 0x0000000084100000| Untracked |  0
|  26|0x0000000084200000, 0x0000000084300000, 0x0000000084300000|100%| O|  |TAMS 0x0000000084300000| PB 0x0000000084200000| Untracked |  0
|  27|0x0000000084300000, 0x0000000084400000, 0x0000000084400000|100%| O|  |TAMS 0x0000000084400000| PB 0x0000000084300000| Untracked |  0
|  28|0x0000000084400000, 0x0000000084400000, 0x0000000084500000|  0%| F|  |TAMS 0x0000000084400000| PB 0x0000000084400000| Untracked |  0
|  29|0x0000000084500000, 0x0000000084500000, 0x0000000084600000|  0%| F|  |TAMS 0x0000000084500000| PB 0x0000000084500000| Untracked |  0
|  30|0x0000000084600000, 0x0000000084700000, 0x0000000084700000|100%| O|  |TAMS 0x0000000084700000| PB 0x0000000084600000| Untracked |  0
|  31|0x0000000084700000, 0x0000000084800000, 0x0000000084800000|100%| O|  |TAMS 0x0000000084800000| PB 0x0000000084700000| Untracked |  0
|  32|0x0000000084800000, 0x0000000084900000, 0x0000000084900000|100%| O|  |TAMS 0x0000000084900000| PB 0x0000000084800000| Untracked |  0
|  33|0x0000000084900000, 0x0000000084a00000, 0x0000000084a00000|100%| O|  |TAMS 0x0000000084a00000| PB 0x0000000084900000| Untracked |  0
|  34|0x0000000084a00000, 0x0000000084ac05b0, 0x0000000084b00000| 75%| O|  |TAMS 0x0000000084ac05b0| PB 0x0000000084a00000| Untracked |  0
|  35|0x0000000084b00000, 0x0000000084b00000, 0x0000000084c00000|  0%| F|  |TAMS 0x0000000084b00000| PB 0x0000000084b00000| Untracked |  0
|  36|0x0000000084c00000, 0x0000000084d00000, 0x0000000084d00000|100%| O|  |TAMS 0x0000000084d00000| PB 0x0000000084c00000| Untracked |  0
|  37|0x0000000084d00000, 0x0000000084e00000, 0x0000000084e00000|100%| O|  |TAMS 0x0000000084e00000| PB 0x0000000084d00000| Untracked |  0
|  38|0x0000000084e00000, 0x0000000084e00000, 0x0000000084f00000|  0%| F|  |TAMS 0x0000000084e00000| PB 0x0000000084e00000| Untracked |  0
|  39|0x0000000084f00000, 0x0000000085000000, 0x0000000085000000|100%| O|  |TAMS 0x0000000085000000| PB 0x0000000084f00000| Untracked |  0
|  40|0x0000000085000000, 0x0000000085100000, 0x0000000085100000|100%| O|  |TAMS 0x0000000085100000| PB 0x0000000085000000| Untracked |  0
|  41|0x0000000085100000, 0x0000000085100000, 0x0000000085200000|  0%| F|  |TAMS 0x0000000085100000| PB 0x0000000085100000| Untracked |  0
|  42|0x0000000085200000, 0x0000000085300000, 0x0000000085300000|100%| O|  |TAMS 0x0000000085300000| PB 0x0000000085200000| Untracked |  0
|  43|0x0000000085300000, 0x0000000085400000, 0x0000000085400000|100%| O|  |TAMS 0x0000000085400000| PB 0x0000000085300000| Untracked |  0
|  44|0x0000000085400000, 0x0000000085500000, 0x0000000085500000|100%| O|  |TAMS 0x0000000085500000| PB 0x0000000085400000| Untracked |  0
|  45|0x0000000085500000, 0x0000000085500000, 0x0000000085600000|  0%| F|  |TAMS 0x0000000085500000| PB 0x0000000085500000| Untracked |  0
|  46|0x0000000085600000, 0x0000000085700000, 0x0000000085700000|100%| O|  |TAMS 0x0000000085700000| PB 0x0000000085600000| Untracked |  0
|  47|0x0000000085700000, 0x0000000085800000, 0x0000000085800000|100%| O|  |TAMS 0x0000000085800000| PB 0x0000000085700000| Untracked |  0
|  48|0x0000000085800000, 0x0000000085800000, 0x0000000085900000|  0%| F|  |TAMS 0x0000000085800000| PB 0x0000000085800000| Untracked |  0
|  49|0x0000000085900000, 0x0000000085900000, 0x0000000085a00000|  0%| F|  |TAMS 0x0000000085900000| PB 0x0000000085900000| Untracked |  0
|  50|0x0000000085a00000, 0x0000000085a00000, 0x0000000085b00000|  0%| F|  |TAMS 0x0000000085a00000| PB 0x0000000085a00000| Untracked |  0
|  51|0x0000000085b00000, 0x0000000085c00000, 0x0000000085c00000|100%| O|  |TAMS 0x0000000085c00000| PB 0x0000000085b00000| Untracked |  0
|  52|0x0000000085c00000, 0x0000000085d00000, 0x0000000085d00000|100%| O|  |TAMS 0x0000000085d00000| PB 0x0000000085c00000| Untracked |  0
|  53|0x0000000085d00000, 0x0000000085d00000, 0x0000000085e00000|  0%| F|  |TAMS 0x0000000085d00000| PB 0x0000000085d00000| Untracked |  0
|  54|0x0000000085e00000, 0x0000000085e00000, 0x0000000085f00000|  0%| F|  |TAMS 0x0000000085e00000| PB 0x0000000085e00000| Untracked |  0
|  55|0x0000000085f00000, 0x0000000085f00000, 0x0000000086000000|  0%| F|  |TAMS 0x0000000085f00000| PB 0x0000000085f00000| Untracked |  0
|  56|0x0000000086000000, 0x0000000086000000, 0x0000000086100000|  0%| F|  |TAMS 0x0000000086000000| PB 0x0000000086000000| Untracked |  0
|  57|0x0000000086100000, 0x0000000086100000, 0x0000000086200000|  0%| F|  |TAMS 0x0000000086100000| PB 0x0000000086100000| Untracked |  0
|  58|0x0000000086200000, 0x0000000086200000, 0x0000000086300000|  0%| F|  |TAMS 0x0000000086200000| PB 0x0000000086200000| Untracked |  0
|  59|0x0000000086300000, 0x0000000086300000, 0x0000000086400000|  0%| F|  |TAMS 0x0000000086300000| PB 0x0000000086300000| Untracked |  0
|  60|0x0000000086400000, 0x0000000086400000, 0x0000000086500000|  0%| F|  |TAMS 0x0000000086400000| PB 0x0000000086400000| Untracked |  0
|  61|0x0000000086500000, 0x0000000086500000, 0x0000000086600000|  0%| F|  |TAMS 0x0000000086500000| PB 0x0000000086500000| Untracked |  0
|  62|0x0000000086600000, 0x0000000086600000, 0x0000000086700000|  0%| F|  |TAMS 0x0000000086600000| PB 0x0000000086600000| Untracked |  0
|  63|0x0000000086700000, 0x0000000086700000, 0x0000000086800000|  0%| F|  |TAMS 0x0000000086700000| PB 0x0000000086700000| Untracked |  0
|  64|0x0000000086800000, 0x0000000086800000, 0x0000000086900000|  0%| F|  |TAMS 0x0000000086800000| PB 0x0000000086800000| Untracked |  0
|  65|0x0000000086900000, 0x0000000086900000, 0x0000000086a00000|  0%| F|  |TAMS 0x0000000086900000| PB 0x0000000086900000| Untracked |  0
|  66|0x0000000086a00000, 0x0000000086a00000, 0x0000000086b00000|  0%| F|  |TAMS 0x0000000086a00000| PB 0x0000000086a00000| Untracked |  0
|  67|0x0000000086b00000, 0x0000000086b00000, 0x0000000086c00000|  0%| F|  |TAMS 0x0000000086b00000| PB 0x0000000086b00000| Untracked |  0
|  68|0x0000000086c00000, 0x0000000086c00000, 0x0000000086d00000|  0%| F|  |TAMS 0x0000000086c00000| PB 0x0000000086c00000| Untracked |  0
|  69|0x0000000086d00000, 0x0000000086d00000, 0x0000000086e00000|  0%| F|  |TAMS 0x0000000086d00000| PB 0x0000000086d00000| Untracked |  0
|  70|0x0000000086e00000, 0x0000000086e00000, 0x0000000086f00000|  0%| F|  |TAMS 0x0000000086e00000| PB 0x0000000086e00000| Untracked |  0
|  71|0x0000000086f00000, 0x0000000086f00000, 0x0000000087000000|  0%| F|  |TAMS 0x0000000086f00000| PB 0x0000000086f00000| Untracked |  0
|  72|0x0000000087000000, 0x0000000087000000, 0x0000000087100000|  0%| F|  |TAMS 0x0000000087000000| PB 0x0000000087000000| Untracked |  0
|  73|0x0000000087100000, 0x0000000087100000, 0x0000000087200000|  0%| F|  |TAMS 0x0000000087100000| PB 0x0000000087100000| Untracked |  0
|  74|0x0000000087200000, 0x0000000087200000, 0x0000000087300000|  0%| F|  |TAMS 0x0000000087200000| PB 0x0000000087200000| Untracked |  0
|  75|0x0000000087300000, 0x00000000873f6560, 0x0000000087400000| 96%| S|CS|TAMS 0x0000000087300000| PB 0x0000000087300000| Complete |  0
|  76|0x0000000087400000, 0x0000000087400000, 0x0000000087500000|  0%| F|  |TAMS 0x0000000087400000| PB 0x0000000087400000| Untracked |  0
|  77|0x0000000087500000, 0x0000000087500000, 0x0000000087600000|  0%| F|  |TAMS 0x0000000087500000| PB 0x0000000087500000| Untracked |  0
|  78|0x0000000087600000, 0x0000000087600000, 0x0000000087700000|  0%| F|  |TAMS 0x0000000087600000| PB 0x0000000087600000| Untracked |  0
|  79|0x0000000087700000, 0x0000000087700000, 0x0000000087800000|  0%| F|  |TAMS 0x0000000087700000| PB 0x0000000087700000| Untracked |  0
|  80|0x0000000087800000, 0x0000000087800000, 0x0000000087900000|  0%| F|  |TAMS 0x0000000087800000| PB 0x0000000087800000| Untracked |  0
|  81|0x0000000087900000, 0x0000000087900000, 0x0000000087a00000|  0%| F|  |TAMS 0x0000000087900000| PB 0x0000000087900000| Untracked |  0
|  82|0x0000000087a00000, 0x0000000087a00000, 0x0000000087b00000|  0%| F|  |TAMS 0x0000000087a00000| PB 0x0000000087a00000| Untracked |  0
|  83|0x0000000087b00000, 0x0000000087b00000, 0x0000000087c00000|  0%| F|  |TAMS 0x0000000087b00000| PB 0x0000000087b00000| Untracked |  0
|  84|0x0000000087c00000, 0x0000000087c00000, 0x0000000087d00000|  0%| F|  |TAMS 0x0000000087c00000| PB 0x0000000087c00000| Untracked |  0
|  85|0x0000000087d00000, 0x0000000087d00000, 0x0000000087e00000|  0%| F|  |TAMS 0x0000000087d00000| PB 0x0000000087d00000| Untracked |  0
|  86|0x0000000087e00000, 0x0000000087e00000, 0x0000000087f00000|  0%| F|  |TAMS 0x0000000087e00000| PB 0x0000000087e00000| Untracked |  0
|  87|0x0000000087f00000, 0x0000000087f00000, 0x0000000088000000|  0%| F|  |TAMS 0x0000000087f00000| PB 0x0000000087f00000| Untracked |  0
|  88|0x0000000088000000, 0x0000000088000000, 0x0000000088100000|  0%| F|  |TAMS 0x0000000088000000| PB 0x0000000088000000| Untracked |  0
|  89|0x0000000088100000, 0x0000000088100000, 0x0000000088200000|  0%| F|  |TAMS 0x0000000088100000| PB 0x0000000088100000| Untracked |  0
|  90|0x0000000088200000, 0x0000000088200000, 0x0000000088300000|  0%| F|  |TAMS 0x0000000088200000| PB 0x0000000088200000| Untracked |  0
|  91|0x0000000088300000, 0x0000000088300000, 0x0000000088400000|  0%| F|  |TAMS 0x0000000088300000| PB 0x0000000088300000| Untracked |  0
|  92|0x0000000088400000, 0x0000000088400000, 0x0000000088500000|  0%| F|  |TAMS 0x0000000088400000| PB 0x0000000088400000| Untracked |  0
|  93|0x0000000088500000, 0x0000000088500000, 0x0000000088600000|  0%| F|  |TAMS 0x0000000088500000| PB 0x0000000088500000| Untracked |  0
|  94|0x0000000088600000, 0x0000000088600000, 0x0000000088700000|  0%| F|  |TAMS 0x0000000088600000| PB 0x0000000088600000| Untracked |  0
|  95|0x0000000088700000, 0x0000000088700000, 0x0000000088800000|  0%| F|  |TAMS 0x0000000088700000| PB 0x0000000088700000| Untracked |  0
|  96|0x0000000088800000, 0x0000000088800000, 0x0000000088900000|  0%| F|  |TAMS 0x0000000088800000| PB 0x0000000088800000| Untracked |  0
|  97|0x0000000088900000, 0x0000000088900000, 0x0000000088a00000|  0%| F|  |TAMS 0x0000000088900000| PB 0x0000000088900000| Untracked |  0
|  98|0x0000000088a00000, 0x0000000088a00000, 0x0000000088b00000|  0%| F|  |TAMS 0x0000000088a00000| PB 0x0000000088a00000| Untracked |  0
|  99|0x0000000088b00000, 0x0000000088b00000, 0x0000000088c00000|  0%| F|  |TAMS 0x0000000088b00000| PB 0x0000000088b00000| Untracked |  0
| 100|0x0000000088c00000, 0x0000000088c00000, 0x0000000088d00000|  0%| F|  |TAMS 0x0000000088c00000| PB 0x0000000088c00000| Untracked |  0
| 101|0x0000000088d00000, 0x0000000088d00000, 0x0000000088e00000|  0%| F|  |TAMS 0x0000000088d00000| PB 0x0000000088d00000| Untracked |  0
| 102|0x0000000088e00000, 0x0000000088e00000, 0x0000000088f00000|  0%| F|  |TAMS 0x0000000088e00000| PB 0x0000000088e00000| Untracked |  0
| 103|0x0000000088f00000, 0x0000000088f00000, 0x0000000089000000|  0%| F|  |TAMS 0x0000000088f00000| PB 0x0000000088f00000| Untracked |  0
| 104|0x0000000089000000, 0x0000000089000000, 0x0000000089100000|  0%| F|  |TAMS 0x0000000089000000| PB 0x0000000089000000| Untracked |  0
| 105|0x0000000089100000, 0x0000000089100000, 0x0000000089200000|  0%| F|  |TAMS 0x0000000089100000| PB 0x0000000089100000| Untracked |  0
| 106|0x0000000089200000, 0x0000000089200000, 0x0000000089300000|  0%| F|  |TAMS 0x0000000089200000| PB 0x0000000089200000| Untracked |  0
| 107|0x0000000089300000, 0x0000000089300000, 0x0000000089400000|  0%| F|  |TAMS 0x0000000089300000| PB 0x0000000089300000| Untracked |  0
| 108|0x0000000089400000, 0x0000000089400000, 0x0000000089500000|  0%| F|  |TAMS 0x0000000089400000| PB 0x0000000089400000| Untracked |  0
| 109|0x0000000089500000, 0x0000000089500000, 0x0000000089600000|  0%| F|  |TAMS 0x0000000089500000| PB 0x0000000089500000| Untracked |  0
| 110|0x0000000089600000, 0x0000000089600000, 0x0000000089700000|  0%| F|  |TAMS 0x0000000089600000| PB 0x0000000089600000| Untracked |  0
| 111|0x0000000089700000, 0x0000000089700000, 0x0000000089800000|  0%| F|  |TAMS 0x0000000089700000| PB 0x0000000089700000| Untracked |  0
| 112|0x0000000089800000, 0x0000000089800000, 0x0000000089900000|  0%| F|  |TAMS 0x0000000089800000| PB 0x0000000089800000| Untracked |  0
| 113|0x0000000089900000, 0x0000000089900000, 0x0000000089a00000|  0%| F|  |TAMS 0x0000000089900000| PB 0x0000000089900000| Untracked |  0
| 114|0x0000000089a00000, 0x0000000089a00000, 0x0000000089b00000|  0%| F|  |TAMS 0x0000000089a00000| PB 0x0000000089a00000| Untracked |  0
| 115|0x0000000089b00000, 0x0000000089b00000, 0x0000000089c00000|  0%| F|  |TAMS 0x0000000089b00000| PB 0x0000000089b00000| Untracked |  0
| 116|0x0000000089c00000, 0x0000000089c00000, 0x0000000089d00000|  0%| F|  |TAMS 0x0000000089c00000| PB 0x0000000089c00000| Untracked |  0
| 117|0x0000000089d00000, 0x0000000089d00000, 0x0000000089e00000|  0%| F|  |TAMS 0x0000000089d00000| PB 0x0000000089d00000| Untracked |  0
| 118|0x0000000089e00000, 0x0000000089e00000, 0x0000000089f00000|  0%| F|  |TAMS 0x0000000089e00000| PB 0x0000000089e00000| Untracked |  0
| 119|0x0000000089f00000, 0x0000000089f00000, 0x000000008a000000|  0%| F|  |TAMS 0x0000000089f00000| PB 0x0000000089f00000| Untracked |  0
| 120|0x000000008a000000, 0x000000008a000000, 0x000000008a100000|  0%| F|  |TAMS 0x000000008a000000| PB 0x000000008a000000| Untracked |  0
| 121|0x000000008a100000, 0x000000008a100000, 0x000000008a200000|  0%| F|  |TAMS 0x000000008a100000| PB 0x000000008a100000| Untracked |  0
| 122|0x000000008a200000, 0x000000008a200000, 0x000000008a300000|  0%| F|  |TAMS 0x000000008a200000| PB 0x000000008a200000| Untracked |  0
| 123|0x000000008a300000, 0x000000008a300000, 0x000000008a400000|  0%| F|  |TAMS 0x000000008a300000| PB 0x000000008a300000| Untracked |  0
| 124|0x000000008a400000, 0x000000008a400000, 0x000000008a500000|  0%| F|  |TAMS 0x000000008a400000| PB 0x000000008a400000| Untracked |  0
| 125|0x000000008a500000, 0x000000008a500000, 0x000000008a600000|  0%| F|  |TAMS 0x000000008a500000| PB 0x000000008a500000| Untracked |  0
| 126|0x000000008a600000, 0x000000008a600000, 0x000000008a700000|  0%| F|  |TAMS 0x000000008a600000| PB 0x000000008a600000| Untracked |  0
| 127|0x000000008a700000, 0x000000008a700000, 0x000000008a800000|  0%| F|  |TAMS 0x000000008a700000| PB 0x000000008a700000| Untracked |  0
| 128|0x000000008a800000, 0x000000008a800000, 0x000000008a900000|  0%| F|  |TAMS 0x000000008a800000| PB 0x000000008a800000| Untracked |  0
| 129|0x000000008a900000, 0x000000008a900000, 0x000000008aa00000|  0%| F|  |TAMS 0x000000008a900000| PB 0x000000008a900000| Untracked |  0
| 130|0x000000008aa00000, 0x000000008aa00000, 0x000000008ab00000|  0%| F|  |TAMS 0x000000008aa00000| PB 0x000000008aa00000| Untracked |  0
| 131|0x000000008ab00000, 0x000000008ab00000, 0x000000008ac00000|  0%| F|  |TAMS 0x000000008ab00000| PB 0x000000008ab00000| Untracked |  0
| 132|0x000000008ac00000, 0x000000008ac00000, 0x000000008ad00000|  0%| F|  |TAMS 0x000000008ac00000| PB 0x000000008ac00000| Untracked |  0
| 133|0x000000008ad00000, 0x000000008ad00000, 0x000000008ae00000|  0%| F|  |TAMS 0x000000008ad00000| PB 0x000000008ad00000| Untracked |  0
| 134|0x000000008ae00000, 0x000000008ae00000, 0x000000008af00000|  0%| F|  |TAMS 0x000000008ae00000| PB 0x000000008ae00000| Untracked |  0
| 135|0x000000008af00000, 0x000000008af00000, 0x000000008b000000|  0%| F|  |TAMS 0x000000008af00000| PB 0x000000008af00000| Untracked |  0
| 136|0x000000008b000000, 0x000000008b000000, 0x000000008b100000|  0%| F|  |TAMS 0x000000008b000000| PB 0x000000008b000000| Untracked |  0
| 137|0x000000008b100000, 0x000000008b100000, 0x000000008b200000|  0%| F|  |TAMS 0x000000008b100000| PB 0x000000008b100000| Untracked |  0
| 138|0x000000008b200000, 0x000000008b200000, 0x000000008b300000|  0%| F|  |TAMS 0x000000008b200000| PB 0x000000008b200000| Untracked |  0
| 139|0x000000008b300000, 0x000000008b300000, 0x000000008b400000|  0%| F|  |TAMS 0x000000008b300000| PB 0x000000008b300000| Untracked |  0
| 140|0x000000008b400000, 0x000000008b400000, 0x000000008b500000|  0%| F|  |TAMS 0x000000008b400000| PB 0x000000008b400000| Untracked |  0
| 141|0x000000008b500000, 0x000000008b500000, 0x000000008b600000|  0%| F|  |TAMS 0x000000008b500000| PB 0x000000008b500000| Untracked |  0
| 254|0x0000000092600000, 0x0000000092600000, 0x0000000092700000|  0%| F|  |TAMS 0x0000000092600000| PB 0x0000000092600000| Untracked |  0
| 255|0x0000000092700000, 0x0000000092700000, 0x0000000092800000|  0%| F|  |TAMS 0x0000000092700000| PB 0x0000000092700000| Untracked |  0
| 256|0x0000000092800000, 0x0000000092800000, 0x0000000092900000|  0%| F|  |TAMS 0x0000000092800000| PB 0x0000000092800000| Untracked |  0
| 257|0x0000000092900000, 0x0000000092900000, 0x0000000092a00000|  0%| F|  |TAMS 0x0000000092900000| PB 0x0000000092900000| Untracked |  0
| 258|0x0000000092a00000, 0x0000000092a00000, 0x0000000092b00000|  0%| F|  |TAMS 0x0000000092a00000| PB 0x0000000092a00000| Untracked |  0

Card table byte_map: [0x000002d4b5470000,0x000002d4b5860000] _byte_map_base: 0x000002d4b505c000

Marking Bits: (CMBitMap*) 0x000002d4a9c93d50
 Bits: [0x000002d4b5860000, 0x000002d4b77c0000)

Polling page: 0x000002d4a7b90000

Metaspace:

Usage:
  Non-class:     73.66 MB used.
      Class:     12.17 MB used.
       Both:     85.83 MB used.

Virtual space:
  Non-class space:      128.00 MB reserved,      74.19 MB ( 58%) committed,  2 nodes.
      Class space:        1.00 GB reserved,      12.56 MB (  1%) committed,  1 nodes.
             Both:        1.12 GB reserved,      86.75 MB (  8%) committed. 

Chunk freelists:
   Non-Class:  5.94 MB
       Class:  3.53 MB
        Both:  9.47 MB

MaxMetaspaceSize: unlimited
CompressedClassSpaceSize: 1.00 GB
Initial GC threshold: 21.00 MB
Current GC threshold: 144.62 MB
CDS: on
 - commit_granule_bytes: 65536.
 - commit_granule_words: 8192.
 - virtual_space_node_default_size: 8388608.
 - enlarge_chunks_in_place: 1.
 - use_allocation_guard: 0.


Internal statistics:

num_allocs_failed_limit: 9.
num_arena_births: 1946.
num_arena_deaths: 898.
num_vsnodes_births: 3.
num_vsnodes_deaths: 0.
num_space_committed: 1388.
num_space_uncommitted: 0.
num_chunks_returned_to_freelist: 993.
num_chunks_taken_from_freelist: 5320.
num_chunk_merges: 202.
num_chunk_splits: 3503.
num_chunks_enlarged: 2754.
num_inconsistent_stats: 0.

CodeCache: size=49152Kb used=8906Kb max_used=25072Kb free=40245Kb
 bounds [0x000002d4b1f70000, 0x000002d4b3880000, 0x000002d4b4f70000]
 total_blobs=4382 nmethods=3549 adapters=754
 compilation: enabled
              stopped_count=0, restarted_count=0
 full_count=0

Compilation events (20 events):
Event: 2302.970 Thread 0x000002d4ba25b020 nmethod 21141 0x000002d4b2556110 code [0x000002d4b2556300, 0x000002d4b25566b0]
Event: 2302.972 Thread 0x000002d480ef8cc0 nmethod 21143 0x000002d4b2515590 code [0x000002d4b25159a0, 0x000002d4b2516e98]
Event: 2302.990 Thread 0x000002d4819d4020 21144       1       java.lang.invoke.MethodType::equals (31 bytes)
Event: 2302.991 Thread 0x000002d480ef8cc0 21145       1       java.lang.invoke.InvokerBytecodeGenerator::emitStoreInsn (21 bytes)
Event: 2302.991 Thread 0x000002d4819d4020 nmethod 21144 0x000002d4b2171510 code [0x000002d4b21716a0, 0x000002d4b21717b8]
Event: 2302.991 Thread 0x000002d4ba25b020 21146       1       jdk.internal.org.objectweb.asm.Frame::push (109 bytes)
Event: 2302.991 Thread 0x000002d480ef8cc0 nmethod 21145 0x000002d4b218e890 code [0x000002d4b218ea40, 0x000002d4b218eba0]
Event: 2302.991 Thread 0x000002d4ba25b020 nmethod 21146 0x000002d4b228d910 code [0x000002d4b228dac0, 0x000002d4b228dea8]
Event: 2303.620 Thread 0x000002d4819d4020 21147       1       org.apache.coyote.AsyncStateMachine::isAsync (8 bytes)
Event: 2303.620 Thread 0x000002d488a85080 21148       1       org.apache.coyote.AsyncStateMachine$AsyncState::isAsync (5 bytes)
Event: 2303.620 Thread 0x000002d4ba25b020 21149       1       org.apache.tomcat.util.net.SocketWrapperBase::getEndpoint (5 bytes)
Event: 2303.621 Thread 0x000002d488a85080 nmethod 21148 0x000002d4b224dd10 code [0x000002d4b224dea0, 0x000002d4b224df70]
Event: 2303.621 Thread 0x000002d4819d4020 nmethod 21147 0x000002d4b2250390 code [0x000002d4b2250520, 0x000002d4b22505f8]
Event: 2303.621 Thread 0x000002d4ba25b020 nmethod 21149 0x000002d4b2251c10 code [0x000002d4b2251da0, 0x000002d4b2251e68]
Event: 2303.621 Thread 0x000002d488a85080 21150       1       java.util.concurrent.locks.AbstractQueuedSynchronizer$ConditionObject::signalAll (34 bytes)
Event: 2303.621 Thread 0x000002d488a85080 nmethod 21150 0x000002d4b22c3290 code [0x000002d4b22c3440, 0x000002d4b22c3620]
Event: 2304.081 Thread 0x000002d488a85080 21151   !   1       java.nio.channels.spi.AbstractSelectableChannel::isRegistered (27 bytes)
Event: 2304.081 Thread 0x000002d488a85080 nmethod 21151 0x000002d4b21b2590 code [0x000002d4b21b2720, 0x000002d4b21b28e0]
Event: 2304.304 Thread 0x000002d4ba25b020 21152       1       org.springframework.web.util.pattern.PathPattern$PathMatchInfo::getUriVariables (5 bytes)
Event: 2304.304 Thread 0x000002d4ba25b020 nmethod 21152 0x000002d4b2252990 code [0x000002d4b2252b20, 0x000002d4b2252be8]

GC Heap History (20 events):
Event: 2299.290 GC heap after
{Heap after GC invocations=222 (full 2):
 garbage-first heap   total reserved 2056192K, committed 157696K, used 44920K [0x0000000082800000, 0x0000000100000000)
  region size 1024K, 2 young (2048K), 2 survivors (2048K)
 Metaspace       used 87882K, committed 88832K, reserved 1179648K
  class space    used 12459K, committed 12864K, reserved 1048576K
}
Event: 2299.340 GC heap before
{Heap before GC invocations=223 (full 2):
 garbage-first heap   total reserved 2056192K, committed 157696K, used 136056K [0x0000000082800000, 0x0000000100000000)
  region size 1024K, 92 young (94208K), 2 survivors (2048K)
 Metaspace       used 87882K, committed 88832K, reserved 1179648K
  class space    used 12459K, committed 12864K, reserved 1048576K
}
Event: 2299.342 GC heap after
{Heap after GC invocations=224 (full 2):
 garbage-first heap   total reserved 2056192K, committed 265216K, used 44906K [0x0000000082800000, 0x0000000100000000)
  region size 1024K, 2 young (2048K), 2 survivors (2048K)
 Metaspace       used 87882K, committed 88832K, reserved 1179648K
  class space    used 12459K, committed 12864K, reserved 1048576K
}
Event: 2299.425 GC heap before
{Heap before GC invocations=224 (full 2):
 garbage-first heap   total reserved 2056192K, committed 265216K, used 200554K [0x0000000082800000, 0x0000000100000000)
  region size 1024K, 155 young (158720K), 2 survivors (2048K)
 Metaspace       used 87882K, committed 88832K, reserved 1179648K
  class space    used 12459K, committed 12864K, reserved 1048576K
}
Event: 2299.427 GC heap after
{Heap after GC invocations=225 (full 2):
 garbage-first heap   total reserved 2056192K, committed 265216K, used 44820K [0x0000000082800000, 0x0000000100000000)
  region size 1024K, 2 young (2048K), 2 survivors (2048K)
 Metaspace       used 87882K, committed 88832K, reserved 1179648K
  class space    used 12459K, committed 12864K, reserved 1048576K
}
Event: 2299.634 GC heap before
{Heap before GC invocations=225 (full 2):
 garbage-first heap   total reserved 2056192K, committed 265216K, used 203540K [0x0000000082800000, 0x0000000100000000)
  region size 1024K, 155 young (158720K), 2 survivors (2048K)
 Metaspace       used 87882K, committed 88832K, reserved 1179648K
  class space    used 12459K, committed 12864K, reserved 1048576K
}
Event: 2299.637 GC heap after
{Heap after GC invocations=226 (full 2):
 garbage-first heap   total reserved 2056192K, committed 265216K, used 44102K [0x0000000082800000, 0x0000000100000000)
  region size 1024K, 1 young (1024K), 1 survivors (1024K)
 Metaspace       used 87882K, committed 88832K, reserved 1179648K
  class space    used 12459K, committed 12864K, reserved 1048576K
}
Event: 2299.833 GC heap before
{Heap before GC invocations=226 (full 2):
 garbage-first heap   total reserved 2056192K, committed 265216K, used 200774K [0x0000000082800000, 0x0000000100000000)
  region size 1024K, 155 young (158720K), 1 survivors (1024K)
 Metaspace       used 87882K, committed 88832K, reserved 1179648K
  class space    used 12459K, committed 12864K, reserved 1048576K
}
Event: 2299.835 GC heap after
{Heap after GC invocations=227 (full 2):
 garbage-first heap   total reserved 2056192K, committed 265216K, used 44104K [0x0000000082800000, 0x0000000100000000)
  region size 1024K, 1 young (1024K), 1 survivors (1024K)
 Metaspace       used 87882K, committed 88832K, reserved 1179648K
  class space    used 12459K, committed 12864K, reserved 1048576K
}
Event: 2299.979 GC heap before
{Heap before GC invocations=228 (full 2):
 garbage-first heap   total reserved 2056192K, committed 150528K, used 132168K [0x0000000082800000, 0x0000000100000000)
  region size 1024K, 88 young (90112K), 1 survivors (1024K)
 Metaspace       used 87882K, committed 88832K, reserved 1179648K
  class space    used 12459K, committed 12864K, reserved 1048576K
}
Event: 2299.981 GC heap after
{Heap after GC invocations=229 (full 2):
 garbage-first heap   total reserved 2056192K, committed 150528K, used 44086K [0x0000000082800000, 0x0000000100000000)
  region size 1024K, 1 young (1024K), 1 survivors (1024K)
 Metaspace       used 87882K, committed 88832K, reserved 1179648K
  class space    used 12459K, committed 12864K, reserved 1048576K
}
Event: 2301.261 GC heap before
{Heap before GC invocations=229 (full 2):
 garbage-first heap   total reserved 2056192K, committed 150528K, used 134198K [0x0000000082800000, 0x0000000100000000)
  region size 1024K, 88 young (90112K), 1 survivors (1024K)
 Metaspace       used 87883K, committed 88832K, reserved 1179648K
  class space    used 12459K, committed 12864K, reserved 1048576K
}
Event: 2301.264 GC heap after
{Heap after GC invocations=230 (full 2):
 garbage-first heap   total reserved 2056192K, committed 150528K, used 42746K [0x0000000082800000, 0x0000000100000000)
  region size 1024K, 1 young (1024K), 1 survivors (1024K)
 Metaspace       used 87883K, committed 88832K, reserved 1179648K
  class space    used 12459K, committed 12864K, reserved 1048576K
}
Event: 2304.222 GC heap before
{Heap before GC invocations=230 (full 2):
 garbage-first heap   total reserved 2056192K, committed 150528K, used 130810K [0x0000000082800000, 0x0000000100000000)
  region size 1024K, 88 young (90112K), 1 survivors (1024K)
 Metaspace       used 87892K, committed 88832K, reserved 1179648K
  class space    used 12462K, committed 12864K, reserved 1048576K
}
Event: 2304.225 GC heap after
{Heap after GC invocations=231 (full 2):
 garbage-first heap   total reserved 2056192K, committed 150528K, used 43264K [0x0000000082800000, 0x0000000100000000)
  region size 1024K, 1 young (1024K), 1 survivors (1024K)
 Metaspace       used 87892K, committed 88832K, reserved 1179648K
  class space    used 12462K, committed 12864K, reserved 1048576K
}
Event: 2304.349 GC heap before
{Heap before GC invocations=232 (full 2):
 garbage-first heap   total reserved 2056192K, committed 150528K, used 131328K [0x0000000082800000, 0x0000000100000000)
  region size 1024K, 88 young (90112K), 1 survivors (1024K)
 Metaspace       used 87892K, committed 88832K, reserved 1179648K
  class space    used 12462K, committed 12864K, reserved 1048576K
}
Event: 2304.351 GC heap after
{Heap after GC invocations=233 (full 2):
 garbage-first heap   total reserved 2056192K, committed 150528K, used 43209K [0x0000000082800000, 0x0000000100000000)
  region size 1024K, 1 young (1024K), 1 survivors (1024K)
 Metaspace       used 87892K, committed 88832K, reserved 1179648K
  class space    used 12462K, committed 12864K, reserved 1048576K
}
Event: 2304.430 GC heap before
{Heap before GC invocations=233 (full 2):
 garbage-first heap   total reserved 2056192K, committed 150528K, used 131273K [0x0000000082800000, 0x0000000100000000)
  region size 1024K, 88 young (90112K), 1 survivors (1024K)
 Metaspace       used 87892K, committed 88832K, reserved 1179648K
  class space    used 12462K, committed 12864K, reserved 1048576K
}
Event: 2304.432 GC heap after
{Heap after GC invocations=234 (full 2):
 garbage-first heap   total reserved 2056192K, committed 150528K, used 42924K [0x0000000082800000, 0x0000000100000000)
  region size 1024K, 1 young (1024K), 1 survivors (1024K)
 Metaspace       used 87892K, committed 88832K, reserved 1179648K
  class space    used 12462K, committed 12864K, reserved 1048576K
}
Event: 2304.491 GC heap before
{Heap before GC invocations=234 (full 2):
 garbage-first heap   total reserved 2056192K, committed 150528K, used 113580K [0x0000000082800000, 0x0000000100000000)
  region size 1024K, 72 young (73728K), 1 survivors (1024K)
 Metaspace       used 87892K, committed 88832K, reserved 1179648K
  class space    used 12462K, committed 12864K, reserved 1048576K
}

Dll operation events (10 events):
Event: 0.012 Loaded shared library C:\Program Files\Java\jdk-22\bin\java.dll
Event: 0.158 Loaded shared library C:\Program Files\Java\jdk-22\bin\jimage.dll
Event: 0.163 Loaded shared library C:\Program Files\Java\jdk-22\bin\net.dll
Event: 0.165 Loaded shared library C:\Program Files\Java\jdk-22\bin\nio.dll
Event: 0.167 Loaded shared library C:\Program Files\Java\jdk-22\bin\zip.dll
Event: 0.249 Loaded shared library C:\Program Files\Java\jdk-22\bin\management.dll
Event: 0.261 Loaded shared library C:\Program Files\Java\jdk-22\bin\management_ext.dll
Event: 0.516 Loaded shared library C:\Program Files\Java\jdk-22\bin\extnet.dll
Event: 1.846 Loaded shared library C:\Program Files\Java\jdk-22\bin\sunmscapi.dll
Event: 4.271 Loaded shared library C:\Program Files\Java\jdk-22\bin\verify.dll

Deoptimization events (6 events):
Event: 6.321 Thread 0x000002d4baf452c0 DEOPT PACKING pc=0x000002d4b25c72b9 sp=0x000000dea08fbc60
Event: 6.321 Thread 0x000002d4baf452c0 DEOPT UNPACKING pc=0x000002d4b1fc4e42 sp=0x000000dea08fb168 mode 3
Event: 6.416 Thread 0x000002d4baf452c0 DEOPT PACKING pc=0x000002d4b2a1ffac sp=0x000000dea08fc0d0
Event: 6.416 Thread 0x000002d4baf452c0 DEOPT UNPACKING pc=0x000002d4b1fc4e42 sp=0x000000dea08fb628 mode 0
Event: 775.198 Thread 0x000002d4ba3f3f00 DEOPT PACKING pc=0x000002d4b2582314 sp=0x000000de9f8fee90
Event: 775.198 Thread 0x000002d4ba3f3f00 DEOPT UNPACKING pc=0x000002d4b1fc4e42 sp=0x000000de9f8fe3d8 mode 0

Classes loaded (20 events):
Event: 771.070 Loading class java/io/PushbackInputStream
Event: 771.070 Loading class java/io/PushbackInputStream done
Event: 771.111 Loading class java/text/Collator
Event: 771.111 Loading class java/text/Collator done
Event: 771.257 Loading class java/util/concurrent/locks/ReentrantLock$FairSync
Event: 771.257 Loading class java/util/concurrent/locks/ReentrantLock$FairSync done
Event: 771.310 Loading class java/util/concurrent/atomic/AtomicLongFieldUpdater
Event: 771.311 Loading class java/util/concurrent/atomic/AtomicLongFieldUpdater done
Event: 771.311 Loading class java/util/concurrent/atomic/AtomicLongFieldUpdater$CASUpdater
Event: 771.312 Loading class java/util/concurrent/atomic/AtomicLongFieldUpdater$CASUpdater done
Event: 771.312 Loading class java/util/concurrent/atomic/AtomicLongFieldUpdater$CASUpdater$1
Event: 771.312 Loading class java/util/concurrent/atomic/AtomicLongFieldUpdater$CASUpdater$1 done
Event: 772.001 Loading class java/io/InvalidClassException
Event: 772.002 Loading class java/io/InvalidClassException done
Event: 772.781 Loading class java/io/PipedOutputStream
Event: 772.781 Loading class java/io/PipedOutputStream done
Event: 781.605 Loading class java/time/DurationEditor
Event: 781.605 Loading class java/time/DurationEditor done
Event: 2282.752 Loading class java/time/DurationEditor
Event: 2282.753 Loading class java/time/DurationEditor done

Classes unloaded (20 events):
Event: 2297.001 Thread 0x000002d4ba1fc5d0 Unloading class 0x000002d4bcbee000 'java/lang/invoke/LambdaForm$MH+0x000002d4bcbee000'
Event: 2297.001 Thread 0x000002d4ba1fc5d0 Unloading class 0x000002d4bcbedc00 'java/lang/invoke/LambdaForm$MH+0x000002d4bcbedc00'
Event: 2297.001 Thread 0x000002d4ba1fc5d0 Unloading class 0x000002d4bcbec800 'java/lang/invoke/LambdaForm$MH+0x000002d4bcbec800'
Event: 2297.001 Thread 0x000002d4ba1fc5d0 Unloading class 0x000002d4bc9cc800 'java/lang/invoke/LambdaForm$MH+0x000002d4bc9cc800'
Event: 2297.001 Thread 0x000002d4ba1fc5d0 Unloading class 0x000002d4bc190400 'java/lang/invoke/LambdaForm$MH+0x000002d4bc190400'
Event: 2297.001 Thread 0x000002d4ba1fc5d0 Unloading class 0x000002d4bc37c000 'java/lang/invoke/LambdaForm$MH+0x000002d4bc37c000'
Event: 2297.001 Thread 0x000002d4ba1fc5d0 Unloading class 0x000002d4bc3e0000 'java/lang/invoke/LambdaForm$MH+0x000002d4bc3e0000'
Event: 2297.001 Thread 0x000002d4ba1fc5d0 Unloading class 0x000002d4bc3e1800 'java/lang/invoke/LambdaForm$MH+0x000002d4bc3e1800'
Event: 2297.001 Thread 0x000002d4ba1fc5d0 Unloading class 0x000002d4bc3f0000 'java/lang/invoke/LambdaForm$MH+0x000002d4bc3f0000'
Event: 2297.001 Thread 0x000002d4ba1fc5d0 Unloading class 0x000002d4bc410c00 'java/lang/invoke/LambdaForm$MH+0x000002d4bc410c00'
Event: 2297.001 Thread 0x000002d4ba1fc5d0 Unloading class 0x000002d4bc416000 'java/lang/invoke/LambdaForm$MH+0x000002d4bc416000'
Event: 2297.001 Thread 0x000002d4ba1fc5d0 Unloading class 0x000002d4bc417000 'java/lang/invoke/LambdaForm$MH+0x000002d4bc417000'
Event: 2297.001 Thread 0x000002d4ba1fc5d0 Unloading class 0x000002d4bc419000 'java/lang/invoke/LambdaForm$MH+0x000002d4bc419000'
Event: 2297.001 Thread 0x000002d4ba1fc5d0 Unloading class 0x000002d4bc43d400 'java/lang/invoke/LambdaForm$MH+0x000002d4bc43d400'
Event: 2297.001 Thread 0x000002d4ba1fc5d0 Unloading class 0x000002d4bc486000 'java/lang/invoke/LambdaForm$MH+0x000002d4bc486000'
Event: 2297.001 Thread 0x000002d4ba1fc5d0 Unloading class 0x000002d4bc4ce800 'java/lang/invoke/LambdaForm$MH+0x000002d4bc4ce800'
Event: 2297.001 Thread 0x000002d4ba1fc5d0 Unloading class 0x000002d4bc4d5000 'java/lang/invoke/LambdaForm$MH+0x000002d4bc4d5000'
Event: 2297.001 Thread 0x000002d4ba1fc5d0 Unloading class 0x000002d4bc511000 'java/lang/invoke/LambdaForm$MH+0x000002d4bc511000'
Event: 2297.001 Thread 0x000002d4ba1fc5d0 Unloading class 0x000002d4bc9ec800 'java/lang/invoke/LambdaForm$MH+0x000002d4bc9ec800'
Event: 2297.001 Thread 0x000002d4ba1fc5d0 Unloading class 0x000002d4bc9f4800 'java/lang/invoke/LambdaForm$MH+0x000002d4bc9f4800'

Classes redefined (0 events):
No events

Internal exceptions (20 events):
Event: 2304.480 Thread 0x000002d482d90780 Exception <a 'java/io/IOException'{0x00000000886e8240}> (0x00000000886e8240) 
thrown [s\open\src\hotspot\share\prims\jni.cpp, line 520]
Event: 2304.480 Thread 0x000002d482d90780 Exception <a 'java/io/IOException'{0x00000000886eb058}> (0x00000000886eb058) 
thrown [s\open\src\hotspot\share\prims\jni.cpp, line 520]
Event: 2304.481 Thread 0x000002d482d90780 Exception <a 'java/io/IOException'{0x000000008846fe60}> (0x000000008846fe60) 
thrown [s\open\src\hotspot\share\prims\jni.cpp, line 520]
Event: 2304.481 Thread 0x000002d482d90780 Exception <a 'java/io/IOException'{0x0000000088472718}> (0x0000000088472718) 
thrown [s\open\src\hotspot\share\prims\jni.cpp, line 520]
Event: 2304.482 Thread 0x000002d482d90780 Exception <a 'java/io/IOException'{0x00000000882753f8}> (0x00000000882753f8) 
thrown [s\open\src\hotspot\share\prims\jni.cpp, line 520]
Event: 2304.482 Thread 0x000002d482d90780 Exception <a 'java/io/IOException'{0x0000000088277750}> (0x0000000088277750) 
thrown [s\open\src\hotspot\share\prims\jni.cpp, line 520]
Event: 2304.483 Thread 0x000002d482d90780 Exception <a 'java/io/IOException'{0x00000000881f7a30}> (0x00000000881f7a30) 
thrown [s\open\src\hotspot\share\prims\jni.cpp, line 520]
Event: 2304.483 Thread 0x000002d482d90780 Exception <a 'java/io/IOException'{0x00000000881f9ad8}> (0x00000000881f9ad8) 
thrown [s\open\src\hotspot\share\prims\jni.cpp, line 520]
Event: 2304.484 Thread 0x000002d482d90780 Exception <a 'java/io/IOException'{0x0000000087ff7ce8}> (0x0000000087ff7ce8) 
thrown [s\open\src\hotspot\share\prims\jni.cpp, line 520]
Event: 2304.484 Thread 0x000002d482d90780 Exception <a 'java/io/IOException'{0x0000000087ff9830}> (0x0000000087ff9830) 
thrown [s\open\src\hotspot\share\prims\jni.cpp, line 520]
Event: 2304.485 Thread 0x000002d482d90780 Exception <a 'java/io/IOException'{0x0000000087d75580}> (0x0000000087d75580) 
thrown [s\open\src\hotspot\share\prims\jni.cpp, line 520]
Event: 2304.485 Thread 0x000002d482d90780 Exception <a 'java/io/IOException'{0x0000000087d76b68}> (0x0000000087d76b68) 
thrown [s\open\src\hotspot\share\prims\jni.cpp, line 520]
Event: 2304.487 Thread 0x000002d482d90780 Exception <a 'java/io/IOException'{0x0000000087b70440}> (0x0000000087b70440) 
thrown [s\open\src\hotspot\share\prims\jni.cpp, line 520]
Event: 2304.487 Thread 0x000002d482d90780 Exception <a 'java/io/IOException'{0x0000000087b71778}> (0x0000000087b71778) 
thrown [s\open\src\hotspot\share\prims\jni.cpp, line 520]
Event: 2304.488 Thread 0x000002d482d90780 Exception <a 'java/io/IOException'{0x0000000087ae8d28}> (0x0000000087ae8d28) 
thrown [s\open\src\hotspot\share\prims\jni.cpp, line 520]
Event: 2304.488 Thread 0x000002d482d90780 Exception <a 'java/io/IOException'{0x0000000087ae9b00}> (0x0000000087ae9b00) 
thrown [s\open\src\hotspot\share\prims\jni.cpp, line 520]
Event: 2304.489 Thread 0x000002d482d90780 Exception <a 'java/io/IOException'{0x00000000878dec88}> (0x00000000878dec88) 
thrown [s\open\src\hotspot\share\prims\jni.cpp, line 520]
Event: 2304.489 Thread 0x000002d482d90780 Exception <a 'java/io/IOException'{0x00000000878df7b0}> (0x00000000878df7b0) 
thrown [s\open\src\hotspot\share\prims\jni.cpp, line 520]
Event: 2304.490 Thread 0x000002d482d90780 Exception <a 'java/io/IOException'{0x00000000876927b8}> (0x00000000876927b8) 
thrown [s\open\src\hotspot\share\prims\jni.cpp, line 520]
Event: 2304.490 Thread 0x000002d482d90780 Exception <a 'java/io/IOException'{0x0000000087692d80}> (0x0000000087692d80) 
thrown [s\open\src\hotspot\share\prims\jni.cpp, line 520]

ZGC Phase Switch (0 events):
No events

VM Operations (20 events):
Event: 2299.889 Executing VM operation: G1PauseRemark done
Event: 2299.908 Executing VM operation: G1PauseCleanup
Event: 2299.908 Executing VM operation: G1PauseCleanup done
Event: 2299.979 Executing VM operation: G1CollectForAllocation (G1 Evacuation Pause)
Event: 2299.981 Executing VM operation: G1CollectForAllocation (G1 Evacuation Pause) done
Event: 2301.261 Executing VM operation: G1CollectForAllocation (G1 Evacuation Pause)
Event: 2301.264 Executing VM operation: G1CollectForAllocation (G1 Evacuation Pause) done
Event: 2302.278 Executing VM operation: Cleanup
Event: 2302.278 Executing VM operation: Cleanup done
Event: 2304.222 Executing VM operation: G1CollectForAllocation (G1 Evacuation Pause)
Event: 2304.225 Executing VM operation: G1CollectForAllocation (G1 Evacuation Pause) done
Event: 2304.258 Executing VM operation: G1PauseRemark
Event: 2304.265 Executing VM operation: G1PauseRemark done
Event: 2304.280 Executing VM operation: G1PauseCleanup
Event: 2304.280 Executing VM operation: G1PauseCleanup done
Event: 2304.349 Executing VM operation: G1CollectForAllocation (G1 Evacuation Pause)
Event: 2304.351 Executing VM operation: G1CollectForAllocation (G1 Evacuation Pause) done
Event: 2304.430 Executing VM operation: G1CollectForAllocation (G1 Evacuation Pause)
Event: 2304.432 Executing VM operation: G1CollectForAllocation (G1 Evacuation Pause) done
Event: 2304.491 Executing VM operation: G1TryInitiateConcMark (G1 Humongous Allocation)

Events (20 events):
Event: 2299.887 Thread 0x000002d4ba1fc5d0 flushing nmethod 0x000002d4b35ff910
Event: 2299.887 Thread 0x000002d4ba1fc5d0 flushing nmethod 0x000002d4b3600110
Event: 2299.887 Thread 0x000002d4ba1fc5d0 flushing nmethod 0x000002d4b3600490
Event: 2299.887 Thread 0x000002d4ba1fc5d0 flushing nmethod 0x000002d4b3600c10
Event: 2299.887 Thread 0x000002d4ba1fc5d0 flushing nmethod 0x000002d4b3632b90
Event: 2299.887 Thread 0x000002d4ba1fc5d0 flushing nmethod 0x000002d4b3632e90
Event: 2299.887 Thread 0x000002d4ba1fc5d0 flushing nmethod 0x000002d4b3633190
Event: 2299.887 Thread 0x000002d4ba1fc5d0 flushing nmethod 0x000002d4b3633490
Event: 2299.887 Thread 0x000002d4ba1fc5d0 flushing nmethod 0x000002d4b3633790
Event: 2299.887 Thread 0x000002d4ba1fc5d0 flushing nmethod 0x000002d4b3633a90
Event: 2299.887 Thread 0x000002d4ba1fc5d0 flushing nmethod 0x000002d4b3744e10
Event: 2299.887 Thread 0x000002d4ba1fc5d0 flushing nmethod 0x000002d4b3745190
Event: 2299.887 Thread 0x000002d4ba1fc5d0 flushing nmethod 0x000002d4b3746790
Event: 2299.887 Thread 0x000002d4ba1fc5d0 flushing nmethod 0x000002d4b3747710
Event: 2299.887 Thread 0x000002d4ba1fc5d0 flushing nmethod 0x000002d4b3747a10
Event: 2301.185 Thread 0x000002d488a85080 Thread added: 0x000002d488a85080
Event: 2301.185 Thread 0x000002d480ef8cc0 Thread added: 0x000002d480ef8cc0
Event: 2301.186 Thread 0x000002d4819d4020 Thread added: 0x000002d4819d4020
Event: 2304.304 Thread 0x000002d4819d4020 Thread exited: 0x000002d4819d4020
Event: 2304.304 Thread 0x000002d480ef8cc0 Thread exited: 0x000002d480ef8cc0


Dynamic libraries:
0x00007ff6757d0000 - 0x00007ff6757e0000 	C:\Program Files\Java\jdk-22\bin\javaw.exe
0x00007ffb91560000 - 0x00007ffb917c3000 	C:\WINDOWS\SYSTEM32\ntdll.dll
0x00007ffb8fb00000 - 0x00007ffb8fbc8000 	C:\WINDOWS\System32\KERNEL32.DLL
0x00007ffb8e960000 - 0x00007ffb8ed12000 	C:\WINDOWS\System32\KERNELBASE.dll
0x00007ffb8ef30000 - 0x00007ffb8f07b000 	C:\WINDOWS\System32\ucrtbase.dll
0x00007ffb88100000 - 0x00007ffb88117000 	C:\Program Files\Java\jdk-22\bin\jli.dll
0x00007ffb85aa0000 - 0x00007ffb85abb000 	C:\Program Files\Java\jdk-22\bin\VCRUNTIME140.dll
0x00007ffb91280000 - 0x00007ffb91334000 	C:\WINDOWS\System32\ADVAPI32.dll
0x00007ffb90fb0000 - 0x00007ffb91059000 	C:\WINDOWS\System32\msvcrt.dll
0x00007ffb8fbd0000 - 0x00007ffb8fc76000 	C:\WINDOWS\System32\sechost.dll
0x00007ffb90e60000 - 0x00007ffb90f76000 	C:\WINDOWS\System32\RPCRT4.dll
0x00007ffb91350000 - 0x00007ffb91518000 	C:\WINDOWS\System32\USER32.dll
0x00007ffb8e930000 - 0x00007ffb8e957000 	C:\WINDOWS\System32\win32u.dll
0x00007ffb78270000 - 0x00007ffb78500000 	C:\WINDOWS\WinSxS\amd64_microsoft.windows.common-controls_6595b64144ccf1df_6.0.26100.2454_none_3e0b68a2e331ad60\COMCTL32.dll
0x00007ffb90e30000 - 0x00007ffb90e5a000 	C:\WINDOWS\System32\GDI32.dll
0x00007ffb8f290000 - 0x00007ffb8f3bb000 	C:\WINDOWS\System32\gdi32full.dll
0x00007ffb8edc0000 - 0x00007ffb8ee63000 	C:\WINDOWS\System32\msvcp_win.dll
0x00007ffb891d0000 - 0x00007ffb891db000 	C:\WINDOWS\SYSTEM32\VERSION.dll
0x00007ffb90430000 - 0x00007ffb9045f000 	C:\WINDOWS\System32\IMM32.DLL
0x00007ffb896e0000 - 0x00007ffb896ec000 	C:\Program Files\Java\jdk-22\bin\vcruntime140_1.dll
0x00007ffb54bc0000 - 0x00007ffb54c4e000 	C:\Program Files\Java\jdk-22\bin\msvcp140.dll
0x00007ffb3e050000 - 0x00007ffb3ed98000 	C:\Program Files\Java\jdk-22\bin\server\jvm.dll
0x00007ffb906a0000 - 0x00007ffb90714000 	C:\WINDOWS\System32\WS2_32.dll
0x00007ffb8d5a0000 - 0x00007ffb8d5ee000 	C:\WINDOWS\SYSTEM32\POWRPROF.dll
0x00007ffb79e60000 - 0x00007ffb79e96000 	C:\WINDOWS\SYSTEM32\WINMM.dll
0x00007ffb8d580000 - 0x00007ffb8d594000 	C:\WINDOWS\SYSTEM32\UMPDC.dll
0x00007ffb8d840000 - 0x00007ffb8d85a000 	C:\WINDOWS\SYSTEM32\kernel.appcore.dll
0x00007ffb88c40000 - 0x00007ffb88c4a000 	C:\Program Files\Java\jdk-22\bin\jimage.dll
0x00007ffb8c310000 - 0x00007ffb8c551000 	C:\WINDOWS\SYSTEM32\DBGHELP.DLL
0x00007ffb8fd60000 - 0x00007ffb900de000 	C:\WINDOWS\System32\combase.dll
0x00007ffb8fc80000 - 0x00007ffb8fd56000 	C:\WINDOWS\System32\OLEAUT32.dll
0x00007ffb7bff0000 - 0x00007ffb7c029000 	C:\WINDOWS\SYSTEM32\dbgcore.DLL
0x00007ffb8ed20000 - 0x00007ffb8edb9000 	C:\WINDOWS\System32\bcryptPrimitives.dll
0x00007ffb84510000 - 0x00007ffb8452e000 	C:\Program Files\Java\jdk-22\bin\java.dll
0x00007ffb90720000 - 0x00007ffb90e20000 	C:\WINDOWS\System32\SHELL32.dll
0x00007ffb90500000 - 0x00007ffb90699000 	C:\WINDOWS\System32\ole32.dll
0x00007ffb8c640000 - 0x00007ffb8ce71000 	C:\WINDOWS\SYSTEM32\windows.storage.dll
0x00007ffb90350000 - 0x00007ffb9042a000 	C:\WINDOWS\System32\SHCORE.dll
0x00007ffb90470000 - 0x00007ffb904cd000 	C:\WINDOWS\System32\shlwapi.dll
0x00007ffb8e840000 - 0x00007ffb8e86e000 	C:\WINDOWS\SYSTEM32\profapi.dll
0x00007ffb88be0000 - 0x00007ffb88bf0000 	C:\Program Files\Java\jdk-22\bin\net.dll
0x00007ffb8dd20000 - 0x00007ffb8dd88000 	C:\WINDOWS\system32\mswsock.dll
0x00007ffb7cd30000 - 0x00007ffb7cd46000 	C:\Program Files\Java\jdk-22\bin\nio.dll
0x00007ffb7c4f0000 - 0x00007ffb7c507000 	C:\Program Files\Java\jdk-22\bin\zip.dll
0x00007ffb84700000 - 0x00007ffb8470a000 	C:\Program Files\Java\jdk-22\bin\management.dll
0x00007ffb84590000 - 0x00007ffb8459b000 	C:\Program Files\Java\jdk-22\bin\management_ext.dll
0x00007ffb911c0000 - 0x00007ffb911c8000 	C:\WINDOWS\System32\PSAPI.DLL
0x00007ffb37560000 - 0x00007ffb37578000 	C:\WINDOWS\system32\napinsp.dll
0x00007ffb8d220000 - 0x00007ffb8d345000 	C:\WINDOWS\SYSTEM32\DNSAPI.dll
0x00007ffb8d1e0000 - 0x00007ffb8d212000 	C:\WINDOWS\SYSTEM32\IPHLPAPI.DLL
0x00007ffb90340000 - 0x00007ffb9034a000 	C:\WINDOWS\System32\NSI.dll
0x00007ffb37540000 - 0x00007ffb37552000 	C:\WINDOWS\System32\winrnr.dll
0x00007ffb37580000 - 0x00007ffb375a2000 	C:\WINDOWS\system32\nlansp_c.dll
0x00007ffb5d950000 - 0x00007ffb5d966000 	C:\WINDOWS\system32\wshbth.dll
0x00007ffb817b0000 - 0x00007ffb817bb000 	C:\Windows\System32\rasadhlp.dll
0x00007ffb851e0000 - 0x00007ffb85265000 	C:\WINDOWS\System32\fwpuclnt.dll
0x00007ffb8e0d0000 - 0x00007ffb8e0ec000 	C:\WINDOWS\SYSTEM32\CRYPTSP.dll
0x00007ffb8d7a0000 - 0x00007ffb8d7d8000 	C:\WINDOWS\system32\rsaenh.dll
0x00007ffb8ddc0000 - 0x00007ffb8ddeb000 	C:\WINDOWS\SYSTEM32\USERENV.dll
0x00007ffb8e260000 - 0x00007ffb8e286000 	C:\WINDOWS\SYSTEM32\bcrypt.dll
0x00007ffb8df50000 - 0x00007ffb8df5c000 	C:\WINDOWS\SYSTEM32\CRYPTBASE.dll
0x00007ffb82110000 - 0x00007ffb82119000 	C:\Program Files\Java\jdk-22\bin\extnet.dll
0x00007ffb820e0000 - 0x00007ffb820ee000 	C:\Program Files\Java\jdk-22\bin\sunmscapi.dll
0x00007ffb8f080000 - 0x00007ffb8f1f6000 	C:\WINDOWS\System32\CRYPT32.dll
0x00007ffb8e220000 - 0x00007ffb8e250000 	C:\WINDOWS\SYSTEM32\ncrypt.dll
0x00007ffb8e1d0000 - 0x00007ffb8e20f000 	C:\WINDOWS\SYSTEM32\NTASN1.dll
0x00007ffb7cd20000 - 0x00007ffb7cd30000 	C:\Program Files\Java\jdk-22\bin\verify.dll
0x00007ffb86030000 - 0x00007ffb86038000 	C:\WINDOWS\system32\wshunix.dll

dbghelp: loaded successfully - version: 4.0.5 - missing functions: none
symbol engine: initialized successfully - sym options: 0x614 - pdb path: .;C:\Program Files\Java\jdk-22\bin;C:\WINDOWS\SYSTEM32;C:\WINDOWS\WinSxS\amd64_microsoft.windows.common-controls_6595b64144ccf1df_6.0.26100.2454_none_3e0b68a2e331ad60;C:\Program Files\Java\jdk-22\bin\server

VM Arguments:
jvm_args: -Dcom.sun.management.jmxremote -Dcom.sun.management.jmxremote.port=65363 -Dcom.sun.management.jmxremote.authenticate=false -Dcom.sun.management.jmxremote.ssl=false -Djava.rmi.server.hostname=localhost -Dspring.jmx.enabled=true -Dmanagement.endpoints.jmx.exposure.include=* -Dspring.application.admin.enabled=true -XX:TieredStopAtLevel=1 -Dspring.boot.project.name=ITProject -Dfile.encoding=UTF-8 -Dstdout.encoding=UTF-8 -Dstderr.encoding=UTF-8 -XX:+ShowCodeDetailsInExceptionMessages 
java_command: vn.project.ItProjectApplication --spring.output.ansi.enabled=always
java_class_path (initial): F:\SpringToolSuite\ITProject\target\classes;C:\Users\Admin\.m2\repository\org\springframework\boot\spring-boot-starter-data-jpa\3.3.5\spring-boot-starter-data-jpa-3.3.5.jar;C:\Users\Admin\.m2\repository\org\springframework\boot\spring-boot-starter-aop\3.3.5\spring-boot-starter-aop-3.3.5.jar;C:\Users\Admin\.m2\repository\org\aspectj\aspectjweaver\1.9.22.1\aspectjweaver-1.9.22.1.jar;C:\Users\Admin\.m2\repository\org\springframework\boot\spring-boot-starter-jdbc\3.3.5\spring-boot-starter-jdbc-3.3.5.jar;C:\Users\Admin\.m2\repository\com\zaxxer\HikariCP\5.1.0\HikariCP-5.1.0.jar;C:\Users\Admin\.m2\repository\org\springframework\spring-jdbc\6.1.14\spring-jdbc-6.1.14.jar;C:\Users\Admin\.m2\repository\org\hibernate\orm\hibernate-core\6.5.3.Final\hibernate-core-6.5.3.Final.jar;C:\Users\Admin\.m2\repository\jakarta\persistence\jakarta.persistence-api\3.1.0\jakarta.persistence-api-3.1.0.jar;C:\Users\Admin\.m2\repository\jakarta\transaction\jakarta.transaction-api\2.0.1\jakarta.transaction-api-2.0.1.jar;C:\Users\Admin\.m2\repository\org\jboss\logging\jboss-logging\3.5.3.Final\jboss-logging-3.5.3.Final.jar;C:\Users\Admin\.m2\repository\org\hibernate\common\hibernate-commons-annotations\6.0.6.Final\hibernate-commons-annotations-6.0.6.Final.jar;C:\Users\Admin\.m2\repository\io\smallrye\jandex\3.1.2\jandex-3.1.2.jar;C:\Users\Admin\.m2\repository\com\fasterxml\classmate\1.7.0\classmate-1.7.0.jar;C:\Users\Admin\.m2\repository\net\bytebuddy\byte-buddy\1.14.19\byte-buddy-1.14.19.jar;C:\Users\Admin\.m2\repository\org\glassfish\jaxb\jaxb-runtime\4.0.5\jaxb-runtime-4.0.5.jar;C:\Users\Admin\.m2\repository\org\glassfish\jaxb\jaxb-core\4.0.5\jaxb-core-4.0.5.jar;C:\Users\Admin\.m2\repository\org\glassfish\jaxb\txw2\4.0.5\txw2-4.0.5.jar;C:\Users\Admin\.m2\repository\com\sun\istack\istack-commons-runtime\4.1.2\istack-commons-runtime-4.1.2.jar;C:\Users\Admin\.m2\repository\jakarta\inject\jakarta.inject-api\2.0.1\jakarta.inject-api-2.0.1.jar;C:\Users\Admin\.m2\repository\org\antlr\antlr4-runtime\4.13.0\antlr4-runtime-4.13.0.jar;C:\Users\Admin\.m2\repository\org\springframework\data\spring-data-jpa\3.3.5\spring-data-jpa-3.3.5.jar;C:\Users\Admin\.m2\repository\org\springframework\data\spring-data-commons\3.3.5\spring-data-commons-3.3.5.jar;C:\Users\Admin\.m2\repository\org\springframework\spring-orm\6.1.14\spring-orm-6.1.14.jar;C:\Users\Admin\.m2\repository\org\springframework\spring-tx\6.1.14\spring-tx-6.1.14.jar;C:\Users\Admin\.m2\repository\jakarta\annotation\jakarta.annotation-api\2.1.1\jakarta.annotation-api-2.1.1.jar;C:\Users\Admin\.m2\repository\org\springframework\spring-aspects\6.1.14\spring-aspects-6.1.14.jar;C:\Users\Admin\.m2\repository\org\springframework\boot\spring-boot-starter-mail\3.3.5\spring-boot-starter-mail-3.3.5.jar;C:\Users\Admin\.m2\repository\org\springframework\boot\spring-boot-starter\3.3.5\spring-boot-starter-3.3.5.jar;C:\Users\Admin\.m2\repository\org\springframework\boot\spring-boot-starter-logging\3.3.5\spring-boot-starter-logging-3.3.5.jar;C:\Users\Admin\.m2\repository\ch\qos\logback\logback-classic\1.5.11\logback-classic-1.5.11.jar;C:\Users\Admin\.m2\repository\ch\qos\logback\logback-core\1.5.11\logback-core-1.5.11.jar;C:\Users\Admin\.m2\repository\org\apache\logging\log4j\log4j-to-slf4j\2.23.1\log4j-to-slf4j-2.23.1.jar;C:\Users\Admin\.m2\repository\org\apache\logging\log4j\log4j-api\2.23.1\log4j-api-2.23.1.jar;C:\Users\Admin\.m2\repository\org\slf4j\jul-to-slf4j\2.0.16\jul-to-slf4j-2.0.16.jar;C:\Users\Admin\.m2\repository\org\yaml\snakeyaml\2.2\snakeyaml-2.2.jar;C:\Users\Admin\.m2\repository\org\springframework\spring-context-support\6.1.14\spring-context-support-6.1.14.jar;C:\Users\Admin\.m2\repository\org\eclipse\angus\jakarta.mail\2.0.3\jakarta.mail-2.0.3.jar;C:\Users\Admin\.m2\repository\jakarta\activation\jakarta.activation-api\2.1.3\jakarta.activation-api-2.1.3.jar;C:\Users\Admin\.m2\repository\org\eclipse\angus\angus-activation\2.0.2\angus-activation-2.0.2.jar;C:\Users\Admin\.m2\repository\org\springframework\boot\spring-boot-starter-thymeleaf\3.3.5\spring-boot-starter-thymeleaf-3.3.5.jar;C:\Users\Admin\.m2\repository\org\thymeleaf\thymeleaf-spring6\3.1.2.RELEASE\thymeleaf-spring6-3.1.2.RELEASE.jar;C:\Users\Admin\.m2\repository\org\thymeleaf\thymeleaf\3.1.2.RELEASE\thymeleaf-3.1.2.RELEASE.jar;C:\Users\Admin\.m2\repository\org\attoparser\attoparser\2.0.7.RELEASE\attoparser-2.0.7.RELEASE.jar;C:\Users\Admin\.m2\repository\org\unbescape\unbescape\1.1.6.RELEASE\unbescape-1.1.6.RELEASE.jar;C:\Users\Admin\.m2\repository\org\springframework\boot\spring-boot-starter-validation\3.3.5\spring-boot-starter-validation-3.3.5.jar;C:\Users\Admin\.m2\repository\org\apache\tomcat\embed\tomcat-embed-el\10.1.31\tomcat-embed-el-10.1.31.jar;C:\Users\Admin\.m2\repository\org\hibernate\validator\hibernate-validator\8.0.1.Final\hibernate-validator-8.0.1.Final.jar;C:\Users\Admin\.m2\repository\jakarta\validation\jakarta.validation-api\3.0.2\jakarta.validation-api-3.0.2.jar;C:\Users\Admin\.m2\repository\org\springframework\boot\spring-boot-starter-web\3.3.5\spring-boot-starter-web-3.3.5.jar;C:\Users\Admin\.m2\repository\org\springframework\boot\spring-boot-starter-json\3.3.5\spring-boot-starter-json-3.3.5.jar;C:\Users\Admin\.m2\repository\com\fasterxml\jackson\core\jackson-databind\2.17.2\jackson-databind-2.17.2.jar;C:\Users\Admin\.m2\repository\com\fasterxml\jackson\core\jackson-annotations\2.17.2\jackson-annotations-2.17.2.jar;C:\Users\Admin\.m2\repository\com\fasterxml\jackson\core\jackson-core\2.17.2\jackson-core-2.17.2.jar;C:\Users\Admin\.m2\repository\com\fasterxml\jackson\datatype\jackson-datatype-jdk8\2.17.2\jackson-datatype-jdk8-2.17.2.jar;C:\Users\Admin\.m2\repository\com\fasterxml\jackson\datatype\jackson-datatype-jsr310\2.17.2\jackson-datatype-jsr310-2.17.2.jar;C:\Users\Admin\.m2\repository\com\fasterxml\jackson\module\jackson-module-parameter-names\2.17.2\jackson-module-parameter-names-2.17.2.jar;C:\Users\Admin\.m2\repository\org\springframework\boot\spring-boot-starter-tomcat\3.3.5\spring-boot-starter-tomcat-3.3.5.jar;C:\Users\Admin\.m2\repository\org\apache\tomcat\embed\tomcat-embed-websocket\10.1.31\tomcat-embed-websocket-10.1.31.jar;C:\Users\Admin\.m2\repository\org\springframework\spring-web\6.1.14\spring-web-6.1.14.jar;C:\Users\Admin\.m2\repository\io\micrometer\micrometer-observation\1.13.6\micrometer-observation-1.13.6.jar;C:\Users\Admin\.m2\repository\io\micrometer\micrometer-commons\1.13.6\micrometer-commons-1.13.6.jar;C:\Users\Admin\.m2\repository\org\springframework\spring-webmvc\6.1.14\spring-webmvc-6.1.14.jar;C:\Users\Admin\.m2\repository\org\springframework\boot\spring-boot-starter-websocket\3.3.5\spring-boot-starter-websocket-3.3.5.jar;C:\Users\Admin\.m2\repository\org\springframework\spring-messaging\6.1.14\spring-messaging-6.1.14.jar;C:\Users\Admin\.m2\repository\org\springframework\spring-websocket\6.1.14\spring-websocket-6.1.14.jar;C:\Users\Admin\.m2\repository\org\springframework\boot\spring-boot-devtools\3.3.5\spring-boot-devtools-3.3.5.jar;C:\Users\Admin\.m2\repository\org\springframework\boot\spring-boot\3.3.5\spring-boot-3.3.5.jar;C:\Users\Admin\.m2\repository\org\springframework\boot\spring-boot-autoconfigure\3.3.5\spring-boot-autoconfigure-3.3.5.jar;C:\Users\Admin\.m2\repository\com\h2database\h2\2.2.224\h2-2.2.224.jar;C:\Users\Admin\.m2\repository\com\microsoft\sqlserver\mssql-jdbc\12.6.4.jre11\mssql-jdbc-12.6.4.jre11.jar;C:\Users\Admin\.m2\repository\org\projectlombok\lombok\1.18.34\lombok-1.18.34.jar;C:\Users\Admin\.m2\repository\jakarta\xml\bind\jakarta.xml.bind-api\4.0.2\jakarta.xml.bind-api-4.0.2.jar;C:\Users\Admin\.m2\repository\org\springframework\spring-core\6.1.14\spring-core-6.1.14.jar;C:\Users\Admin\.m2\repository\org\springframework\spring-jcl\6.1.14\spring-jcl-6.1.14.jar;C:\Users\Admin\.m2\repository\org\glassfish\web\jakarta.servlet.jsp.jstl\3.0.1\jakarta.servlet.jsp.jstl-3.0.1.jar;C:\Users\Admin\.m2\repository\org\apache\tomcat\embed\tomcat-embed-jasper\10.1.31\tomcat-embed-jasper-10.1.31.jar;C:\Users\Admin\.m2\repository\org\apache\tomcat\embed\tomcat-embed-core\10.1.31\tomcat-embed-core-10.1.31.jar;C:\Users\Admin\.m2\repository\org\apache\tomcat\tomcat-annotations-api\10.1.31\tomcat-annotations-api-10.1.31.jar;C:\Users\Admin\.m2\repository\org\eclipse\jdt\ecj\3.33.0\ecj-3.33.0.jar;C:\Users\Admin\.m2\repository\org\thymeleaf\extras\thymeleaf-extras-springsecurity5\3.1.1.RELEASE\thymeleaf-extras-springsecurity5-3.1.1.RELEASE.jar;C:\Users\Admin\.m2\repository\org\thymeleaf\thymeleaf-spring5\3.1.1.RELEASE\thymeleaf-spring5-3.1.1.RELEASE.jar;C:\Users\Admin\.m2\repository\org\slf4j\slf4j-api\2.0.16\slf4j-api-2.0.16.jar;F:\SpringToolSuite\SpringBootSecurityJWT\target\classes;C:\Users\Admin\.m2\repository\org\thymeleaf\extras\thymeleaf-extras-springsecurity6\3.1.2.RELEASE\thymeleaf-extras-springsecurity6-3.1.2.RELEASE.jar;C:\Users\Admin\.m2\repository\org\springframework\boot\spring-boot-starter-security\3.3.5\spring-boot-starter-security-3.3.5.jar;C:\Users\Admin\.m2\repository\org\springframework\spring-aop\6.1.14\spring-aop-6.1.14.jar;C:\Users\Admin\.m2\repository\org\springframework\security\spring-security-config\6.3.4\spring-security-config-6.3.4.jar;C:\Users\Admin\.m2\repository\org\springframework\security\spring-security-web\6.3.4\spring-security-web-6.3.4.jar;C:\Users\Admin\.m2\repository\org\springframework\security\spring-security-taglibs\6.3.4\spring-security-taglibs-6.3.4.jar;C:\Users\Admin\.m2\repository\org\springframework\security\spring-security-acl\6.3.4\spring-security-acl-6.3.4.jar;C:\Users\Admin\.m2\repository\org\springframework\security\spring-security-core\6.3.4\spring-security-core-6.3.4.jar;C:\Users\Admin\.m2\repository\org\springframework\security\spring-security-crypto\6.3.4\spring-security-crypto-6.3.4.jar;C:\Users\Admin\.m2\repository\org\springframework\spring-beans\6.1.14\spring-beans-6.1.14.jar;C:\Users\Admin\.m2\repository\org\springframework\spring-context\6.1.14\spring-context-6.1.14.jar;C:\Users\Admin\.m2\repository\org\springframework\spring-expression\6.1.14\spring-expression-6.1.14.jar
Launcher Type: SUN_STANDARD

[Global flags]
     intx CICompilerCount                          = 4                                         {product} {ergonomic}
     uint ConcGCThreads                            = 2                                         {product} {ergonomic}
     uint G1ConcRefinementThreads                  = 8                                         {product} {ergonomic}
   size_t G1HeapRegionSize                         = 1048576                                   {product} {ergonomic}
   size_t InitialHeapSize                          = 132120576                                 {product} {ergonomic}
     bool ManagementServer                         = true                                      {product} {command line}
   size_t MarkStackSize                            = 4194304                                   {product} {ergonomic}
   size_t MaxHeapSize                              = 2105540608                                {product} {ergonomic}
   size_t MaxNewSize                               = 1262485504                                {product} {ergonomic}
   size_t MinHeapDeltaBytes                        = 1048576                                   {product} {ergonomic}
   size_t MinHeapSize                              = 8388608                                   {product} {ergonomic}
    uintx NonNMethodCodeHeapSize                   = 4096                                   {pd product} {ergonomic}
    uintx NonProfiledCodeHeapSize                  = 0                                      {pd product} {ergonomic}
     bool ProfileInterpreter                       = false                                  {pd product} {command line}
    uintx ProfiledCodeHeapSize                     = 0                                      {pd product} {ergonomic}
     bool ShowCodeDetailsInExceptionMessages       = true                                   {manageable} {command line}
   size_t SoftMaxHeapSize                          = 2105540608                             {manageable} {ergonomic}
     intx TieredStopAtLevel                        = 1                                         {product} {command line}
     bool UseCompressedOops                        = true                           {product lp64_product} {ergonomic}
     bool UseG1GC                                  = true                                      {product} {ergonomic}
     bool UseLargePagesIndividualAllocation        = false                                  {pd product} {ergonomic}

Logging:
Log output configuration:
 #0: stdout all=warning uptime,level,tags foldmultilines=false
 #1: stderr all=off uptime,level,tags foldmultilines=false

Environment Variables:
PATH=F:/SpringToolSuite/sts-4.24.0.RELEASE//plugins/org.eclipse.justj.openjdk.hotspot.jre.full.win32.x86_64_21.0.3.v20240426-1530/jre/bin/server;F:/SpringToolSuite/sts-4.24.0.RELEASE//plugins/org.eclipse.justj.openjdk.hotspot.jre.full.win32.x86_64_21.0.3.v20240426-1530/jre/bin;C:\Program Files\Microsoft MPI\Bin\;C:\Program Files\Common Files\Oracle\Java\javapath;C:\Program Files (x86)\Common Files\Oracle\Java\java8path;C:\Program Files (x86)\Common Files\Oracle\Java\javapath;C:\Python39\Scripts\;C:\Python39\;C:\Program Files (x86)\VMware\VMware Workstation\bin\;C:\WINDOWS\system32;C:\WINDOWS;C:\WINDOWS\System32\Wbem;C:\WINDOWS\System32\WindowsPowerShell\v1.0\;C:\WINDOWS\System32\OpenSSH\;C:\Program Files\Intel\WiFi\bin\;C:\Program Files\Common Files\Intel\WirelessCommon\;C:\Program Files\Git\cmd;C:\Program Files (x86)\Microsoft SQL Server\160\Tools\Binn\;C:\Program Files\Microsoft SQL Server\160\Tools\Binn\;C:\Program Files\Microsoft SQL Server\Client SDK\ODBC\170\Tools\Binn\;C:\Program Files\Microsoft SQL Server\160\DTS\Binn\;C:\Program Files (x86)\Microsoft SQL Server\160\DTS\Binn\;C:\Program Files\dotnet\;C:\Users\Admin\AppData\Local\Microsoft\WindowsApps;C:\Program Files\Azure Data Studio\bin;;F:\Microsoft VS Code\bin;F:\SpringToolSuite\sts-4.24.0.RELEASE;
USERNAME=Admin
OS=Windows_NT
PROCESSOR_IDENTIFIER=Intel64 Family 6 Model 142 Stepping 10, GenuineIntel
TMP=C:\Users\Admin\AppData\Local\Temp
TEMP=C:\Users\Admin\AppData\Local\Temp




Periodic native trim disabled

---------------  S Y S T E M  ---------------

OS:
 Windows 11 , 64 bit Build 26100 (10.0.26100.2454)
OS uptime: 0 days 14:07 hours
Hyper-V role detected

CPU: total 8 (initial active 8) (4 cores per cpu, 2 threads per core) family 6 model 142 stepping 10 microcode 0xe0, cx8, cmov, fxsr, ht, mmx, 3dnowpref, sse, sse2, sse3, ssse3, sse4.1, sse4.2, popcnt, lzcnt, tsc, tscinvbit, avx, avx2, aes, erms, clmul, bmi1, bmi2, rtm, adx, fma, vzeroupper, clflush, clflushopt, hv, rdtscp, f16c
Processor Information for all 8 processors :
  Max Mhz: 2112, Current Mhz: 1910, Mhz Limit: 1900

Memory: 4k page, system-wide physical 8029M (764M free)
TotalPageFile size 10077M (AvailPageFile size 12M)
current process WorkingSet (physical memory assigned to process): 342M, peak: 476M
current process commit charge ("private bytes"): 407M, peak: 551M

vm_info: Java HotSpot(TM) 64-Bit Server VM (22+36-2370) for windows-amd64 JRE (22+36-2370), built on 2024-02-15T22:15:19Z by "mach5one" with MS VC++ 17.6 (VS2022)

END.
