#
# There is insufficient memory for the Java Runtime Environment to continue.
# Native memory allocation (mmap) failed to map 87031808 bytes. Error detail: G1 virtual space
# Possible reasons:
#   The system is out of physical RAM or swap space
#   This process is running with CompressedOops enabled, and the Java Heap may be blocking the growth of the native heap
# Possible solutions:
#   Reduce memory load on the system
#   Increase physical memory or swap space
#   Check if swap backing store is full
#   Decrease Java heap size (-Xmx/-Xms)
#   Decrease number of Java threads
#   Decrease Java thread stack sizes (-Xss)
#   Set larger code cache with -XX:ReservedCodeCacheSize=
#   JVM is running with Unscaled Compressed Oops mode in which the Java heap is
#     placed in the first 4GB address space. The Java Heap base address is the
#     maximum limit for the native heap growth. Please use -XX:HeapBaseMinAddress
#     to set the Java Heap base and to place the Java Heap above 4GB virtual address.
# This output file may be truncated or incomplete.
#
#  Out of Memory Error (os_windows.cpp:3631), pid=8160, tid=12792
#
# JRE version: Java(TM) SE Runtime Environment (22.0+36) (build 22+36-2370)
# Java VM: Java HotSpot(TM) 64-Bit Server VM (22+36-2370, mixed mode, emulated-client, sharing, tiered, compressed oops, compressed class ptrs, g1 gc, windows-amd64)
# No core dump will be written. Minidumps are not enabled by default on client versions of Windows
#

---------------  S U M M A R Y ------------

Command Line: -Dcom.sun.management.jmxremote -Dcom.sun.management.jmxremote.port=64511 -Dcom.sun.management.jmxremote.authenticate=false -Dcom.sun.management.jmxremote.ssl=false -Djava.rmi.server.hostname=localhost -Dspring.jmx.enabled=true -Dmanagement.endpoints.jmx.exposure.include=* -Dspring.application.admin.enabled=true -XX:TieredStopAtLevel=1 -Dspring.boot.project.name=ITProject -Dfile.encoding=UTF-8 -Dstdout.encoding=UTF-8 -Dstderr.encoding=UTF-8 -XX:+ShowCodeDetailsInExceptionMessages vn.project.ItProjectApplication --spring.output.ansi.enabled=always

Host: Intel(R) Core(TM) i7-8650U CPU @ 1.90GHz, 8 cores, 7G,  Windows 11 , 64 bit Build 26100 (10.0.26100.2454)
Time: Mon Dec  2 13:55:54 2024 SE Asia Standard Time elapsed time: 1556.099843 seconds (0d 0h 25m 56s)

---------------  T H R E A D  ---------------

Current thread (0x00000200f61512f0):  VMThread "VM Thread"          [id=12792, stack(0x0000000392900000,0x0000000392a00000) (1024K)]

Stack: [0x0000000392900000,0x0000000392a00000]
Native frames: (J=compiled Java code, j=interpreted, Vv=VM code, C=native code)
V  [jvm.dll+0x6e2349]  (no source info available)
V  [jvm.dll+0x874ed3]  (no source info available)
V  [jvm.dll+0x8772fe]  (no source info available)
V  [jvm.dll+0x8779d3]  (no source info available)
V  [jvm.dll+0x27fcb6]  (no source info available)
V  [jvm.dll+0x6de9e5]  (no source info available)
V  [jvm.dll+0x6d34ea]  (no source info available)
V  [jvm.dll+0x35892a]  (no source info available)
V  [jvm.dll+0x360e56]  (no source info available)
V  [jvm.dll+0x3b3d7e]  (no source info available)
V  [jvm.dll+0x3b4028]  (no source info available)
V  [jvm.dll+0x32c4ec]  (no source info available)
V  [jvm.dll+0x32c577]  (no source info available)
V  [jvm.dll+0x3721ec]  (no source info available)
V  [jvm.dll+0x3708e6]  (no source info available)
V  [jvm.dll+0x32bbd7]  (no source info available)
V  [jvm.dll+0x3700a4]  (no source info available)
V  [jvm.dll+0x87d870]  (no source info available)
V  [jvm.dll+0x87ebf7]  (no source info available)
V  [jvm.dll+0x87f170]  (no source info available)
V  [jvm.dll+0x87f413]  (no source info available)
V  [jvm.dll+0x81d50b]  (no source info available)
V  [jvm.dll+0x6e09e5]  (no source info available)
C  [ucrtbase.dll+0x14ea0]  (no source info available)
C  [KERNEL32.DLL+0x2e8d7]  (no source info available)
C  [ntdll.dll+0xdfbcc]  (no source info available)

VM_Operation (0x0000000394b95ae0): G1CollectForAllocation, mode: safepoint, requested by thread 0x00000200c8b94b40


---------------  P R O C E S S  ---------------

Threads class SMR info:
_java_thread_list=0x00000200c83cf630, length=38, elements={
0x00000200f616f580, 0x00000200f6172000, 0x00000200f617a100, 0x00000200f617b620,
0x00000200f6180570, 0x00000200f61837b0, 0x00000200f618dd30, 0x00000200c51984e0,
0x00000200c5248c70, 0x00000200c5996a70, 0x00000200c599dec0, 0x00000200c59d3ea0,
0x00000200c59f4f90, 0x00000200c5a7ee70, 0x00000200c5a91cd0, 0x00000200c8921000,
0x00000200c8927270, 0x00000200c8b93790, 0x00000200c8b944b0, 0x00000200c8b923e0,
0x00000200c8b951d0, 0x00000200c8b95ef0, 0x00000200c8b96c10, 0x00000200c8b94b40,
0x00000200c8b972a0, 0x00000200c8b97930, 0x00000200c8b97fc0, 0x00000200c8b98650,
0x00000200c89202e0, 0x00000200c8922a40, 0x00000200c89230d0, 0x00000200c891fc50,
0x00000200c8923760, 0x00000200c8920970, 0x00000200c8923df0, 0x00000200c5bd1b50,
0x00000200c6d935d0, 0x00000200c862fc80
}

Java Threads: ( => current thread )
  0x00000200f616f580 JavaThread "Reference Handler"          daemon [_thread_blocked, id=9696, stack(0x0000000392a00000,0x0000000392b00000) (1024K)]
  0x00000200f6172000 JavaThread "Finalizer"                  daemon [_thread_blocked, id=13692, stack(0x0000000392b00000,0x0000000392c00000) (1024K)]
  0x00000200f617a100 JavaThread "Signal Dispatcher"          daemon [_thread_blocked, id=10824, stack(0x0000000392c00000,0x0000000392d00000) (1024K)]
  0x00000200f617b620 JavaThread "Attach Listener"            daemon [_thread_blocked, id=1364, stack(0x0000000392d00000,0x0000000392e00000) (1024K)]
  0x00000200f6180570 JavaThread "Service Thread"             daemon [_thread_blocked, id=968, stack(0x0000000392e00000,0x0000000392f00000) (1024K)]
  0x00000200f61837b0 JavaThread "Monitor Deflation Thread"   daemon [_thread_blocked, id=11280, stack(0x0000000392f00000,0x0000000393000000) (1024K)]
  0x00000200f618dd30 JavaThread "C1 CompilerThread0"         daemon [_thread_blocked, id=2984, stack(0x0000000393000000,0x0000000393100000) (1024K)]
  0x00000200c51984e0 JavaThread "Common-Cleaner"             daemon [_thread_blocked, id=8932, stack(0x0000000393100000,0x0000000393200000) (1024K)]
  0x00000200c5248c70 JavaThread "Notification Thread"        daemon [_thread_blocked, id=11316, stack(0x0000000393400000,0x0000000393500000) (1024K)]
  0x00000200c5996a70 JavaThread "RMI TCP Accept-0"           daemon [_thread_in_native, id=6708, stack(0x0000000393600000,0x0000000393700000) (1024K)]
  0x00000200c599dec0 JavaThread "RMI TCP Accept-64511"       daemon [_thread_in_native, id=11148, stack(0x0000000393700000,0x0000000393800000) (1024K)]
  0x00000200c59d3ea0 JavaThread "RMI TCP Accept-0"           daemon [_thread_in_native, id=7568, stack(0x0000000393900000,0x0000000393a00000) (1024K)]
  0x00000200c59f4f90 JavaThread "RMI Scheduler(0)"           daemon [_thread_blocked, id=8676, stack(0x0000000393a00000,0x0000000393b00000) (1024K)]
  0x00000200c5a7ee70 JavaThread "RMI TCP Connection(idle)"   daemon [_thread_blocked, id=6752, stack(0x0000000393b00000,0x0000000393c00000) (1024K)]
  0x00000200c5a91cd0 JavaThread "JMX server connection timeout 28" daemon [_thread_blocked, id=15916, stack(0x0000000393c00000,0x0000000393d00000) (1024K)]
  0x00000200c8921000 JavaThread "Live Reload Server"         daemon [_thread_in_native, id=8664, stack(0x0000000395000000,0x0000000395100000) (1024K)]
  0x00000200c8927270 JavaThread "DestroyJavaVM"                     [_thread_blocked, id=8156, stack(0x0000000392200000,0x0000000392300000) (1024K)]
  0x00000200c8b93790 JavaThread "mssql-jdbc-shared-timer-core-1" daemon [_thread_blocked, id=6460, stack(0x0000000393800000,0x0000000393900000) (1024K)]
  0x00000200c8b944b0 JavaThread "HikariPool-2 housekeeper"   daemon [_thread_blocked, id=3932, stack(0x0000000394400000,0x0000000394500000) (1024K)]
  0x00000200c8b923e0 JavaThread "Catalina-utility-1"                [_thread_blocked, id=9824, stack(0x0000000394500000,0x0000000394600000) (1024K)]
  0x00000200c8b951d0 JavaThread "Catalina-utility-2"                [_thread_blocked, id=11968, stack(0x0000000394600000,0x0000000394700000) (1024K)]
  0x00000200c8b95ef0 JavaThread "container-0"                       [_thread_blocked, id=10600, stack(0x0000000394800000,0x0000000394900000) (1024K)]
  0x00000200c8b96c10 JavaThread "File Watcher"               daemon [_thread_blocked, id=7084, stack(0x0000000394a00000,0x0000000394b00000) (1024K)]
  0x00000200c8b94b40 JavaThread "http-nio-8082-exec-1"       daemon [_thread_blocked, id=9992, stack(0x0000000394b00000,0x0000000394c00000) (1024K)]
  0x00000200c8b972a0 JavaThread "http-nio-8082-exec-2"       daemon [_thread_blocked, id=15608, stack(0x0000000394c00000,0x0000000394d00000) (1024K)]
  0x00000200c8b97930 JavaThread "http-nio-8082-exec-3"       daemon [_thread_blocked, id=16332, stack(0x0000000394d00000,0x0000000394e00000) (1024K)]
  0x00000200c8b97fc0 JavaThread "http-nio-8082-exec-4"       daemon [_thread_blocked, id=11420, stack(0x0000000394e00000,0x0000000394f00000) (1024K)]
  0x00000200c8b98650 JavaThread "http-nio-8082-exec-5"       daemon [_thread_blocked, id=10228, stack(0x0000000394f00000,0x0000000395000000) (1024K)]
  0x00000200c89202e0 JavaThread "http-nio-8082-exec-6"       daemon [_thread_blocked, id=628, stack(0x0000000395100000,0x0000000395200000) (1024K)]
  0x00000200c8922a40 JavaThread "http-nio-8082-exec-7"       daemon [_thread_blocked, id=9900, stack(0x0000000395200000,0x0000000395300000) (1024K)]
  0x00000200c89230d0 JavaThread "http-nio-8082-exec-8"       daemon [_thread_blocked, id=14492, stack(0x0000000395300000,0x0000000395400000) (1024K)]
  0x00000200c891fc50 JavaThread "http-nio-8082-exec-9"       daemon [_thread_blocked, id=5712, stack(0x0000000395400000,0x0000000395500000) (1024K)]
  0x00000200c8923760 JavaThread "http-nio-8082-exec-10"      daemon [_thread_blocked, id=8720, stack(0x0000000395500000,0x0000000395600000) (1024K)]
  0x00000200c8920970 JavaThread "http-nio-8082-Poller"       daemon [_thread_blocked, id=13744, stack(0x0000000395600000,0x0000000395700000) (1024K)]
  0x00000200c8923df0 JavaThread "http-nio-8082-Acceptor"     daemon [_thread_in_native, id=2704, stack(0x0000000395700000,0x0000000395800000) (1024K)]
  0x00000200c5bd1b50 JavaThread "C1 CompilerThread1"         daemon [_thread_blocked, id=1532, stack(0x0000000391f00000,0x0000000392000000) (1024K)]
  0x00000200c6d935d0 JavaThread "C1 CompilerThread2"         daemon [_thread_blocked, id=15624, stack(0x0000000392000000,0x0000000392100000) (1024K)]
  0x00000200c862fc80 JavaThread "C1 CompilerThread3"         daemon [_thread_blocked, id=11544, stack(0x0000000392100000,0x0000000392200000) (1024K)]
Total: 38

Other Threads:
=>0x00000200f61512f0 VMThread "VM Thread"                           [id=12792, stack(0x0000000392900000,0x0000000392a00000) (1024K)]
  0x00000200f6137b10 WatcherThread "VM Periodic Task Thread"        [id=7672, stack(0x0000000392800000,0x0000000392900000) (1024K)]
  0x00000200e3b51c60 WorkerThread "GC Thread#0"                     [id=9184, stack(0x0000000392300000,0x0000000392400000) (1024K)]
  0x00000200c5ad1200 WorkerThread "GC Thread#1"                     [id=4352, stack(0x0000000393d00000,0x0000000393e00000) (1024K)]
  0x00000200c5ae06a0 WorkerThread "GC Thread#2"                     [id=15896, stack(0x0000000393e00000,0x0000000393f00000) (1024K)]
  0x00000200c5b06d20 WorkerThread "GC Thread#3"                     [id=11856, stack(0x0000000393f00000,0x0000000394000000) (1024K)]
  0x00000200c5b0bcf0 WorkerThread "GC Thread#4"                     [id=6568, stack(0x0000000394000000,0x0000000394100000) (1024K)]
  0x00000200c5b0c8b0 WorkerThread "GC Thread#5"                     [id=9644, stack(0x0000000394100000,0x0000000394200000) (1024K)]
  0x00000200c5b0d470 WorkerThread "GC Thread#6"                     [id=14480, stack(0x0000000394200000,0x0000000394300000) (1024K)]
  0x00000200c5b0f6a0 WorkerThread "GC Thread#7"                     [id=9720, stack(0x0000000394300000,0x0000000394400000) (1024K)]
  0x00000200e3b62910 ConcurrentGCThread "G1 Main Marker"            [id=13504, stack(0x0000000392400000,0x0000000392500000) (1024K)]
  0x00000200e3b64640 WorkerThread "G1 Conc#0"                       [id=10000, stack(0x0000000392500000,0x0000000392600000) (1024K)]
  0x00000200c5b0e7e0 WorkerThread "G1 Conc#1"                       [id=11056, stack(0x0000000394700000,0x0000000394800000) (1024K)]
  0x00000200f600b1e0 ConcurrentGCThread "G1 Refine#0"               [id=13788, stack(0x0000000392600000,0x0000000392700000) (1024K)]
  0x00000200f600b620 ConcurrentGCThread "G1 Service"                [id=5796, stack(0x0000000392700000,0x0000000392800000) (1024K)]
Total: 15

Threads with active compile tasks:
Total: 0

VM state: at safepoint (normal execution)

VM Mutex/Monitor currently owned by a thread:  ([mutex/lock_event])
[0x00007ffb3ecbcbc8] Threads_lock - owner thread: 0x00000200f61512f0
[0x00007ffb3ecbccc8] Heap_lock - owner thread: 0x00000200c8b94b40

OutOfMemory and StackOverflow Exception counts:
StackOverflowErrors=56
LinkageErrors=175

Heap address: 0x0000000082800000, size: 2008 MB, Compressed Oops mode: 32-bit

CDS archive(s) mapped at: [0x0000020080000000-0x0000020080c60000-0x0000020080c60000), size 12976128, SharedBaseAddress: 0x0000020080000000, ArchiveRelocationMode: 1.
Compressed class space mapped at: 0x0000020081000000-0x00000200c1000000, reserved size: 1073741824
Narrow klass base: 0x0000020080000000, Narrow klass shift: 0, Narrow klass range: 0x41000000

GC Precious Log:
 CardTable entry size: 512
 Card Set container configuration: InlinePtr #cards 5 size 8 Array Of Cards #cards 12 size 40 Howl #buckets 4 coarsen threshold 1843 Howl Bitmap #cards 512 size 80 coarsen threshold 460 Card regions per heap region 1 cards per card region 2048
 CPUs: 8 total, 8 available
 Memory: 8029M
 Large Page Support: Disabled
 NUMA Support: Disabled
 Compressed Oops: Enabled (32-bit)
 Heap Region Size: 1M
 Heap Min Capacity: 8M
 Heap Initial Capacity: 126M
 Heap Max Capacity: 2008M
 Pre-touch: Disabled
 Parallel Workers: 8
 Concurrent Workers: 2
 Concurrent Refinement Workers: 8
 Periodic GC: Disabled

Heap:
 garbage-first heap   total reserved 2056192K, committed 176128K, used 40398K [0x0000000082800000, 0x0000000100000000)
  region size 1024K, 3 young (3072K), 3 survivors (3072K)
 Metaspace       used 80574K, committed 81536K, reserved 1179648K
  class space    used 11554K, committed 11968K, reserved 1048576K

Heap Regions: E=young(eden), S=young(survivor), O=old, HS=humongous(starts), HC=humongous(continues), CS=collection set, F=free, TAMS=top-at-mark-start, PB=parsable bottom
|   0|0x0000000082800000, 0x0000000082900000, 0x0000000082900000|100%|HS|  |TAMS 0x0000000082800000| PB 0x0000000082800000| Complete |  0
|   1|0x0000000082900000, 0x0000000082a00000, 0x0000000082a00000|100%| O|  |TAMS 0x0000000082900000| PB 0x0000000082900000| Untracked |  0
|   2|0x0000000082a00000, 0x0000000082affff0, 0x0000000082b00000| 99%| O|  |TAMS 0x0000000082a00000| PB 0x0000000082a00000| Untracked |  0
|   3|0x0000000082b00000, 0x0000000082bf0178, 0x0000000082c00000| 93%| O|  |TAMS 0x0000000082b00000| PB 0x0000000082b00000| Untracked |  0
|   4|0x0000000082c00000, 0x0000000082cffff0, 0x0000000082d00000| 99%| O|  |TAMS 0x0000000082c00000| PB 0x0000000082c00000| Untracked |  0
|   5|0x0000000082d00000, 0x0000000082e00000, 0x0000000082e00000|100%| O|  |TAMS 0x0000000082d00000| PB 0x0000000082d00000| Untracked |  0
|   6|0x0000000082e00000, 0x0000000082efffc8, 0x0000000082f00000| 99%| O|  |TAMS 0x0000000082e00000| PB 0x0000000082e00000| Untracked |  0
|   7|0x0000000082f00000, 0x0000000083000000, 0x0000000083000000|100%| O|  |TAMS 0x0000000082f00000| PB 0x0000000082f00000| Untracked |  0
|   8|0x0000000083000000, 0x00000000830e7d68, 0x0000000083100000| 90%| O|  |TAMS 0x0000000083000000| PB 0x0000000083000000| Untracked |  0
|   9|0x0000000083100000, 0x0000000083200000, 0x0000000083200000|100%| O|  |TAMS 0x0000000083100000| PB 0x0000000083100000| Untracked |  0
|  10|0x0000000083200000, 0x00000000832fffe0, 0x0000000083300000| 99%| O|  |TAMS 0x0000000083200000| PB 0x0000000083200000| Untracked |  0
|  11|0x0000000083300000, 0x0000000083304080, 0x0000000083400000|  1%| O|  |TAMS 0x0000000083300000| PB 0x0000000083300000| Untracked |  0
|  12|0x0000000083400000, 0x00000000834fffe0, 0x0000000083500000| 99%| O|  |TAMS 0x0000000083400000| PB 0x0000000083400000| Untracked |  0
|  13|0x0000000083500000, 0x0000000083600000, 0x0000000083600000|100%| O|  |TAMS 0x0000000083500000| PB 0x0000000083500000| Untracked |  0
|  14|0x0000000083600000, 0x00000000836feab0, 0x0000000083700000| 99%| O|  |TAMS 0x0000000083600000| PB 0x0000000083600000| Untracked |  0
|  15|0x0000000083700000, 0x0000000083800000, 0x0000000083800000|100%| O|  |TAMS 0x0000000083700000| PB 0x0000000083700000| Untracked |  0
|  16|0x0000000083800000, 0x00000000838ffff0, 0x0000000083900000| 99%| O|  |TAMS 0x0000000083800000| PB 0x0000000083800000| Untracked |  0
|  17|0x0000000083900000, 0x0000000083a00000, 0x0000000083a00000|100%| O|  |TAMS 0x0000000083900000| PB 0x0000000083900000| Untracked |  0
|  18|0x0000000083a00000, 0x0000000083b00000, 0x0000000083b00000|100%| O|  |TAMS 0x0000000083a00000| PB 0x0000000083a00000| Untracked |  0
|  19|0x0000000083b00000, 0x0000000083bfffe8, 0x0000000083c00000| 99%| O|  |TAMS 0x0000000083b00000| PB 0x0000000083b00000| Untracked |  0
|  20|0x0000000083c00000, 0x0000000083d00000, 0x0000000083d00000|100%| O|  |TAMS 0x0000000083c00000| PB 0x0000000083c00000| Untracked |  0
|  21|0x0000000083d00000, 0x0000000083dffff8, 0x0000000083e00000| 99%| O|  |TAMS 0x0000000083d00000| PB 0x0000000083d00000| Untracked |  0
|  22|0x0000000083e00000, 0x0000000083e00000, 0x0000000083f00000|  0%| F|  |TAMS 0x0000000083e00000| PB 0x0000000083e00000| Untracked |  0
|  23|0x0000000083f00000, 0x0000000084000000, 0x0000000084000000|100%| O|  |TAMS 0x0000000083f00000| PB 0x0000000083f00000| Untracked |  0
|  24|0x0000000084000000, 0x0000000084100000, 0x0000000084100000|100%| O|  |TAMS 0x0000000084000000| PB 0x0000000084000000| Untracked |  0
|  25|0x0000000084100000, 0x0000000084200000, 0x0000000084200000|100%| O|  |TAMS 0x0000000084100000| PB 0x0000000084100000| Untracked |  0
|  26|0x0000000084200000, 0x0000000084300000, 0x0000000084300000|100%| O|  |TAMS 0x0000000084200000| PB 0x0000000084200000| Untracked |  0
|  27|0x0000000084300000, 0x0000000084400000, 0x0000000084400000|100%| O|  |TAMS 0x0000000084300000| PB 0x0000000084300000| Untracked |  0
|  28|0x0000000084400000, 0x0000000084500000, 0x0000000084500000|100%| O|  |TAMS 0x0000000084400000| PB 0x0000000084400000| Untracked |  0
|  29|0x0000000084500000, 0x00000000845f9600, 0x0000000084600000| 97%| O|  |TAMS 0x0000000084500000| PB 0x0000000084500000| Untracked |  0
|  30|0x0000000084600000, 0x0000000084700000, 0x0000000084700000|100%| O|  |TAMS 0x0000000084600000| PB 0x0000000084600000| Untracked |  0
|  31|0x0000000084700000, 0x0000000084800000, 0x0000000084800000|100%| O|  |TAMS 0x0000000084700000| PB 0x0000000084700000| Untracked |  0
|  32|0x0000000084800000, 0x0000000084900000, 0x0000000084900000|100%| O|  |TAMS 0x0000000084800000| PB 0x0000000084800000| Untracked |  0
|  33|0x0000000084900000, 0x0000000084a00000, 0x0000000084a00000|100%| O|  |TAMS 0x0000000084900000| PB 0x0000000084900000| Untracked |  0
|  34|0x0000000084a00000, 0x0000000084b00000, 0x0000000084b00000|100%| O|  |TAMS 0x0000000084a00000| PB 0x0000000084a00000| Untracked |  0
|  35|0x0000000084b00000, 0x0000000084c00000, 0x0000000084c00000|100%| O|  |TAMS 0x0000000084b00000| PB 0x0000000084b00000| Untracked |  0
|  36|0x0000000084c00000, 0x0000000084d00000, 0x0000000084d00000|100%| O|  |TAMS 0x0000000084c00000| PB 0x0000000084c00000| Untracked |  0
|  37|0x0000000084d00000, 0x0000000084e00000, 0x0000000084e00000|100%| O|  |TAMS 0x0000000084d00000| PB 0x0000000084d00000| Untracked |  0
|  38|0x0000000084e00000, 0x0000000084e00000, 0x0000000084f00000|  0%| F|  |TAMS 0x0000000084e00000| PB 0x0000000084e00000| Untracked |  0
|  39|0x0000000084f00000, 0x0000000084f00000, 0x0000000085000000|  0%| F|  |TAMS 0x0000000084f00000| PB 0x0000000084f00000| Untracked |  0
|  40|0x0000000085000000, 0x0000000085000000, 0x0000000085100000|  0%| F|  |TAMS 0x0000000085000000| PB 0x0000000085000000| Untracked |  0
|  41|0x0000000085100000, 0x0000000085200000, 0x0000000085200000|100%| O|  |TAMS 0x0000000085100000| PB 0x0000000085100000| Untracked |  0
|  42|0x0000000085200000, 0x0000000085200000, 0x0000000085300000|  0%| F|  |TAMS 0x0000000085200000| PB 0x0000000085200000| Untracked |  0
|  43|0x0000000085300000, 0x0000000085300000, 0x0000000085400000|  0%| F|  |TAMS 0x0000000085300000| PB 0x0000000085300000| Untracked |  0
|  44|0x0000000085400000, 0x0000000085400000, 0x0000000085500000|  0%| F|  |TAMS 0x0000000085400000| PB 0x0000000085400000| Untracked |  0
|  45|0x0000000085500000, 0x0000000085500000, 0x0000000085600000|  0%| F|  |TAMS 0x0000000085500000| PB 0x0000000085500000| Untracked |  0
|  46|0x0000000085600000, 0x0000000085600000, 0x0000000085700000|  0%| F|  |TAMS 0x0000000085600000| PB 0x0000000085600000| Untracked |  0
|  47|0x0000000085700000, 0x0000000085700000, 0x0000000085800000|  0%| F|  |TAMS 0x0000000085700000| PB 0x0000000085700000| Untracked |  0
|  48|0x0000000085800000, 0x0000000085800000, 0x0000000085900000|  0%| F|  |TAMS 0x0000000085800000| PB 0x0000000085800000| Untracked |  0
|  49|0x0000000085900000, 0x0000000085900000, 0x0000000085a00000|  0%| F|  |TAMS 0x0000000085900000| PB 0x0000000085900000| Untracked |  0
|  50|0x0000000085a00000, 0x0000000085a00000, 0x0000000085b00000|  0%| F|  |TAMS 0x0000000085a00000| PB 0x0000000085a00000| Untracked |  0
|  51|0x0000000085b00000, 0x0000000085b00000, 0x0000000085c00000|  0%| F|  |TAMS 0x0000000085b00000| PB 0x0000000085b00000| Untracked |  0
|  52|0x0000000085c00000, 0x0000000085c00000, 0x0000000085d00000|  0%| F|  |TAMS 0x0000000085c00000| PB 0x0000000085c00000| Untracked |  0
|  53|0x0000000085d00000, 0x0000000085d00000, 0x0000000085e00000|  0%| F|  |TAMS 0x0000000085d00000| PB 0x0000000085d00000| Untracked |  0
|  54|0x0000000085e00000, 0x0000000085e9f9c0, 0x0000000085f00000| 62%| S|CS|TAMS 0x0000000085e00000| PB 0x0000000085e00000| Complete |  0
|  55|0x0000000085f00000, 0x0000000086000000, 0x0000000086000000|100%| S|CS|TAMS 0x0000000085f00000| PB 0x0000000085f00000| Complete |  0
|  56|0x0000000086000000, 0x0000000086100000, 0x0000000086100000|100%| S|CS|TAMS 0x0000000086000000| PB 0x0000000086000000| Complete |  0
|  57|0x0000000086100000, 0x0000000086100000, 0x0000000086200000|  0%| F|  |TAMS 0x0000000086100000| PB 0x0000000086100000| Untracked |  0
|  58|0x0000000086200000, 0x0000000086200000, 0x0000000086300000|  0%| F|  |TAMS 0x0000000086200000| PB 0x0000000086200000| Untracked |  0
|  59|0x0000000086300000, 0x0000000086300000, 0x0000000086400000|  0%| F|  |TAMS 0x0000000086300000| PB 0x0000000086300000| Untracked |  0
|  60|0x0000000086400000, 0x0000000086400000, 0x0000000086500000|  0%| F|  |TAMS 0x0000000086400000| PB 0x0000000086400000| Untracked |  0
|  61|0x0000000086500000, 0x0000000086500000, 0x0000000086600000|  0%| F|  |TAMS 0x0000000086500000| PB 0x0000000086500000| Untracked |  0
|  62|0x0000000086600000, 0x0000000086600000, 0x0000000086700000|  0%| F|  |TAMS 0x0000000086600000| PB 0x0000000086600000| Untracked |  0
|  63|0x0000000086700000, 0x0000000086700000, 0x0000000086800000|  0%| F|  |TAMS 0x0000000086700000| PB 0x0000000086700000| Untracked |  0
|  64|0x0000000086800000, 0x0000000086800000, 0x0000000086900000|  0%| F|  |TAMS 0x0000000086800000| PB 0x0000000086800000| Untracked |  0
|  65|0x0000000086900000, 0x0000000086900000, 0x0000000086a00000|  0%| F|  |TAMS 0x0000000086900000| PB 0x0000000086900000| Untracked |  0
|  66|0x0000000086a00000, 0x0000000086a00000, 0x0000000086b00000|  0%| F|  |TAMS 0x0000000086a00000| PB 0x0000000086a00000| Untracked |  0
|  67|0x0000000086b00000, 0x0000000086b00000, 0x0000000086c00000|  0%| F|  |TAMS 0x0000000086b00000| PB 0x0000000086b00000| Untracked |  0
|  68|0x0000000086c00000, 0x0000000086c00000, 0x0000000086d00000|  0%| F|  |TAMS 0x0000000086c00000| PB 0x0000000086c00000| Untracked |  0
|  69|0x0000000086d00000, 0x0000000086d00000, 0x0000000086e00000|  0%| F|  |TAMS 0x0000000086d00000| PB 0x0000000086d00000| Untracked |  0
|  70|0x0000000086e00000, 0x0000000086e00000, 0x0000000086f00000|  0%| F|  |TAMS 0x0000000086e00000| PB 0x0000000086e00000| Untracked |  0
|  71|0x0000000086f00000, 0x0000000086f00000, 0x0000000087000000|  0%| F|  |TAMS 0x0000000086f00000| PB 0x0000000086f00000| Untracked |  0
|  72|0x0000000087000000, 0x0000000087000000, 0x0000000087100000|  0%| F|  |TAMS 0x0000000087000000| PB 0x0000000087000000| Untracked |  0
|  73|0x0000000087100000, 0x0000000087100000, 0x0000000087200000|  0%| F|  |TAMS 0x0000000087100000| PB 0x0000000087100000| Untracked |  0
|  74|0x0000000087200000, 0x0000000087200000, 0x0000000087300000|  0%| F|  |TAMS 0x0000000087200000| PB 0x0000000087200000| Untracked |  0
|  75|0x0000000087300000, 0x0000000087300000, 0x0000000087400000|  0%| F|  |TAMS 0x0000000087300000| PB 0x0000000087300000| Untracked |  0
|  76|0x0000000087400000, 0x0000000087400000, 0x0000000087500000|  0%| F|  |TAMS 0x0000000087400000| PB 0x0000000087400000| Untracked |  0
|  77|0x0000000087500000, 0x0000000087500000, 0x0000000087600000|  0%| F|  |TAMS 0x0000000087500000| PB 0x0000000087500000| Untracked |  0
|  78|0x0000000087600000, 0x0000000087600000, 0x0000000087700000|  0%| F|  |TAMS 0x0000000087600000| PB 0x0000000087600000| Untracked |  0
|  79|0x0000000087700000, 0x0000000087700000, 0x0000000087800000|  0%| F|  |TAMS 0x0000000087700000| PB 0x0000000087700000| Untracked |  0
|  80|0x0000000087800000, 0x0000000087800000, 0x0000000087900000|  0%| F|  |TAMS 0x0000000087800000| PB 0x0000000087800000| Untracked |  0
|  81|0x0000000087900000, 0x0000000087900000, 0x0000000087a00000|  0%| F|  |TAMS 0x0000000087900000| PB 0x0000000087900000| Untracked |  0
|  82|0x0000000087a00000, 0x0000000087a00000, 0x0000000087b00000|  0%| F|  |TAMS 0x0000000087a00000| PB 0x0000000087a00000| Untracked |  0
|  83|0x0000000087b00000, 0x0000000087b00000, 0x0000000087c00000|  0%| F|  |TAMS 0x0000000087b00000| PB 0x0000000087b00000| Untracked |  0
|  84|0x0000000087c00000, 0x0000000087c00000, 0x0000000087d00000|  0%| F|  |TAMS 0x0000000087c00000| PB 0x0000000087c00000| Untracked |  0
|  85|0x0000000087d00000, 0x0000000087d00000, 0x0000000087e00000|  0%| F|  |TAMS 0x0000000087d00000| PB 0x0000000087d00000| Untracked |  0
|  86|0x0000000087e00000, 0x0000000087e00000, 0x0000000087f00000|  0%| F|  |TAMS 0x0000000087e00000| PB 0x0000000087e00000| Untracked |  0
|  87|0x0000000087f00000, 0x0000000087f00000, 0x0000000088000000|  0%| F|  |TAMS 0x0000000087f00000| PB 0x0000000087f00000| Untracked |  0
|  88|0x0000000088000000, 0x0000000088000000, 0x0000000088100000|  0%| F|  |TAMS 0x0000000088000000| PB 0x0000000088000000| Untracked |  0
|  89|0x0000000088100000, 0x0000000088100000, 0x0000000088200000|  0%| F|  |TAMS 0x0000000088100000| PB 0x0000000088100000| Untracked |  0
|  90|0x0000000088200000, 0x0000000088200000, 0x0000000088300000|  0%| F|  |TAMS 0x0000000088200000| PB 0x0000000088200000| Untracked |  0
|  91|0x0000000088300000, 0x0000000088300000, 0x0000000088400000|  0%| F|  |TAMS 0x0000000088300000| PB 0x0000000088300000| Untracked |  0
|  92|0x0000000088400000, 0x0000000088400000, 0x0000000088500000|  0%| F|  |TAMS 0x0000000088400000| PB 0x0000000088400000| Untracked |  0
|  93|0x0000000088500000, 0x0000000088500000, 0x0000000088600000|  0%| F|  |TAMS 0x0000000088500000| PB 0x0000000088500000| Untracked |  0
|  94|0x0000000088600000, 0x0000000088600000, 0x0000000088700000|  0%| F|  |TAMS 0x0000000088600000| PB 0x0000000088600000| Untracked |  0
|  95|0x0000000088700000, 0x0000000088700000, 0x0000000088800000|  0%| F|  |TAMS 0x0000000088700000| PB 0x0000000088700000| Untracked |  0
|  96|0x0000000088800000, 0x0000000088800000, 0x0000000088900000|  0%| F|  |TAMS 0x0000000088800000| PB 0x0000000088800000| Untracked |  0
|  97|0x0000000088900000, 0x0000000088900000, 0x0000000088a00000|  0%| F|  |TAMS 0x0000000088900000| PB 0x0000000088900000| Untracked |  0
|  98|0x0000000088a00000, 0x0000000088a00000, 0x0000000088b00000|  0%| F|  |TAMS 0x0000000088a00000| PB 0x0000000088a00000| Untracked |  0
|  99|0x0000000088b00000, 0x0000000088b00000, 0x0000000088c00000|  0%| F|  |TAMS 0x0000000088b00000| PB 0x0000000088b00000| Untracked |  0
| 100|0x0000000088c00000, 0x0000000088c00000, 0x0000000088d00000|  0%| F|  |TAMS 0x0000000088c00000| PB 0x0000000088c00000| Untracked |  0
| 101|0x0000000088d00000, 0x0000000088d00000, 0x0000000088e00000|  0%| F|  |TAMS 0x0000000088d00000| PB 0x0000000088d00000| Untracked |  0
| 102|0x0000000088e00000, 0x0000000088e00000, 0x0000000088f00000|  0%| F|  |TAMS 0x0000000088e00000| PB 0x0000000088e00000| Untracked |  0
| 103|0x0000000088f00000, 0x0000000088f00000, 0x0000000089000000|  0%| F|  |TAMS 0x0000000088f00000| PB 0x0000000088f00000| Untracked |  0
| 104|0x0000000089000000, 0x0000000089000000, 0x0000000089100000|  0%| F|  |TAMS 0x0000000089000000| PB 0x0000000089000000| Untracked |  0
| 105|0x0000000089100000, 0x0000000089100000, 0x0000000089200000|  0%| F|  |TAMS 0x0000000089100000| PB 0x0000000089100000| Untracked |  0
| 106|0x0000000089200000, 0x0000000089200000, 0x0000000089300000|  0%| F|  |TAMS 0x0000000089200000| PB 0x0000000089200000| Untracked |  0
| 107|0x0000000089300000, 0x0000000089300000, 0x0000000089400000|  0%| F|  |TAMS 0x0000000089300000| PB 0x0000000089300000| Untracked |  0
| 108|0x0000000089400000, 0x0000000089400000, 0x0000000089500000|  0%| F|  |TAMS 0x0000000089400000| PB 0x0000000089400000| Untracked |  0
| 109|0x0000000089500000, 0x0000000089500000, 0x0000000089600000|  0%| F|  |TAMS 0x0000000089500000| PB 0x0000000089500000| Untracked |  0
| 110|0x0000000089600000, 0x0000000089600000, 0x0000000089700000|  0%| F|  |TAMS 0x0000000089600000| PB 0x0000000089600000| Untracked |  0
| 111|0x0000000089700000, 0x0000000089700000, 0x0000000089800000|  0%| F|  |TAMS 0x0000000089700000| PB 0x0000000089700000| Untracked |  0
| 112|0x0000000089800000, 0x0000000089800000, 0x0000000089900000|  0%| F|  |TAMS 0x0000000089800000| PB 0x0000000089800000| Untracked |  0
| 113|0x0000000089900000, 0x0000000089900000, 0x0000000089a00000|  0%| F|  |TAMS 0x0000000089900000| PB 0x0000000089900000| Untracked |  0
| 114|0x0000000089a00000, 0x0000000089a00000, 0x0000000089b00000|  0%| F|  |TAMS 0x0000000089a00000| PB 0x0000000089a00000| Untracked |  0
| 115|0x0000000089b00000, 0x0000000089b00000, 0x0000000089c00000|  0%| F|  |TAMS 0x0000000089b00000| PB 0x0000000089b00000| Untracked |  0
| 116|0x0000000089c00000, 0x0000000089c00000, 0x0000000089d00000|  0%| F|  |TAMS 0x0000000089c00000| PB 0x0000000089c00000| Untracked |  0
| 117|0x0000000089d00000, 0x0000000089d00000, 0x0000000089e00000|  0%| F|  |TAMS 0x0000000089d00000| PB 0x0000000089d00000| Untracked |  0
| 118|0x0000000089e00000, 0x0000000089e00000, 0x0000000089f00000|  0%| F|  |TAMS 0x0000000089e00000| PB 0x0000000089e00000| Untracked |  0
| 119|0x0000000089f00000, 0x0000000089f00000, 0x000000008a000000|  0%| F|  |TAMS 0x0000000089f00000| PB 0x0000000089f00000| Untracked |  0
| 120|0x000000008a000000, 0x000000008a000000, 0x000000008a100000|  0%| F|  |TAMS 0x000000008a000000| PB 0x000000008a000000| Untracked |  0
| 121|0x000000008a100000, 0x000000008a100000, 0x000000008a200000|  0%| F|  |TAMS 0x000000008a100000| PB 0x000000008a100000| Untracked |  0
| 122|0x000000008a200000, 0x000000008a200000, 0x000000008a300000|  0%| F|  |TAMS 0x000000008a200000| PB 0x000000008a200000| Untracked |  0
| 123|0x000000008a300000, 0x000000008a300000, 0x000000008a400000|  0%| F|  |TAMS 0x000000008a300000| PB 0x000000008a300000| Untracked |  0
| 124|0x000000008a400000, 0x000000008a400000, 0x000000008a500000|  0%| F|  |TAMS 0x000000008a400000| PB 0x000000008a400000| Untracked |  0
| 125|0x000000008a500000, 0x000000008a500000, 0x000000008a600000|  0%| F|  |TAMS 0x000000008a500000| PB 0x000000008a500000| Untracked |  0
| 126|0x000000008a600000, 0x000000008a600000, 0x000000008a700000|  0%| F|  |TAMS 0x000000008a600000| PB 0x000000008a600000| Untracked |  0
| 127|0x000000008a700000, 0x000000008a700000, 0x000000008a800000|  0%| F|  |TAMS 0x000000008a700000| PB 0x000000008a700000| Untracked |  0
| 128|0x000000008a800000, 0x000000008a800000, 0x000000008a900000|  0%| F|  |TAMS 0x000000008a800000| PB 0x000000008a800000| Untracked |  0
| 129|0x000000008a900000, 0x000000008a900000, 0x000000008aa00000|  0%| F|  |TAMS 0x000000008a900000| PB 0x000000008a900000| Untracked |  0
| 130|0x000000008aa00000, 0x000000008aa00000, 0x000000008ab00000|  0%| F|  |TAMS 0x000000008aa00000| PB 0x000000008aa00000| Untracked |  0
| 131|0x000000008ab00000, 0x000000008ab00000, 0x000000008ac00000|  0%| F|  |TAMS 0x000000008ab00000| PB 0x000000008ab00000| Untracked |  0
| 132|0x000000008ac00000, 0x000000008ac00000, 0x000000008ad00000|  0%| F|  |TAMS 0x000000008ac00000| PB 0x000000008ac00000| Untracked |  0
| 133|0x000000008ad00000, 0x000000008ad00000, 0x000000008ae00000|  0%| F|  |TAMS 0x000000008ad00000| PB 0x000000008ad00000| Untracked |  0
| 134|0x000000008ae00000, 0x000000008ae00000, 0x000000008af00000|  0%| F|  |TAMS 0x000000008ae00000| PB 0x000000008ae00000| Untracked |  0
| 135|0x000000008af00000, 0x000000008af00000, 0x000000008b000000|  0%| F|  |TAMS 0x000000008af00000| PB 0x000000008af00000| Untracked |  0
| 136|0x000000008b000000, 0x000000008b000000, 0x000000008b100000|  0%| F|  |TAMS 0x000000008b000000| PB 0x000000008b000000| Untracked |  0
| 137|0x000000008b100000, 0x000000008b100000, 0x000000008b200000|  0%| F|  |TAMS 0x000000008b100000| PB 0x000000008b100000| Untracked |  0
| 138|0x000000008b200000, 0x000000008b200000, 0x000000008b300000|  0%| F|  |TAMS 0x000000008b200000| PB 0x000000008b200000| Untracked |  0
| 139|0x000000008b300000, 0x000000008b300000, 0x000000008b400000|  0%| F|  |TAMS 0x000000008b300000| PB 0x000000008b300000| Untracked |  0
| 140|0x000000008b400000, 0x000000008b400000, 0x000000008b500000|  0%| F|  |TAMS 0x000000008b400000| PB 0x000000008b400000| Untracked |  0
| 141|0x000000008b500000, 0x000000008b500000, 0x000000008b600000|  0%| F|  |TAMS 0x000000008b500000| PB 0x000000008b500000| Untracked |  0
| 142|0x000000008b600000, 0x000000008b600000, 0x000000008b700000|  0%| F|  |TAMS 0x000000008b600000| PB 0x000000008b600000| Untracked |  0
| 143|0x000000008b700000, 0x000000008b700000, 0x000000008b800000|  0%| F|  |TAMS 0x000000008b700000| PB 0x000000008b700000| Untracked |  0
| 144|0x000000008b800000, 0x000000008b800000, 0x000000008b900000|  0%| F|  |TAMS 0x000000008b800000| PB 0x000000008b800000| Untracked |  0
| 145|0x000000008b900000, 0x000000008b900000, 0x000000008ba00000|  0%| F|  |TAMS 0x000000008b900000| PB 0x000000008b900000| Untracked |  0
| 146|0x000000008ba00000, 0x000000008ba00000, 0x000000008bb00000|  0%| F|  |TAMS 0x000000008ba00000| PB 0x000000008ba00000| Untracked |  0
| 147|0x000000008bb00000, 0x000000008bb00000, 0x000000008bc00000|  0%| F|  |TAMS 0x000000008bb00000| PB 0x000000008bb00000| Untracked |  0
| 148|0x000000008bc00000, 0x000000008bc00000, 0x000000008bd00000|  0%| F|  |TAMS 0x000000008bc00000| PB 0x000000008bc00000| Untracked |  0
| 149|0x000000008bd00000, 0x000000008bd00000, 0x000000008be00000|  0%| F|  |TAMS 0x000000008bd00000| PB 0x000000008bd00000| Untracked |  0
| 150|0x000000008be00000, 0x000000008be00000, 0x000000008bf00000|  0%| F|  |TAMS 0x000000008be00000| PB 0x000000008be00000| Untracked |  0
| 151|0x000000008bf00000, 0x000000008bf00000, 0x000000008c000000|  0%| F|  |TAMS 0x000000008bf00000| PB 0x000000008bf00000| Untracked |  0
| 152|0x000000008c000000, 0x000000008c000000, 0x000000008c100000|  0%| F|  |TAMS 0x000000008c000000| PB 0x000000008c000000| Untracked |  0
| 153|0x000000008c100000, 0x000000008c100000, 0x000000008c200000|  0%| F|  |TAMS 0x000000008c100000| PB 0x000000008c100000| Untracked |  0
| 154|0x000000008c200000, 0x000000008c200000, 0x000000008c300000|  0%| F|  |TAMS 0x000000008c200000| PB 0x000000008c200000| Untracked |  0
| 155|0x000000008c300000, 0x000000008c300000, 0x000000008c400000|  0%| F|  |TAMS 0x000000008c300000| PB 0x000000008c300000| Untracked |  0
| 156|0x000000008c400000, 0x000000008c400000, 0x000000008c500000|  0%| F|  |TAMS 0x000000008c400000| PB 0x000000008c400000| Untracked |  0
| 157|0x000000008c500000, 0x000000008c500000, 0x000000008c600000|  0%| F|  |TAMS 0x000000008c500000| PB 0x000000008c500000| Untracked |  0
| 158|0x000000008c600000, 0x000000008c600000, 0x000000008c700000|  0%| F|  |TAMS 0x000000008c600000| PB 0x000000008c600000| Untracked |  0
| 159|0x000000008c700000, 0x000000008c700000, 0x000000008c800000|  0%| F|  |TAMS 0x000000008c700000| PB 0x000000008c700000| Untracked |  0
| 160|0x000000008c800000, 0x000000008c800000, 0x000000008c900000|  0%| F|  |TAMS 0x000000008c800000| PB 0x000000008c800000| Untracked |  0
| 161|0x000000008c900000, 0x000000008c900000, 0x000000008ca00000|  0%| F|  |TAMS 0x000000008c900000| PB 0x000000008c900000| Untracked |  0
| 162|0x000000008ca00000, 0x000000008ca00000, 0x000000008cb00000|  0%| F|  |TAMS 0x000000008ca00000| PB 0x000000008ca00000| Untracked |  0
| 163|0x000000008cb00000, 0x000000008cb00000, 0x000000008cc00000|  0%| F|  |TAMS 0x000000008cb00000| PB 0x000000008cb00000| Untracked |  0
| 164|0x000000008cc00000, 0x000000008cc00000, 0x000000008cd00000|  0%| F|  |TAMS 0x000000008cc00000| PB 0x000000008cc00000| Untracked |  0
| 165|0x000000008cd00000, 0x000000008cd00000, 0x000000008ce00000|  0%| F|  |TAMS 0x000000008cd00000| PB 0x000000008cd00000| Untracked |  0
| 166|0x000000008ce00000, 0x000000008ce00000, 0x000000008cf00000|  0%| F|  |TAMS 0x000000008ce00000| PB 0x000000008ce00000| Untracked |  0
| 167|0x000000008cf00000, 0x000000008cf00000, 0x000000008d000000|  0%| F|  |TAMS 0x000000008cf00000| PB 0x000000008cf00000| Untracked |  0
| 168|0x000000008d000000, 0x000000008d000000, 0x000000008d100000|  0%| F|  |TAMS 0x000000008d000000| PB 0x000000008d000000| Untracked |  0
| 169|0x000000008d100000, 0x000000008d100000, 0x000000008d200000|  0%| F|  |TAMS 0x000000008d100000| PB 0x000000008d100000| Untracked |  0
| 253|0x0000000092500000, 0x0000000092500000, 0x0000000092600000|  0%| F|  |TAMS 0x0000000092500000| PB 0x0000000092500000| Untracked |  0
| 254|0x0000000092600000, 0x0000000092600000, 0x0000000092700000|  0%| F|  |TAMS 0x0000000092600000| PB 0x0000000092600000| Untracked |  0

Card table byte_map: [0x00000200f1350000,0x00000200f1740000] _byte_map_base: 0x00000200f0f3c000

Marking Bits: (CMBitMap*) 0x00000200e3b52180
 Bits: [0x00000200f1740000, 0x00000200f36a0000)

Polling page: 0x00000200e3bb0000

Metaspace:

Usage:
  Non-class:     67.40 MB used.
      Class:     11.28 MB used.
       Both:     78.69 MB used.

Virtual space:
  Non-class space:      128.00 MB reserved,      67.94 MB ( 53%) committed,  2 nodes.
      Class space:        1.00 GB reserved,      11.69 MB (  1%) committed,  1 nodes.
             Both:        1.12 GB reserved,      79.62 MB (  7%) committed. 

Chunk freelists:
   Non-Class:  12.20 MB
       Class:  4.33 MB
        Both:  16.53 MB

MaxMetaspaceSize: unlimited
CompressedClassSpaceSize: 1.00 GB
Initial GC threshold: 21.00 MB
Current GC threshold: 132.75 MB
CDS: on
 - commit_granule_bytes: 65536.
 - commit_granule_words: 8192.
 - virtual_space_node_default_size: 8388608.
 - enlarge_chunks_in_place: 1.
 - use_allocation_guard: 0.


Internal statistics:

num_allocs_failed_limit: 3.
num_arena_births: 1540.
num_arena_deaths: 714.
num_vsnodes_births: 3.
num_vsnodes_deaths: 0.
num_space_committed: 1274.
num_space_uncommitted: 0.
num_chunks_returned_to_freelist: 837.
num_chunks_taken_from_freelist: 4608.
num_chunk_merges: 169.
num_chunk_splits: 3010.
num_chunks_enlarged: 2288.
num_inconsistent_stats: 0.

CodeCache: size=49152Kb used=10884Kb max_used=19781Kb free=38267Kb
 bounds [0x00000200ed7e0000, 0x00000200eeb40000, 0x00000200f07e0000]
 total_blobs=5207 nmethods=4402 adapters=725
 compilation: enabled
              stopped_count=0, restarted_count=0
 full_count=0

Compilation events (20 events):
Event: 1554.288 Thread 0x00000200c6d935d0 nmethod 23545 0x00000200ee297410 code [0x00000200ee2975a0, 0x00000200ee297690]
Event: 1554.289 Thread 0x00000200c862fc80 nmethod 23544 0x00000200ede7b890 code [0x00000200ede7bb20, 0x00000200ede7c560]
Event: 1554.293 Thread 0x00000200c6d935d0 23547       1       org.apache.tomcat.util.net.NioChannel::isHandshakeComplete (2 bytes)
Event: 1554.293 Thread 0x00000200f618dd30 23546       1       org.apache.tomcat.util.net.SocketWrapperBase::getLock (5 bytes)
Event: 1554.293 Thread 0x00000200c6d935d0 nmethod 23547 0x00000200ee297110 code [0x00000200ee2972a0, 0x00000200ee297368]
Event: 1554.293 Thread 0x00000200c5bd1b50 23548       1       org.apache.tomcat.util.net.SocketWrapperBase::getNegotiatedProtocol (5 bytes)
Event: 1554.293 Thread 0x00000200f618dd30 nmethod 23546 0x00000200ee296e10 code [0x00000200ee296fa0, 0x00000200ee297068]
Event: 1554.293 Thread 0x00000200c5bd1b50 nmethod 23548 0x00000200ee296a90 code [0x00000200ee296c20, 0x00000200ee296ce8]
Event: 1554.294 Thread 0x00000200c862fc80 23549       1       org.springframework.security.web.context.DelegatingSecurityContextRepository::loadDeferredContext (74 bytes)
Event: 1554.294 Thread 0x00000200c862fc80 nmethod 23549 0x00000200ede7b190 code [0x00000200ede7b380, 0x00000200ede7b708]
Event: 1554.693 Thread 0x00000200c6d935d0 23550       1       org.apache.coyote.AbstractProcessor::setSslSupport (6 bytes)
Event: 1554.693 Thread 0x00000200c862fc80 23551       1       org.apache.tomcat.util.net.NioChannel::setAppReadBufHandler (6 bytes)
Event: 1554.693 Thread 0x00000200c6d935d0 nmethod 23550 0x00000200ede7ae90 code [0x00000200ede7b020, 0x00000200ede7b138]
Event: 1554.693 Thread 0x00000200c862fc80 nmethod 23551 0x00000200ede7ab90 code [0x00000200ede7ad20, 0x00000200ede7ae30]
Event: 1554.695 Thread 0x00000200c5bd1b50 23552       1       org.springframework.security.web.context.RequestAttributeSecurityContextRepository::loadDeferredContext (21 bytes)
Event: 1554.696 Thread 0x00000200c5bd1b50 nmethod 23552 0x00000200ede7a590 code [0x00000200ede7a740, 0x00000200ede7aa38]
Event: 1554.697 Thread 0x00000200c6d935d0 23553   !   1       org.springframework.util.ConcurrentReferenceHashMap$Segment::doTask (179 bytes)
Event: 1554.699 Thread 0x00000200c6d935d0 nmethod 23553 0x00000200ede79410 code [0x00000200ede79700, 0x00000200ede79e50]
Event: 1554.700 Thread 0x00000200f618dd30 23554       1       java.io.File::exists (34 bytes)
Event: 1554.700 Thread 0x00000200f618dd30 nmethod 23554 0x00000200ede78e90 code [0x00000200ede79060, 0x00000200ede79268]

GC Heap History (20 events):
Event: 741.553 GC heap after
{Heap after GC invocations=171 (full 1):
 garbage-first heap   total reserved 2056192K, committed 133120K, used 38448K [0x0000000082800000, 0x0000000100000000)
  region size 1024K, 1 young (1024K), 1 survivors (1024K)
 Metaspace       used 80561K, committed 81536K, reserved 1179648K
  class space    used 11551K, committed 11968K, reserved 1048576K
}
Event: 741.666 GC heap before
{Heap before GC invocations=171 (full 1):
 garbage-first heap   total reserved 2056192K, committed 133120K, used 117296K [0x0000000082800000, 0x0000000100000000)
  region size 1024K, 78 young (79872K), 1 survivors (1024K)
 Metaspace       used 80561K, committed 81536K, reserved 1179648K
  class space    used 11551K, committed 11968K, reserved 1048576K
}
Event: 741.668 GC heap after
{Heap after GC invocations=172 (full 1):
 garbage-first heap   total reserved 2056192K, committed 209920K, used 38318K [0x0000000082800000, 0x0000000100000000)
  region size 1024K, 1 young (1024K), 1 survivors (1024K)
 Metaspace       used 80561K, committed 81536K, reserved 1179648K
  class space    used 11551K, committed 11968K, reserved 1048576K
}
Event: 741.736 GC heap before
{Heap before GC invocations=172 (full 1):
 garbage-first heap   total reserved 2056192K, committed 209920K, used 72110K [0x0000000082800000, 0x0000000100000000)
  region size 1024K, 36 young (36864K), 1 survivors (1024K)
 Metaspace       used 80561K, committed 81536K, reserved 1179648K
  class space    used 11551K, committed 11968K, reserved 1048576K
}
Event: 741.738 GC heap after
{Heap after GC invocations=173 (full 1):
 garbage-first heap   total reserved 2056192K, committed 209920K, used 38784K [0x0000000082800000, 0x0000000100000000)
  region size 1024K, 1 young (1024K), 1 survivors (1024K)
 Metaspace       used 80561K, committed 81536K, reserved 1179648K
  class space    used 11551K, committed 11968K, reserved 1048576K
}
Event: 1025.275 GC heap before
{Heap before GC invocations=174 (full 1):
 garbage-first heap   total reserved 2056192K, committed 137216K, used 119680K [0x0000000082800000, 0x0000000100000000)
  region size 1024K, 80 young (81920K), 1 survivors (1024K)
 Metaspace       used 80561K, committed 81536K, reserved 1179648K
  class space    used 11551K, committed 11968K, reserved 1048576K
}
Event: 1025.280 GC heap after
{Heap after GC invocations=175 (full 1):
 garbage-first heap   total reserved 2056192K, committed 137216K, used 38166K [0x0000000082800000, 0x0000000100000000)
  region size 1024K, 1 young (1024K), 1 survivors (1024K)
 Metaspace       used 80561K, committed 81536K, reserved 1179648K
  class space    used 11551K, committed 11968K, reserved 1048576K
}
Event: 1316.335 GC heap before
{Heap before GC invocations=175 (full 1):
 garbage-first heap   total reserved 2056192K, committed 137216K, used 119062K [0x0000000082800000, 0x0000000100000000)
  region size 1024K, 80 young (81920K), 1 survivors (1024K)
 Metaspace       used 80561K, committed 81536K, reserved 1179648K
  class space    used 11551K, committed 11968K, reserved 1048576K
}
Event: 1316.345 GC heap after
{Heap after GC invocations=176 (full 1):
 garbage-first heap   total reserved 2056192K, committed 137216K, used 37932K [0x0000000082800000, 0x0000000100000000)
  region size 1024K, 1 young (1024K), 1 survivors (1024K)
 Metaspace       used 80561K, committed 81536K, reserved 1179648K
  class space    used 11551K, committed 11968K, reserved 1048576K
}
Event: 1554.345 GC heap before
{Heap before GC invocations=176 (full 1):
 garbage-first heap   total reserved 2056192K, committed 137216K, used 117804K [0x0000000082800000, 0x0000000100000000)
  region size 1024K, 80 young (81920K), 1 survivors (1024K)
 Metaspace       used 80574K, committed 81536K, reserved 1179648K
  class space    used 11554K, committed 11968K, reserved 1048576K
}
Event: 1554.349 GC heap after
{Heap after GC invocations=177 (full 1):
 garbage-first heap   total reserved 2056192K, committed 137216K, used 39114K [0x0000000082800000, 0x0000000100000000)
  region size 1024K, 2 young (2048K), 2 survivors (2048K)
 Metaspace       used 80574K, committed 81536K, reserved 1179648K
  class space    used 11554K, committed 11968K, reserved 1048576K
}
Event: 1554.528 GC heap before
{Heap before GC invocations=178 (full 1):
 garbage-first heap   total reserved 2056192K, committed 137216K, used 117962K [0x0000000082800000, 0x0000000100000000)
  region size 1024K, 80 young (81920K), 2 survivors (2048K)
 Metaspace       used 80574K, committed 81536K, reserved 1179648K
  class space    used 11554K, committed 11968K, reserved 1048576K
}
Event: 1554.530 GC heap after
{Heap after GC invocations=179 (full 1):
 garbage-first heap   total reserved 2056192K, committed 137216K, used 39237K [0x0000000082800000, 0x0000000100000000)
  region size 1024K, 2 young (2048K), 2 survivors (2048K)
 Metaspace       used 80574K, committed 81536K, reserved 1179648K
  class space    used 11554K, committed 11968K, reserved 1048576K
}
Event: 1554.595 GC heap before
{Heap before GC invocations=179 (full 1):
 garbage-first heap   total reserved 2056192K, committed 137216K, used 118085K [0x0000000082800000, 0x0000000100000000)
  region size 1024K, 80 young (81920K), 2 survivors (2048K)
 Metaspace       used 80574K, committed 81536K, reserved 1179648K
  class space    used 11554K, committed 11968K, reserved 1048576K
}
Event: 1554.598 GC heap after
{Heap after GC invocations=180 (full 1):
 garbage-first heap   total reserved 2056192K, committed 137216K, used 39707K [0x0000000082800000, 0x0000000100000000)
  region size 1024K, 2 young (2048K), 2 survivors (2048K)
 Metaspace       used 80574K, committed 81536K, reserved 1179648K
  class space    used 11554K, committed 11968K, reserved 1048576K
}
Event: 1554.863 GC heap before
{Heap before GC invocations=180 (full 1):
 garbage-first heap   total reserved 2056192K, committed 137216K, used 118555K [0x0000000082800000, 0x0000000100000000)
  region size 1024K, 80 young (81920K), 2 survivors (2048K)
 Metaspace       used 80574K, committed 81536K, reserved 1179648K
  class space    used 11554K, committed 11968K, reserved 1048576K
}
Event: 1554.866 GC heap after
{Heap after GC invocations=181 (full 1):
 garbage-first heap   total reserved 2056192K, committed 137216K, used 39570K [0x0000000082800000, 0x0000000100000000)
  region size 1024K, 2 young (2048K), 2 survivors (2048K)
 Metaspace       used 80574K, committed 81536K, reserved 1179648K
  class space    used 11554K, committed 11968K, reserved 1048576K
}
Event: 1554.970 GC heap before
{Heap before GC invocations=182 (full 1):
 garbage-first heap   total reserved 2056192K, committed 137216K, used 118418K [0x0000000082800000, 0x0000000100000000)
  region size 1024K, 80 young (81920K), 2 survivors (2048K)
 Metaspace       used 80574K, committed 81536K, reserved 1179648K
  class space    used 11554K, committed 11968K, reserved 1048576K
}
Event: 1554.973 GC heap after
{Heap after GC invocations=183 (full 1):
 garbage-first heap   total reserved 2056192K, committed 137216K, used 40423K [0x0000000082800000, 0x0000000100000000)
  region size 1024K, 3 young (3072K), 3 survivors (3072K)
 Metaspace       used 80574K, committed 81536K, reserved 1179648K
  class space    used 11554K, committed 11968K, reserved 1048576K
}
Event: 1555.045 GC heap before
{Heap before GC invocations=183 (full 1):
 garbage-first heap   total reserved 2056192K, committed 137216K, used 118247K [0x0000000082800000, 0x0000000100000000)
  region size 1024K, 80 young (81920K), 3 survivors (3072K)
 Metaspace       used 80574K, committed 81536K, reserved 1179648K
  class space    used 11554K, committed 11968K, reserved 1048576K
}

Dll operation events (10 events):
Event: 0.015 Loaded shared library C:\Program Files\Java\jdk-22\bin\java.dll
Event: 0.167 Loaded shared library C:\Program Files\Java\jdk-22\bin\jimage.dll
Event: 0.172 Loaded shared library C:\Program Files\Java\jdk-22\bin\net.dll
Event: 0.174 Loaded shared library C:\Program Files\Java\jdk-22\bin\nio.dll
Event: 0.176 Loaded shared library C:\Program Files\Java\jdk-22\bin\zip.dll
Event: 0.249 Loaded shared library C:\Program Files\Java\jdk-22\bin\management.dll
Event: 0.260 Loaded shared library C:\Program Files\Java\jdk-22\bin\management_ext.dll
Event: 0.513 Loaded shared library C:\Program Files\Java\jdk-22\bin\extnet.dll
Event: 1.986 Loaded shared library C:\Program Files\Java\jdk-22\bin\sunmscapi.dll
Event: 5.012 Loaded shared library C:\Program Files\Java\jdk-22\bin\verify.dll

Deoptimization events (6 events):
Event: 8.320 Thread 0x00000200c63c8b00 DEOPT PACKING pc=0x00000200ede3e239 sp=0x00000003945fbd50
Event: 8.320 Thread 0x00000200c63c8b00 DEOPT UNPACKING pc=0x00000200ed834e42 sp=0x00000003945fb258 mode 3
Event: 8.436 Thread 0x00000200c63c8b00 DEOPT PACKING pc=0x00000200ee298a2c sp=0x00000003945fc1c0
Event: 8.436 Thread 0x00000200c63c8b00 DEOPT UNPACKING pc=0x00000200ed834e42 sp=0x00000003945fb718 mode 0
Event: 71.381 Thread 0x00000200c8923df0 DEOPT PACKING pc=0x00000200ee8f98fc sp=0x00000003956fbd30
Event: 71.381 Thread 0x00000200c8923df0 DEOPT UNPACKING pc=0x00000200ed834e42 sp=0x00000003956fb248 mode 0

Classes loaded (20 events):
Event: 430.154 Loading class sun/security/ssl/Alert
Event: 430.155 Loading class sun/security/ssl/Alert done
Event: 430.155 Loading class sun/security/ssl/Alert$AlertConsumer
Event: 430.155 Loading class sun/security/ssl/Alert$AlertConsumer done
Event: 430.156 Loading class sun/security/ssl/Alert$Level
Event: 430.172 Loading class sun/security/ssl/Alert$Level done
Event: 430.173 Loading class javax/crypto/AEADBadTagException
Event: 430.173 Loading class javax/crypto/BadPaddingException
Event: 430.173 Loading class javax/crypto/BadPaddingException done
Event: 430.173 Loading class javax/crypto/AEADBadTagException done
Event: 430.173 Loading class javax/net/ssl/SSLHandshakeException
Event: 430.173 Loading class javax/net/ssl/SSLHandshakeException done
Event: 430.191 Loading class java/io/FileOutputStream$1
Event: 430.192 Loading class java/io/FileOutputStream$1 done
Event: 430.240 Loading class java/lang/ref/Finalizer$2
Event: 430.240 Loading class java/lang/ref/Finalizer$2 done
Event: 430.240 Loading class java/lang/ref/Finalizer$1
Event: 430.240 Loading class java/lang/ref/Finalizer$1 done
Event: 434.118 Loading class java/time/DurationEditor
Event: 434.118 Loading class java/time/DurationEditor done

Classes unloaded (20 events):
Event: 540.678 Thread 0x00000200f61512f0 Unloading class 0x00000200815a1400 'java/lang/invoke/LambdaForm$MH+0x00000200815a1400'
Event: 540.678 Thread 0x00000200f61512f0 Unloading class 0x00000200815b0400 'java/lang/invoke/LambdaForm$MH+0x00000200815b0400'
Event: 540.678 Thread 0x00000200f61512f0 Unloading class 0x00000200815b0800 'java/lang/invoke/LambdaForm$MH+0x00000200815b0800'
Event: 540.678 Thread 0x00000200f61512f0 Unloading class 0x00000200815b1000 'java/lang/invoke/LambdaForm$MH+0x00000200815b1000'
Event: 540.678 Thread 0x00000200f61512f0 Unloading class 0x00000200815c1800 'java/lang/invoke/LambdaForm$MH+0x00000200815c1800'
Event: 540.678 Thread 0x00000200f61512f0 Unloading class 0x0000020081884000 'java/lang/invoke/LambdaForm$MH+0x0000020081884000'
Event: 540.678 Thread 0x00000200f61512f0 Unloading class 0x0000020081915400 'java/lang/invoke/LambdaForm$MH+0x0000020081915400'
Event: 540.678 Thread 0x00000200f61512f0 Unloading class 0x0000020081916000 'java/lang/invoke/LambdaForm$MH+0x0000020081916000'
Event: 540.678 Thread 0x00000200f61512f0 Unloading class 0x0000020081916c00 'java/lang/invoke/LambdaForm$MH+0x0000020081916c00'
Event: 540.678 Thread 0x00000200f61512f0 Unloading class 0x0000020081002800 'java/lang/invoke/LambdaForm$MH+0x0000020081002800'
Event: 540.678 Thread 0x00000200f61512f0 Unloading class 0x0000020081005c00 'java/lang/invoke/LambdaForm$MH+0x0000020081005c00'
Event: 540.678 Thread 0x00000200f61512f0 Unloading class 0x00000200810c0c00 'java/lang/invoke/LambdaForm$MH+0x00000200810c0c00'
Event: 540.678 Thread 0x00000200f61512f0 Unloading class 0x00000200810c2000 'java/lang/invoke/LambdaForm$MH+0x00000200810c2000'
Event: 540.678 Thread 0x00000200f61512f0 Unloading class 0x00000200810c2800 'java/lang/invoke/LambdaForm$MH+0x00000200810c2800'
Event: 540.678 Thread 0x00000200f61512f0 Unloading class 0x00000200810c3000 'java/lang/invoke/LambdaForm$MH+0x00000200810c3000'
Event: 540.678 Thread 0x00000200f61512f0 Unloading class 0x00000200810e8000 'java/lang/invoke/LambdaForm$MH+0x00000200810e8000'
Event: 540.678 Thread 0x00000200f61512f0 Unloading class 0x000002008119c800 'java/lang/invoke/LambdaForm$MH+0x000002008119c800'
Event: 540.678 Thread 0x00000200f61512f0 Unloading class 0x000002008119e400 'java/lang/invoke/LambdaForm$MH+0x000002008119e400'
Event: 540.678 Thread 0x00000200f61512f0 Unloading class 0x0000020081b90400 'java/lang/invoke/LambdaForm$MH+0x0000020081b90400'
Event: 540.678 Thread 0x00000200f61512f0 Unloading class 0x0000020081b9c800 'java/lang/invoke/LambdaForm$MH+0x0000020081b9c800'

Classes redefined (0 events):
No events

Internal exceptions (20 events):
Event: 734.238 Thread 0x00000200c891fc50 Exception <a 'java/lang/StackOverflowError'{0x000000008642a980}> (0x000000008642a980) 
thrown [s\open\src\hotspot\share\runtime\sharedRuntime.cpp, line 628]
Event: 734.899 Thread 0x00000200c89230d0 StackOverflowError at 0x00000200eea79360
Event: 734.899 Thread 0x00000200c89230d0 Exception <a 'java/lang/StackOverflowError'{0x0000000089cefca8}> (0x0000000089cefca8) 
thrown [s\open\src\hotspot\share\runtime\sharedRuntime.cpp, line 628]
Event: 735.123 Thread 0x00000200c5a7ee70 Exception <a 'java/lang/NoSuchMethodError'{0x0000000092280e78}: static [B.<clinit>()V> (0x0000000092280e78) 
thrown [s\open\src\hotspot\share\prims\jni.cpp, line 1111]
Event: 735.197 Thread 0x00000200c89230d0 StackOverflowError at 0x00000200eea79360
Event: 735.197 Thread 0x00000200c89230d0 Exception <a 'java/lang/StackOverflowError'{0x000000008dbe9d48}> (0x000000008dbe9d48) 
thrown [s\open\src\hotspot\share\runtime\sharedRuntime.cpp, line 628]
Event: 741.245 Thread 0x00000200c8b94b40 StackOverflowError at 0x00000200ed8ecc60
Event: 741.245 Thread 0x00000200c8b94b40 Exception <a 'java/lang/StackOverflowError'{0x000000008d357100}> (0x000000008d357100) 
thrown [s\open\src\hotspot\share\runtime\sharedRuntime.cpp, line 628]
Event: 741.399 Thread 0x00000200c89230d0 StackOverflowError at 0x00000200eea79360
Event: 741.399 Thread 0x00000200c89230d0 Exception <a 'java/lang/StackOverflowError'{0x000000008d3eed30}> (0x000000008d3eed30) 
thrown [s\open\src\hotspot\share\runtime\sharedRuntime.cpp, line 628]
Event: 1554.300 Thread 0x00000200c8b97930 StackOverflowError at 0x00000200eea79360
Event: 1554.301 Thread 0x00000200c8b97930 Exception <a 'java/lang/StackOverflowError'{0x000000008623b0e0}> (0x000000008623b0e0) 
thrown [s\open\src\hotspot\share\runtime\sharedRuntime.cpp, line 628]
Event: 1554.323 Thread 0x00000200c8b94b40 StackOverflowError at 0x00000200ed8ecc60
Event: 1554.323 Thread 0x00000200c8b94b40 Exception <a 'java/lang/StackOverflowError'{0x000000008619b9e8}> (0x000000008619b9e8) 
thrown [s\open\src\hotspot\share\runtime\sharedRuntime.cpp, line 628]
Event: 1554.383 Thread 0x00000200c891fc50 StackOverflowError at 0x00000200eea79360
Event: 1554.383 Thread 0x00000200c891fc50 Exception <a 'java/lang/StackOverflowError'{0x0000000092594810}> (0x0000000092594810) 
thrown [s\open\src\hotspot\share\runtime\sharedRuntime.cpp, line 628]
Event: 1554.477 Thread 0x00000200c8b97fc0 StackOverflowError at 0x00000200eea79360
Event: 1554.477 Thread 0x00000200c8b97fc0 Exception <a 'java/lang/StackOverflowError'{0x0000000088c9f4f0}> (0x0000000088c9f4f0) 
thrown [s\open\src\hotspot\share\runtime\sharedRuntime.cpp, line 628]
Event: 1554.890 Thread 0x00000200c8922a40 StackOverflowError at 0x00000200eea79360
Event: 1554.890 Thread 0x00000200c8922a40 Exception <a 'java/lang/StackOverflowError'{0x000000008a4a7048}> (0x000000008a4a7048) 
thrown [s\open\src\hotspot\share\runtime\sharedRuntime.cpp, line 628]

ZGC Phase Switch (0 events):
No events

VM Operations (20 events):
Event: 1554.156 Executing VM operation: Cleanup done
Event: 1554.323 Executing VM operation: G1CollectForAllocation (G1 Evacuation Pause)
Event: 1554.349 Executing VM operation: G1CollectForAllocation (G1 Evacuation Pause) done
Event: 1554.437 Executing VM operation: G1PauseRemark
Event: 1554.446 Executing VM operation: G1PauseRemark done
Event: 1554.479 Executing VM operation: G1PauseCleanup
Event: 1554.480 Executing VM operation: G1PauseCleanup done
Event: 1554.527 Executing VM operation: G1CollectForAllocation (G1 Evacuation Pause)
Event: 1554.530 Executing VM operation: G1CollectForAllocation (G1 Evacuation Pause) done
Event: 1554.595 Executing VM operation: G1CollectForAllocation (G1 Evacuation Pause)
Event: 1554.598 Executing VM operation: G1CollectForAllocation (G1 Evacuation Pause) done
Event: 1554.863 Executing VM operation: G1CollectForAllocation (G1 Evacuation Pause)
Event: 1554.866 Executing VM operation: G1CollectForAllocation (G1 Evacuation Pause) done
Event: 1554.931 Executing VM operation: G1PauseRemark
Event: 1554.938 Executing VM operation: G1PauseRemark done
Event: 1554.962 Executing VM operation: G1PauseCleanup
Event: 1554.963 Executing VM operation: G1PauseCleanup done
Event: 1554.969 Executing VM operation: G1CollectForAllocation (G1 Evacuation Pause)
Event: 1554.973 Executing VM operation: G1CollectForAllocation (G1 Evacuation Pause) done
Event: 1555.045 Executing VM operation: G1CollectForAllocation (G1 Evacuation Pause)

Events (20 events):
Event: 1554.937 Thread 0x00000200f61512f0 flushing nmethod 0x00000200ee0b5290
Event: 1554.937 Thread 0x00000200f61512f0 flushing nmethod 0x00000200ee116290
Event: 1554.937 Thread 0x00000200f61512f0 flushing nmethod 0x00000200ee116f90
Event: 1554.937 Thread 0x00000200f61512f0 flushing nmethod 0x00000200ee120810
Event: 1554.937 Thread 0x00000200f61512f0 flushing nmethod 0x00000200ee12f710
Event: 1554.937 Thread 0x00000200f61512f0 flushing nmethod 0x00000200ee138710
Event: 1554.937 Thread 0x00000200f61512f0 flushing nmethod 0x00000200ee317a10
Event: 1554.937 Thread 0x00000200f61512f0 flushing nmethod 0x00000200ee3c1510
Event: 1554.937 Thread 0x00000200f61512f0 flushing nmethod 0x00000200ee6a1e10
Event: 1554.937 Thread 0x00000200f61512f0 flushing nmethod 0x00000200ee713510
Event: 1554.937 Thread 0x00000200f61512f0 flushing nmethod 0x00000200ee714a10
Event: 1554.937 Thread 0x00000200f61512f0 flushing nmethod 0x00000200ee730090
Event: 1554.937 Thread 0x00000200f61512f0 flushing nmethod 0x00000200ee730a10
Event: 1554.937 Thread 0x00000200f61512f0 flushing nmethod 0x00000200ee74c590
Event: 1554.937 Thread 0x00000200f61512f0 flushing nmethod 0x00000200ee792c10
Event: 1554.937 Thread 0x00000200f61512f0 flushing nmethod 0x00000200ee793210
Event: 1554.937 Thread 0x00000200f61512f0 flushing nmethod 0x00000200ee8dd410
Event: 1554.937 Thread 0x00000200f61512f0 flushing nmethod 0x00000200ee915c10
Event: 1554.937 Thread 0x00000200f61512f0 flushing nmethod 0x00000200ee916110
Event: 1554.937 Thread 0x00000200f61512f0 flushing nmethod 0x00000200ee918990


Dynamic libraries:
0x00007ff6757d0000 - 0x00007ff6757e0000 	C:\Program Files\Java\jdk-22\bin\javaw.exe
0x00007ffb91560000 - 0x00007ffb917c3000 	C:\WINDOWS\SYSTEM32\ntdll.dll
0x00007ffb8fb00000 - 0x00007ffb8fbc8000 	C:\WINDOWS\System32\KERNEL32.DLL
0x00007ffb8e960000 - 0x00007ffb8ed12000 	C:\WINDOWS\System32\KERNELBASE.dll
0x00007ffb8ef30000 - 0x00007ffb8f07b000 	C:\WINDOWS\System32\ucrtbase.dll
0x00007ffb88100000 - 0x00007ffb88117000 	C:\Program Files\Java\jdk-22\bin\jli.dll
0x00007ffb7cd30000 - 0x00007ffb7cd4b000 	C:\Program Files\Java\jdk-22\bin\VCRUNTIME140.dll
0x00007ffb91280000 - 0x00007ffb91334000 	C:\WINDOWS\System32\ADVAPI32.dll
0x00007ffb90fb0000 - 0x00007ffb91059000 	C:\WINDOWS\System32\msvcrt.dll
0x00007ffb8fbd0000 - 0x00007ffb8fc76000 	C:\WINDOWS\System32\sechost.dll
0x00007ffb90e60000 - 0x00007ffb90f76000 	C:\WINDOWS\System32\RPCRT4.dll
0x00007ffb91350000 - 0x00007ffb91518000 	C:\WINDOWS\System32\USER32.dll
0x00007ffb78270000 - 0x00007ffb78500000 	C:\WINDOWS\WinSxS\amd64_microsoft.windows.common-controls_6595b64144ccf1df_6.0.26100.2454_none_3e0b68a2e331ad60\COMCTL32.dll
0x00007ffb8e930000 - 0x00007ffb8e957000 	C:\WINDOWS\System32\win32u.dll
0x00007ffb90e30000 - 0x00007ffb90e5a000 	C:\WINDOWS\System32\GDI32.dll
0x00007ffb8f290000 - 0x00007ffb8f3bb000 	C:\WINDOWS\System32\gdi32full.dll
0x00007ffb8edc0000 - 0x00007ffb8ee63000 	C:\WINDOWS\System32\msvcp_win.dll
0x00007ffb891d0000 - 0x00007ffb891db000 	C:\WINDOWS\SYSTEM32\VERSION.dll
0x00007ffb90430000 - 0x00007ffb9045f000 	C:\WINDOWS\System32\IMM32.DLL
0x00007ffb820e0000 - 0x00007ffb820ec000 	C:\Program Files\Java\jdk-22\bin\vcruntime140_1.dll
0x00007ffb54bc0000 - 0x00007ffb54c4e000 	C:\Program Files\Java\jdk-22\bin\msvcp140.dll
0x00007ffb3e050000 - 0x00007ffb3ed98000 	C:\Program Files\Java\jdk-22\bin\server\jvm.dll
0x00007ffb906a0000 - 0x00007ffb90714000 	C:\WINDOWS\System32\WS2_32.dll
0x00007ffb8d5a0000 - 0x00007ffb8d5ee000 	C:\WINDOWS\SYSTEM32\POWRPROF.dll
0x00007ffb79e60000 - 0x00007ffb79e96000 	C:\WINDOWS\SYSTEM32\WINMM.dll
0x00007ffb8d580000 - 0x00007ffb8d594000 	C:\WINDOWS\SYSTEM32\UMPDC.dll
0x00007ffb8d840000 - 0x00007ffb8d85a000 	C:\WINDOWS\SYSTEM32\kernel.appcore.dll
0x00007ffb7cd20000 - 0x00007ffb7cd2a000 	C:\Program Files\Java\jdk-22\bin\jimage.dll
0x00007ffb8c310000 - 0x00007ffb8c551000 	C:\WINDOWS\SYSTEM32\DBGHELP.DLL
0x00007ffb8fd60000 - 0x00007ffb900de000 	C:\WINDOWS\System32\combase.dll
0x00007ffb8fc80000 - 0x00007ffb8fd56000 	C:\WINDOWS\System32\OLEAUT32.dll
0x00007ffb7bff0000 - 0x00007ffb7c029000 	C:\WINDOWS\SYSTEM32\dbgcore.DLL
0x00007ffb8ed20000 - 0x00007ffb8edb9000 	C:\WINDOWS\System32\bcryptPrimitives.dll
0x00007ffb75a80000 - 0x00007ffb75a9e000 	C:\Program Files\Java\jdk-22\bin\java.dll
0x00007ffb90720000 - 0x00007ffb90e20000 	C:\WINDOWS\System32\SHELL32.dll
0x00007ffb90500000 - 0x00007ffb90699000 	C:\WINDOWS\System32\ole32.dll
0x00007ffb8c640000 - 0x00007ffb8ce71000 	C:\WINDOWS\SYSTEM32\windows.storage.dll
0x00007ffb90350000 - 0x00007ffb9042a000 	C:\WINDOWS\System32\SHCORE.dll
0x00007ffb90470000 - 0x00007ffb904cd000 	C:\WINDOWS\System32\shlwapi.dll
0x00007ffb8e840000 - 0x00007ffb8e86e000 	C:\WINDOWS\SYSTEM32\profapi.dll
0x00007ffb7c7d0000 - 0x00007ffb7c7e0000 	C:\Program Files\Java\jdk-22\bin\net.dll
0x00007ffb8dd20000 - 0x00007ffb8dd88000 	C:\WINDOWS\system32\mswsock.dll
0x00007ffb676b0000 - 0x00007ffb676c6000 	C:\Program Files\Java\jdk-22\bin\nio.dll
0x00007ffb67580000 - 0x00007ffb67597000 	C:\Program Files\Java\jdk-22\bin\zip.dll
0x00007ffb7bf70000 - 0x00007ffb7bf7a000 	C:\Program Files\Java\jdk-22\bin\management.dll
0x00007ffb7b220000 - 0x00007ffb7b22b000 	C:\Program Files\Java\jdk-22\bin\management_ext.dll
0x00007ffb911c0000 - 0x00007ffb911c8000 	C:\WINDOWS\System32\PSAPI.DLL
0x00007ffb37560000 - 0x00007ffb37578000 	C:\WINDOWS\system32\napinsp.dll
0x00007ffb8d220000 - 0x00007ffb8d345000 	C:\WINDOWS\SYSTEM32\DNSAPI.dll
0x00007ffb8d1e0000 - 0x00007ffb8d212000 	C:\WINDOWS\SYSTEM32\IPHLPAPI.DLL
0x00007ffb90340000 - 0x00007ffb9034a000 	C:\WINDOWS\System32\NSI.dll
0x00007ffb37540000 - 0x00007ffb37552000 	C:\WINDOWS\System32\winrnr.dll
0x00007ffb37580000 - 0x00007ffb375a2000 	C:\WINDOWS\system32\nlansp_c.dll
0x00007ffb5d950000 - 0x00007ffb5d966000 	C:\WINDOWS\system32\wshbth.dll
0x00007ffb817b0000 - 0x00007ffb817bb000 	C:\Windows\System32\rasadhlp.dll
0x00007ffb851e0000 - 0x00007ffb85265000 	C:\WINDOWS\System32\fwpuclnt.dll
0x00007ffb8e0d0000 - 0x00007ffb8e0ec000 	C:\WINDOWS\SYSTEM32\CRYPTSP.dll
0x00007ffb8d7a0000 - 0x00007ffb8d7d8000 	C:\WINDOWS\system32\rsaenh.dll
0x00007ffb8ddc0000 - 0x00007ffb8ddeb000 	C:\WINDOWS\SYSTEM32\USERENV.dll
0x00007ffb8e260000 - 0x00007ffb8e286000 	C:\WINDOWS\SYSTEM32\bcrypt.dll
0x00007ffb8df50000 - 0x00007ffb8df5c000 	C:\WINDOWS\SYSTEM32\CRYPTBASE.dll
0x00007ffb7b010000 - 0x00007ffb7b019000 	C:\Program Files\Java\jdk-22\bin\extnet.dll
0x00007ffb7a610000 - 0x00007ffb7a61e000 	C:\Program Files\Java\jdk-22\bin\sunmscapi.dll
0x00007ffb8f080000 - 0x00007ffb8f1f6000 	C:\WINDOWS\System32\CRYPT32.dll
0x00007ffb8e220000 - 0x00007ffb8e250000 	C:\WINDOWS\SYSTEM32\ncrypt.dll
0x00007ffb8e1d0000 - 0x00007ffb8e20f000 	C:\WINDOWS\SYSTEM32\NTASN1.dll
0x00007ffb7a360000 - 0x00007ffb7a370000 	C:\Program Files\Java\jdk-22\bin\verify.dll
0x00007ffb7a2e0000 - 0x00007ffb7a2e8000 	C:\WINDOWS\system32\wshunix.dll

dbghelp: loaded successfully - version: 4.0.5 - missing functions: none
symbol engine: initialized successfully - sym options: 0x614 - pdb path: .;C:\Program Files\Java\jdk-22\bin;C:\WINDOWS\SYSTEM32;C:\WINDOWS\WinSxS\amd64_microsoft.windows.common-controls_6595b64144ccf1df_6.0.26100.2454_none_3e0b68a2e331ad60;C:\Program Files\Java\jdk-22\bin\server

VM Arguments:
jvm_args: -Dcom.sun.management.jmxremote -Dcom.sun.management.jmxremote.port=64511 -Dcom.sun.management.jmxremote.authenticate=false -Dcom.sun.management.jmxremote.ssl=false -Djava.rmi.server.hostname=localhost -Dspring.jmx.enabled=true -Dmanagement.endpoints.jmx.exposure.include=* -Dspring.application.admin.enabled=true -XX:TieredStopAtLevel=1 -Dspring.boot.project.name=ITProject -Dfile.encoding=UTF-8 -Dstdout.encoding=UTF-8 -Dstderr.encoding=UTF-8 -XX:+ShowCodeDetailsInExceptionMessages 
java_command: vn.project.ItProjectApplication --spring.output.ansi.enabled=always
java_class_path (initial): F:\SpringToolSuite\ITProject\target\classes;C:\Users\Admin\.m2\repository\org\springframework\boot\spring-boot-starter-data-jpa\3.3.5\spring-boot-starter-data-jpa-3.3.5.jar;C:\Users\Admin\.m2\repository\org\springframework\boot\spring-boot-starter-aop\3.3.5\spring-boot-starter-aop-3.3.5.jar;C:\Users\Admin\.m2\repository\org\aspectj\aspectjweaver\1.9.22.1\aspectjweaver-1.9.22.1.jar;C:\Users\Admin\.m2\repository\org\springframework\boot\spring-boot-starter-jdbc\3.3.5\spring-boot-starter-jdbc-3.3.5.jar;C:\Users\Admin\.m2\repository\com\zaxxer\HikariCP\5.1.0\HikariCP-5.1.0.jar;C:\Users\Admin\.m2\repository\org\springframework\spring-jdbc\6.1.14\spring-jdbc-6.1.14.jar;C:\Users\Admin\.m2\repository\org\hibernate\orm\hibernate-core\6.5.3.Final\hibernate-core-6.5.3.Final.jar;C:\Users\Admin\.m2\repository\jakarta\persistence\jakarta.persistence-api\3.1.0\jakarta.persistence-api-3.1.0.jar;C:\Users\Admin\.m2\repository\jakarta\transaction\jakarta.transaction-api\2.0.1\jakarta.transaction-api-2.0.1.jar;C:\Users\Admin\.m2\repository\org\jboss\logging\jboss-logging\3.5.3.Final\jboss-logging-3.5.3.Final.jar;C:\Users\Admin\.m2\repository\org\hibernate\common\hibernate-commons-annotations\6.0.6.Final\hibernate-commons-annotations-6.0.6.Final.jar;C:\Users\Admin\.m2\repository\io\smallrye\jandex\3.1.2\jandex-3.1.2.jar;C:\Users\Admin\.m2\repository\com\fasterxml\classmate\1.7.0\classmate-1.7.0.jar;C:\Users\Admin\.m2\repository\net\bytebuddy\byte-buddy\1.14.19\byte-buddy-1.14.19.jar;C:\Users\Admin\.m2\repository\org\glassfish\jaxb\jaxb-runtime\4.0.5\jaxb-runtime-4.0.5.jar;C:\Users\Admin\.m2\repository\org\glassfish\jaxb\jaxb-core\4.0.5\jaxb-core-4.0.5.jar;C:\Users\Admin\.m2\repository\org\glassfish\jaxb\txw2\4.0.5\txw2-4.0.5.jar;C:\Users\Admin\.m2\repository\com\sun\istack\istack-commons-runtime\4.1.2\istack-commons-runtime-4.1.2.jar;C:\Users\Admin\.m2\repository\jakarta\inject\jakarta.inject-api\2.0.1\jakarta.inject-api-2.0.1.jar;C:\Users\Admin\.m2\repository\org\antlr\antlr4-runtime\4.13.0\antlr4-runtime-4.13.0.jar;C:\Users\Admin\.m2\repository\org\springframework\data\spring-data-jpa\3.3.5\spring-data-jpa-3.3.5.jar;C:\Users\Admin\.m2\repository\org\springframework\data\spring-data-commons\3.3.5\spring-data-commons-3.3.5.jar;C:\Users\Admin\.m2\repository\org\springframework\spring-orm\6.1.14\spring-orm-6.1.14.jar;C:\Users\Admin\.m2\repository\org\springframework\spring-tx\6.1.14\spring-tx-6.1.14.jar;C:\Users\Admin\.m2\repository\jakarta\annotation\jakarta.annotation-api\2.1.1\jakarta.annotation-api-2.1.1.jar;C:\Users\Admin\.m2\repository\org\springframework\spring-aspects\6.1.14\spring-aspects-6.1.14.jar;C:\Users\Admin\.m2\repository\org\springframework\boot\spring-boot-starter-mail\3.3.5\spring-boot-starter-mail-3.3.5.jar;C:\Users\Admin\.m2\repository\org\springframework\boot\spring-boot-starter\3.3.5\spring-boot-starter-3.3.5.jar;C:\Users\Admin\.m2\repository\org\springframework\boot\spring-boot-starter-logging\3.3.5\spring-boot-starter-logging-3.3.5.jar;C:\Users\Admin\.m2\repository\ch\qos\logback\logback-classic\1.5.11\logback-classic-1.5.11.jar;C:\Users\Admin\.m2\repository\ch\qos\logback\logback-core\1.5.11\logback-core-1.5.11.jar;C:\Users\Admin\.m2\repository\org\apache\logging\log4j\log4j-to-slf4j\2.23.1\log4j-to-slf4j-2.23.1.jar;C:\Users\Admin\.m2\repository\org\apache\logging\log4j\log4j-api\2.23.1\log4j-api-2.23.1.jar;C:\Users\Admin\.m2\repository\org\slf4j\jul-to-slf4j\2.0.16\jul-to-slf4j-2.0.16.jar;C:\Users\Admin\.m2\repository\org\yaml\snakeyaml\2.2\snakeyaml-2.2.jar;C:\Users\Admin\.m2\repository\org\springframework\spring-context-support\6.1.14\spring-context-support-6.1.14.jar;C:\Users\Admin\.m2\repository\org\eclipse\angus\jakarta.mail\2.0.3\jakarta.mail-2.0.3.jar;C:\Users\Admin\.m2\repository\jakarta\activation\jakarta.activation-api\2.1.3\jakarta.activation-api-2.1.3.jar;C:\Users\Admin\.m2\repository\org\eclipse\angus\angus-activation\2.0.2\angus-activation-2.0.2.jar;C:\Users\Admin\.m2\repository\org\springframework\boot\spring-boot-starter-thymeleaf\3.3.5\spring-boot-starter-thymeleaf-3.3.5.jar;C:\Users\Admin\.m2\repository\org\thymeleaf\thymeleaf-spring6\3.1.2.RELEASE\thymeleaf-spring6-3.1.2.RELEASE.jar;C:\Users\Admin\.m2\repository\org\thymeleaf\thymeleaf\3.1.2.RELEASE\thymeleaf-3.1.2.RELEASE.jar;C:\Users\Admin\.m2\repository\org\attoparser\attoparser\2.0.7.RELEASE\attoparser-2.0.7.RELEASE.jar;C:\Users\Admin\.m2\repository\org\unbescape\unbescape\1.1.6.RELEASE\unbescape-1.1.6.RELEASE.jar;C:\Users\Admin\.m2\repository\org\springframework\boot\spring-boot-starter-validation\3.3.5\spring-boot-starter-validation-3.3.5.jar;C:\Users\Admin\.m2\repository\org\apache\tomcat\embed\tomcat-embed-el\10.1.31\tomcat-embed-el-10.1.31.jar;C:\Users\Admin\.m2\repository\org\hibernate\validator\hibernate-validator\8.0.1.Final\hibernate-validator-8.0.1.Final.jar;C:\Users\Admin\.m2\repository\jakarta\validation\jakarta.validation-api\3.0.2\jakarta.validation-api-3.0.2.jar;C:\Users\Admin\.m2\repository\org\springframework\boot\spring-boot-starter-web\3.3.5\spring-boot-starter-web-3.3.5.jar;C:\Users\Admin\.m2\repository\org\springframework\boot\spring-boot-starter-json\3.3.5\spring-boot-starter-json-3.3.5.jar;C:\Users\Admin\.m2\repository\com\fasterxml\jackson\core\jackson-databind\2.17.2\jackson-databind-2.17.2.jar;C:\Users\Admin\.m2\repository\com\fasterxml\jackson\core\jackson-annotations\2.17.2\jackson-annotations-2.17.2.jar;C:\Users\Admin\.m2\repository\com\fasterxml\jackson\core\jackson-core\2.17.2\jackson-core-2.17.2.jar;C:\Users\Admin\.m2\repository\com\fasterxml\jackson\datatype\jackson-datatype-jdk8\2.17.2\jackson-datatype-jdk8-2.17.2.jar;C:\Users\Admin\.m2\repository\com\fasterxml\jackson\datatype\jackson-datatype-jsr310\2.17.2\jackson-datatype-jsr310-2.17.2.jar;C:\Users\Admin\.m2\repository\com\fasterxml\jackson\module\jackson-module-parameter-names\2.17.2\jackson-module-parameter-names-2.17.2.jar;C:\Users\Admin\.m2\repository\org\springframework\boot\spring-boot-starter-tomcat\3.3.5\spring-boot-starter-tomcat-3.3.5.jar;C:\Users\Admin\.m2\repository\org\apache\tomcat\embed\tomcat-embed-websocket\10.1.31\tomcat-embed-websocket-10.1.31.jar;C:\Users\Admin\.m2\repository\org\springframework\spring-web\6.1.14\spring-web-6.1.14.jar;C:\Users\Admin\.m2\repository\io\micrometer\micrometer-observation\1.13.6\micrometer-observation-1.13.6.jar;C:\Users\Admin\.m2\repository\io\micrometer\micrometer-commons\1.13.6\micrometer-commons-1.13.6.jar;C:\Users\Admin\.m2\repository\org\springframework\spring-webmvc\6.1.14\spring-webmvc-6.1.14.jar;C:\Users\Admin\.m2\repository\org\springframework\boot\spring-boot-starter-websocket\3.3.5\spring-boot-starter-websocket-3.3.5.jar;C:\Users\Admin\.m2\repository\org\springframework\spring-messaging\6.1.14\spring-messaging-6.1.14.jar;C:\Users\Admin\.m2\repository\org\springframework\spring-websocket\6.1.14\spring-websocket-6.1.14.jar;C:\Users\Admin\.m2\repository\org\springframework\boot\spring-boot-devtools\3.3.5\spring-boot-devtools-3.3.5.jar;C:\Users\Admin\.m2\repository\org\springframework\boot\spring-boot\3.3.5\spring-boot-3.3.5.jar;C:\Users\Admin\.m2\repository\org\springframework\boot\spring-boot-autoconfigure\3.3.5\spring-boot-autoconfigure-3.3.5.jar;C:\Users\Admin\.m2\repository\com\h2database\h2\2.2.224\h2-2.2.224.jar;C:\Users\Admin\.m2\repository\com\microsoft\sqlserver\mssql-jdbc\12.6.4.jre11\mssql-jdbc-12.6.4.jre11.jar;C:\Users\Admin\.m2\repository\org\projectlombok\lombok\1.18.34\lombok-1.18.34.jar;C:\Users\Admin\.m2\repository\jakarta\xml\bind\jakarta.xml.bind-api\4.0.2\jakarta.xml.bind-api-4.0.2.jar;C:\Users\Admin\.m2\repository\org\springframework\spring-core\6.1.14\spring-core-6.1.14.jar;C:\Users\Admin\.m2\repository\org\springframework\spring-jcl\6.1.14\spring-jcl-6.1.14.jar;C:\Users\Admin\.m2\repository\org\glassfish\web\jakarta.servlet.jsp.jstl\3.0.1\jakarta.servlet.jsp.jstl-3.0.1.jar;C:\Users\Admin\.m2\repository\org\apache\tomcat\embed\tomcat-embed-jasper\10.1.31\tomcat-embed-jasper-10.1.31.jar;C:\Users\Admin\.m2\repository\org\apache\tomcat\embed\tomcat-embed-core\10.1.31\tomcat-embed-core-10.1.31.jar;C:\Users\Admin\.m2\repository\org\apache\tomcat\tomcat-annotations-api\10.1.31\tomcat-annotations-api-10.1.31.jar;C:\Users\Admin\.m2\repository\org\eclipse\jdt\ecj\3.33.0\ecj-3.33.0.jar;C:\Users\Admin\.m2\repository\org\thymeleaf\extras\thymeleaf-extras-springsecurity5\3.1.1.RELEASE\thymeleaf-extras-springsecurity5-3.1.1.RELEASE.jar;C:\Users\Admin\.m2\repository\org\thymeleaf\thymeleaf-spring5\3.1.1.RELEASE\thymeleaf-spring5-3.1.1.RELEASE.jar;C:\Users\Admin\.m2\repository\org\slf4j\slf4j-api\2.0.16\slf4j-api-2.0.16.jar;F:\SpringToolSuite\SpringBootSecurityJWT\target\classes;C:\Users\Admin\.m2\repository\org\thymeleaf\extras\thymeleaf-extras-springsecurity6\3.1.2.RELEASE\thymeleaf-extras-springsecurity6-3.1.2.RELEASE.jar;C:\Users\Admin\.m2\repository\org\springframework\boot\spring-boot-starter-security\3.3.5\spring-boot-starter-security-3.3.5.jar;C:\Users\Admin\.m2\repository\org\springframework\spring-aop\6.1.14\spring-aop-6.1.14.jar;C:\Users\Admin\.m2\repository\org\springframework\security\spring-security-config\6.3.4\spring-security-config-6.3.4.jar;C:\Users\Admin\.m2\repository\org\springframework\security\spring-security-web\6.3.4\spring-security-web-6.3.4.jar;C:\Users\Admin\.m2\repository\org\springframework\security\spring-security-taglibs\6.3.4\spring-security-taglibs-6.3.4.jar;C:\Users\Admin\.m2\repository\org\springframework\security\spring-security-acl\6.3.4\spring-security-acl-6.3.4.jar;C:\Users\Admin\.m2\repository\org\springframework\security\spring-security-core\6.3.4\spring-security-core-6.3.4.jar;C:\Users\Admin\.m2\repository\org\springframework\security\spring-security-crypto\6.3.4\spring-security-crypto-6.3.4.jar;C:\Users\Admin\.m2\repository\org\springframework\spring-beans\6.1.14\spring-beans-6.1.14.jar;C:\Users\Admin\.m2\repository\org\springframework\spring-context\6.1.14\spring-context-6.1.14.jar;C:\Users\Admin\.m2\repository\org\springframework\spring-expression\6.1.14\spring-expression-6.1.14.jar
Launcher Type: SUN_STANDARD

[Global flags]
     intx CICompilerCount                          = 4                                         {product} {ergonomic}
     uint ConcGCThreads                            = 2                                         {product} {ergonomic}
     uint G1ConcRefinementThreads                  = 8                                         {product} {ergonomic}
   size_t G1HeapRegionSize                         = 1048576                                   {product} {ergonomic}
   size_t InitialHeapSize                          = 132120576                                 {product} {ergonomic}
     bool ManagementServer                         = true                                      {product} {command line}
   size_t MarkStackSize                            = 4194304                                   {product} {ergonomic}
   size_t MaxHeapSize                              = 2105540608                                {product} {ergonomic}
   size_t MaxNewSize                               = 1262485504                                {product} {ergonomic}
   size_t MinHeapDeltaBytes                        = 1048576                                   {product} {ergonomic}
   size_t MinHeapSize                              = 8388608                                   {product} {ergonomic}
    uintx NonNMethodCodeHeapSize                   = 4096                                   {pd product} {ergonomic}
    uintx NonProfiledCodeHeapSize                  = 0                                      {pd product} {ergonomic}
     bool ProfileInterpreter                       = false                                  {pd product} {command line}
    uintx ProfiledCodeHeapSize                     = 0                                      {pd product} {ergonomic}
     bool ShowCodeDetailsInExceptionMessages       = true                                   {manageable} {command line}
   size_t SoftMaxHeapSize                          = 2105540608                             {manageable} {ergonomic}
     intx TieredStopAtLevel                        = 1                                         {product} {command line}
     bool UseCompressedOops                        = true                           {product lp64_product} {ergonomic}
     bool UseG1GC                                  = true                                      {product} {ergonomic}
     bool UseLargePagesIndividualAllocation        = false                                  {pd product} {ergonomic}

Logging:
Log output configuration:
 #0: stdout all=warning uptime,level,tags foldmultilines=false
 #1: stderr all=off uptime,level,tags foldmultilines=false

Environment Variables:
PATH=F:/SpringToolSuite/sts-4.24.0.RELEASE//plugins/org.eclipse.justj.openjdk.hotspot.jre.full.win32.x86_64_21.0.3.v20240426-1530/jre/bin/server;F:/SpringToolSuite/sts-4.24.0.RELEASE//plugins/org.eclipse.justj.openjdk.hotspot.jre.full.win32.x86_64_21.0.3.v20240426-1530/jre/bin;C:\Program Files\Microsoft MPI\Bin\;C:\Program Files\Common Files\Oracle\Java\javapath;C:\Program Files (x86)\Common Files\Oracle\Java\java8path;C:\Program Files (x86)\Common Files\Oracle\Java\javapath;C:\Python39\Scripts\;C:\Python39\;C:\Program Files (x86)\VMware\VMware Workstation\bin\;C:\WINDOWS\system32;C:\WINDOWS;C:\WINDOWS\System32\Wbem;C:\WINDOWS\System32\WindowsPowerShell\v1.0\;C:\WINDOWS\System32\OpenSSH\;C:\Program Files\Intel\WiFi\bin\;C:\Program Files\Common Files\Intel\WirelessCommon\;C:\Program Files\Git\cmd;C:\Program Files (x86)\Microsoft SQL Server\160\Tools\Binn\;C:\Program Files\Microsoft SQL Server\160\Tools\Binn\;C:\Program Files\Microsoft SQL Server\Client SDK\ODBC\170\Tools\Binn\;C:\Program Files\Microsoft SQL Server\160\DTS\Binn\;C:\Program Files (x86)\Microsoft SQL Server\160\DTS\Binn\;C:\Program Files\dotnet\;C:\Users\Admin\AppData\Local\Microsoft\WindowsApps;C:\Program Files\Azure Data Studio\bin;;F:\Microsoft VS Code\bin;F:\SpringToolSuite\sts-4.24.0.RELEASE;
USERNAME=Admin
OS=Windows_NT
PROCESSOR_IDENTIFIER=Intel64 Family 6 Model 142 Stepping 10, GenuineIntel
TMP=C:\Users\Admin\AppData\Local\Temp
TEMP=C:\Users\Admin\AppData\Local\Temp




Periodic native trim disabled

---------------  S Y S T E M  ---------------

OS:
 Windows 11 , 64 bit Build 26100 (10.0.26100.2454)
OS uptime: 0 days 13:27 hours
Hyper-V role detected

CPU: total 8 (initial active 8) (4 cores per cpu, 2 threads per core) family 6 model 142 stepping 10 microcode 0xe0, cx8, cmov, fxsr, ht, mmx, 3dnowpref, sse, sse2, sse3, ssse3, sse4.1, sse4.2, popcnt, lzcnt, tsc, tscinvbit, avx, avx2, aes, erms, clmul, bmi1, bmi2, rtm, adx, fma, vzeroupper, clflush, clflushopt, hv, rdtscp, f16c
Processor Information for all 8 processors :
  Max Mhz: 2112, Current Mhz: 1910, Mhz Limit: 1900

Memory: 4k page, system-wide physical 8029M (1001M free)
TotalPageFile size 10077M (AvailPageFile size 5M)
current process WorkingSet (physical memory assigned to process): 212M, peak: 404M
current process commit charge ("private bytes"): 419M, peak: 520M

vm_info: Java HotSpot(TM) 64-Bit Server VM (22+36-2370) for windows-amd64 JRE (22+36-2370), built on 2024-02-15T22:15:19Z by "mach5one" with MS VC++ 17.6 (VS2022)

END.
