#
# There is insufficient memory for the Java Runtime Environment to continue.
# Native memory allocation (mmap) failed to map 350224384 bytes. Error detail: G1 virtual space
# Possible reasons:
#   The system is out of physical RAM or swap space
#   This process is running with CompressedOops enabled, and the Java Heap may be blocking the growth of the native heap
# Possible solutions:
#   Reduce memory load on the system
#   Increase physical memory or swap space
#   Check if swap backing store is full
#   Decrease Java heap size (-Xmx/-Xms)
#   Decrease number of Java threads
#   Decrease Java thread stack sizes (-Xss)
#   Set larger code cache with -XX:ReservedCodeCacheSize=
#   JVM is running with Unscaled Compressed Oops mode in which the Java heap is
#     placed in the first 4GB address space. The Java Heap base address is the
#     maximum limit for the native heap growth. Please use -XX:HeapBaseMinAddress
#     to set the Java Heap base and to place the Java Heap above 4GB virtual address.
# This output file may be truncated or incomplete.
#
#  Out of Memory Error (os_windows.cpp:3631), pid=10572, tid=3652
#
# JRE version: Java(TM) SE Runtime Environment (22.0+36) (build 22+36-2370)
# Java VM: Java HotSpot(TM) 64-Bit Server VM (22+36-2370, mixed mode, emulated-client, sharing, tiered, compressed oops, compressed class ptrs, g1 gc, windows-amd64)
# No core dump will be written. Minidumps are not enabled by default on client versions of Windows
#

---------------  S U M M A R Y ------------

Command Line: -Dcom.sun.management.jmxremote -Dcom.sun.management.jmxremote.port=63396 -Dcom.sun.management.jmxremote.authenticate=false -Dcom.sun.management.jmxremote.ssl=false -Djava.rmi.server.hostname=localhost -Dspring.jmx.enabled=true -Dmanagement.endpoints.jmx.exposure.include=* -Dspring.application.admin.enabled=true -XX:TieredStopAtLevel=1 -Dspring.boot.project.name=ITProject -Dfile.encoding=UTF-8 -Dstdout.encoding=UTF-8 -Dstderr.encoding=UTF-8 -XX:+ShowCodeDetailsInExceptionMessages vn.project.ItProjectApplication --spring.output.ansi.enabled=always

Host: Intel(R) Core(TM) i7-8650U CPU @ 1.90GHz, 8 cores, 7G,  Windows 11 , 64 bit Build 26100 (10.0.26100.2454)
Time: Wed Dec 11 01:37:11 2024 SE Asia Standard Time elapsed time: 2040.429415 seconds (0d 0h 34m 0s)

---------------  T H R E A D  ---------------

Current thread (0x0000014f1ecf9e50):  VMThread "VM Thread"          [id=3652, stack(0x00000025e7d00000,0x00000025e7e00000) (1024K)]

Stack: [0x00000025e7d00000,0x00000025e7e00000]
Native frames: (J=compiled Java code, j=interpreted, Vv=VM code, C=native code)
V  [jvm.dll+0x6e2349]  (no source info available)
V  [jvm.dll+0x874ed3]  (no source info available)
V  [jvm.dll+0x8772fe]  (no source info available)
V  [jvm.dll+0x8779d3]  (no source info available)
V  [jvm.dll+0x27fcb6]  (no source info available)
V  [jvm.dll+0x6de9e5]  (no source info available)
V  [jvm.dll+0x6d34ea]  (no source info available)
V  [jvm.dll+0x35892a]  (no source info available)
V  [jvm.dll+0x360e56]  (no source info available)
V  [jvm.dll+0x3b3d7e]  (no source info available)
V  [jvm.dll+0x3b4028]  (no source info available)
V  [jvm.dll+0x32c4ec]  (no source info available)
V  [jvm.dll+0x32c577]  (no source info available)
V  [jvm.dll+0x3721ec]  (no source info available)
V  [jvm.dll+0x3708e6]  (no source info available)
V  [jvm.dll+0x32bbd7]  (no source info available)
V  [jvm.dll+0x3700a4]  (no source info available)
V  [jvm.dll+0x87d870]  (no source info available)
V  [jvm.dll+0x87ebf7]  (no source info available)
V  [jvm.dll+0x87f170]  (no source info available)
V  [jvm.dll+0x87f413]  (no source info available)
V  [jvm.dll+0x81d50b]  (no source info available)
V  [jvm.dll+0x6e09e5]  (no source info available)
C  [ucrtbase.dll+0x14ea0]  (no source info available)
C  [KERNEL32.DLL+0x2e8d7]  (no source info available)
C  [ntdll.dll+0xdfbcc]  (no source info available)

VM_Operation (0x00000025e99fb110): G1CollectForAllocation, mode: safepoint, requested by thread 0x0000014f67c70e10


---------------  P R O C E S S  ---------------

Threads class SMR info:
_java_thread_list=0x0000014f67e89640, length=34, elements={
0x0000014f1ed15030, 0x0000014f1ed15c90, 0x0000014f1ed1c810, 0x0000014f1ed23630,
0x0000014f1ed25700, 0x0000014f1ed23cc0, 0x0000014f1ed2dc70, 0x0000014f1ed24350,
0x0000014f1ed25d90, 0x0000014f1ed22910, 0x0000014f1ed249e0, 0x0000014f1ed22fa0,
0x0000014f64f6c380, 0x0000014f64f6ddc0, 0x0000014f64f6eae0, 0x0000014f67ad9bd0,
0x0000014f67adc9c0, 0x0000014f67ad8eb0, 0x0000014f67ad60c0, 0x0000014f67ad9540,
0x0000014f67c75cd0, 0x0000014f67c74fb0, 0x0000014f64f6bcf0, 0x0000014f6c8b0170,
0x0000014f67c6f3d0, 0x0000014f67c70e10, 0x0000014f67c6ed40, 0x0000014f67c72ee0,
0x0000014f67c72850, 0x0000014f67c700f0, 0x0000014f67c73c00, 0x0000014f6c8af3d0,
0x0000014f6c8b1cb0, 0x0000014f67c70780
}

Java Threads: ( => current thread )
  0x0000014f1ed15030 JavaThread "Reference Handler"          daemon [_thread_blocked, id=16124, stack(0x00000025e7e00000,0x00000025e7f00000) (1024K)]
  0x0000014f1ed15c90 JavaThread "Finalizer"                  daemon [_thread_blocked, id=15496, stack(0x00000025e7f00000,0x00000025e8000000) (1024K)]
  0x0000014f1ed1c810 JavaThread "Signal Dispatcher"          daemon [_thread_blocked, id=13712, stack(0x00000025e8000000,0x00000025e8100000) (1024K)]
  0x0000014f1ed23630 JavaThread "Attach Listener"            daemon [_thread_blocked, id=7304, stack(0x00000025e8100000,0x00000025e8200000) (1024K)]
  0x0000014f1ed25700 JavaThread "Service Thread"             daemon [_thread_blocked, id=10328, stack(0x00000025e8200000,0x00000025e8300000) (1024K)]
  0x0000014f1ed23cc0 JavaThread "Monitor Deflation Thread"   daemon [_thread_blocked, id=13472, stack(0x00000025e8300000,0x00000025e8400000) (1024K)]
  0x0000014f1ed2dc70 JavaThread "C1 CompilerThread0"         daemon [_thread_blocked, id=5360, stack(0x00000025e8400000,0x00000025e8500000) (1024K)]
  0x0000014f1ed24350 JavaThread "Common-Cleaner"             daemon [_thread_blocked, id=8780, stack(0x00000025e8500000,0x00000025e8600000) (1024K)]
  0x0000014f1ed25d90 JavaThread "Notification Thread"        daemon [_thread_blocked, id=11752, stack(0x00000025e8700000,0x00000025e8800000) (1024K)]
  0x0000014f1ed22910 JavaThread "RMI TCP Accept-0"           daemon [_thread_in_native, id=17224, stack(0x00000025e8a00000,0x00000025e8b00000) (1024K)]
  0x0000014f1ed249e0 JavaThread "RMI TCP Accept-63396"       daemon [_thread_in_native, id=4644, stack(0x00000025e8b00000,0x00000025e8c00000) (1024K)]
  0x0000014f1ed22fa0 JavaThread "RMI TCP Accept-0"           daemon [_thread_in_native, id=13488, stack(0x00000025e8c00000,0x00000025e8d00000) (1024K)]
  0x0000014f64f6c380 JavaThread "RMI Scheduler(0)"           daemon [_thread_blocked, id=8968, stack(0x00000025e9500000,0x00000025e9600000) (1024K)]
  0x0000014f64f6ddc0 JavaThread "JMX server connection timeout 35" daemon [_thread_blocked, id=15364, stack(0x00000025e9700000,0x00000025e9800000) (1024K)]
  0x0000014f64f6eae0 JavaThread "Live Reload Server"         daemon [_thread_in_native, id=5564, stack(0x00000025ea000000,0x00000025ea100000) (1024K)]
  0x0000014f67ad9bd0 JavaThread "DestroyJavaVM"                     [_thread_blocked, id=12436, stack(0x00000025e7600000,0x00000025e7700000) (1024K)]
  0x0000014f67adc9c0 JavaThread "RMI TCP Connection(81)-127.0.0.1" daemon [_thread_in_native, id=1668, stack(0x00000025e7400000,0x00000025e7500000) (1024K)]
  0x0000014f67ad8eb0 JavaThread "File Watcher"               daemon [_thread_blocked, id=16828, stack(0x00000025e9400000,0x00000025e9500000) (1024K)]
  0x0000014f67ad60c0 JavaThread "File Watcher"               daemon [_thread_blocked, id=9380, stack(0x00000025e9600000,0x00000025e9700000) (1024K)]
  0x0000014f67ad9540 JavaThread "File Watcher"               daemon [_thread_blocked, id=2436, stack(0x00000025e8900000,0x00000025e8a00000) (1024K)]
  0x0000014f67c75cd0 JavaThread "RMI TCP Connection(82)-127.0.0.1" daemon [_thread_in_native, id=4916, stack(0x00000025e8600000,0x00000025e8700000) (1024K)]
  0x0000014f67c74fb0 JavaThread "RMI TCP Connection(80)-127.0.0.1" daemon [_thread_in_native, id=4844, stack(0x00000025e8800000,0x00000025e8900000) (1024K)]
  0x0000014f64f6bcf0 JavaThread "RMI TCP Connection(83)-127.0.0.1" daemon [_thread_in_native, id=7632, stack(0x00000025eae00000,0x00000025eaf00000) (1024K)]
  0x0000014f6c8b0170 JavaThread "C1 CompilerThread1"         daemon [_thread_blocked, id=144, stack(0x00000025ea200000,0x00000025ea300000) (1024K)]
  0x0000014f67c6f3d0 JavaThread "Thread-149"                        [_thread_blocked, id=8732, stack(0x00000025e9800000,0x00000025e9900000) (1024K)]
  0x0000014f67c70e10 JavaThread "restartedMain"                     [_thread_blocked, id=4232, stack(0x00000025e9900000,0x00000025e9a00000) (1024K)]
  0x0000014f67c6ed40 JavaThread "mssql-jdbc-shared-timer-core-37" daemon [_thread_blocked, id=6656, stack(0x00000025e9a00000,0x00000025e9b00000) (1024K)]
  0x0000014f67c72ee0 JavaThread "HikariPool-39 housekeeper"  daemon [_thread_blocked, id=14180, stack(0x00000025e9c00000,0x00000025e9d00000) (1024K)]
  0x0000014f67c72850 JavaThread "Catalina-utility-1"                [_thread_blocked, id=4400, stack(0x00000025e9d00000,0x00000025e9e00000) (1024K)]
  0x0000014f67c700f0 JavaThread "Catalina-utility-2"                [_thread_blocked, id=8972, stack(0x00000025e9e00000,0x00000025e9f00000) (1024K)]
  0x0000014f67c73c00 JavaThread "container-3"                       [_thread_blocked, id=11352, stack(0x00000025e9f00000,0x00000025ea000000) (1024K)]
  0x0000014f6c8af3d0 JavaThread "C1 CompilerThread2"         daemon [_thread_blocked, id=14136, stack(0x00000025ea100000,0x00000025ea200000) (1024K)]
  0x0000014f6c8b1cb0 JavaThread "C1 CompilerThread3"         daemon [_thread_blocked, id=17392, stack(0x00000025ea300000,0x00000025ea400000) (1024K)]
  0x0000014f67c70780 JavaThread "HikariPool-39 connection adder" daemon [_thread_blocked, id=13412, stack(0x00000025ea400000,0x00000025ea500000) (1024K)]
Total: 34

Other Threads:
=>0x0000014f1ecf9e50 VMThread "VM Thread"                           [id=3652, stack(0x00000025e7d00000,0x00000025e7e00000) (1024K)]
  0x0000014f1ecdf5d0 WatcherThread "VM Periodic Task Thread"        [id=15948, stack(0x00000025e7c00000,0x00000025e7d00000) (1024K)]
  0x0000014f0e723170 WorkerThread "GC Thread#0"                     [id=14540, stack(0x00000025e7700000,0x00000025e7800000) (1024K)]
  0x0000014f64946d30 WorkerThread "GC Thread#1"                     [id=11884, stack(0x00000025e8d00000,0x00000025e8e00000) (1024K)]
  0x0000014f649470e0 WorkerThread "GC Thread#2"                     [id=12484, stack(0x00000025e8e00000,0x00000025e8f00000) (1024K)]
  0x0000014f64b5be20 WorkerThread "GC Thread#3"                     [id=15596, stack(0x00000025e8f00000,0x00000025e9000000) (1024K)]
  0x0000014f64ba4420 WorkerThread "GC Thread#4"                     [id=3780, stack(0x00000025e9000000,0x00000025e9100000) (1024K)]
  0x0000014f64ba47d0 WorkerThread "GC Thread#5"                     [id=4188, stack(0x00000025e9100000,0x00000025e9200000) (1024K)]
  0x0000014f64ba4b80 WorkerThread "GC Thread#6"                     [id=13120, stack(0x00000025e9200000,0x00000025e9300000) (1024K)]
  0x0000014f64ba4f30 WorkerThread "GC Thread#7"                     [id=1728, stack(0x00000025e9300000,0x00000025e9400000) (1024K)]
  0x0000014f0e733b70 ConcurrentGCThread "G1 Main Marker"            [id=14752, stack(0x00000025e7800000,0x00000025e7900000) (1024K)]
  0x0000014f0e734590 WorkerThread "G1 Conc#0"                       [id=12088, stack(0x00000025e7900000,0x00000025e7a00000) (1024K)]
  0x0000014f6565fe50 WorkerThread "G1 Conc#1"                       [id=9032, stack(0x00000025e9b00000,0x00000025e9c00000) (1024K)]
  0x0000014f0e77ea40 ConcurrentGCThread "G1 Refine#0"               [id=12444, stack(0x00000025e7a00000,0x00000025e7b00000) (1024K)]
  0x0000014f1ebb4ae0 ConcurrentGCThread "G1 Service"                [id=3464, stack(0x00000025e7b00000,0x00000025e7c00000) (1024K)]
Total: 15

Threads with active compile tasks:
Total: 0

VM state: at safepoint (normal execution)

VM Mutex/Monitor currently owned by a thread:  ([mutex/lock_event])
[0x00007ff9f94fcbc8] Threads_lock - owner thread: 0x0000014f1ecf9e50
[0x00007ff9f94fccc8] Heap_lock - owner thread: 0x0000014f67c70e10

Heap address: 0x0000000082800000, size: 2008 MB, Compressed Oops mode: 32-bit

CDS archive(s) mapped at: [0x0000014f1f000000-0x0000014f1fc60000-0x0000014f1fc60000), size 12976128, SharedBaseAddress: 0x0000014f1f000000, ArchiveRelocationMode: 1.
Compressed class space mapped at: 0x0000014f20000000-0x0000014f60000000, reserved size: 1073741824
Narrow klass base: 0x0000014f1f000000, Narrow klass shift: 0, Narrow klass range: 0x41000000

GC Precious Log:
 CardTable entry size: 512
 Card Set container configuration: InlinePtr #cards 5 size 8 Array Of Cards #cards 12 size 40 Howl #buckets 4 coarsen threshold 1843 Howl Bitmap #cards 512 size 80 coarsen threshold 460 Card regions per heap region 1 cards per card region 2048
 CPUs: 8 total, 8 available
 Memory: 8029M
 Large Page Support: Disabled
 NUMA Support: Disabled
 Compressed Oops: Enabled (32-bit)
 Heap Region Size: 1M
 Heap Min Capacity: 8M
 Heap Initial Capacity: 126M
 Heap Max Capacity: 2008M
 Pre-touch: Disabled
 Parallel Workers: 8
 Concurrent Workers: 2
 Concurrent Refinement Workers: 8
 Periodic GC: Disabled

Heap:
 garbage-first heap   total reserved 2056192K, committed 171008K, used 57523K [0x0000000082800000, 0x0000000100000000)
  region size 1024K, 7 young (7168K), 7 survivors (7168K)
 Metaspace       used 124550K, committed 125952K, reserved 1179648K
  class space    used 16538K, committed 17216K, reserved 1048576K

Heap Regions: E=young(eden), S=young(survivor), O=old, HS=humongous(starts), HC=humongous(continues), CS=collection set, F=free, TAMS=top-at-mark-start, PB=parsable bottom
|   0|0x0000000082800000, 0x0000000082900000, 0x0000000082900000|100%|HS|  |TAMS 0x0000000082900000| PB 0x0000000082800000| Untracked |  0
|   1|0x0000000082900000, 0x0000000082a00000, 0x0000000082a00000|100%| O|  |TAMS 0x0000000082a00000| PB 0x0000000082900000| Untracked |  0
|   2|0x0000000082a00000, 0x0000000082affff8, 0x0000000082b00000| 99%| O|  |TAMS 0x0000000082affff8| PB 0x0000000082a00000| Untracked |  0
|   3|0x0000000082b00000, 0x0000000082bfffd8, 0x0000000082c00000| 99%| O|  |TAMS 0x0000000082bfffd8| PB 0x0000000082b00000| Untracked |  0
|   4|0x0000000082c00000, 0x0000000082d00000, 0x0000000082d00000|100%| O|  |TAMS 0x0000000082d00000| PB 0x0000000082c00000| Untracked |  0
|   5|0x0000000082d00000, 0x0000000082e00000, 0x0000000082e00000|100%| O|  |TAMS 0x0000000082e00000| PB 0x0000000082d00000| Untracked |  0
|   6|0x0000000082e00000, 0x0000000082efffb0, 0x0000000082f00000| 99%| O|  |TAMS 0x0000000082efffb0| PB 0x0000000082e00000| Untracked |  0
|   7|0x0000000082f00000, 0x0000000082fffff0, 0x0000000083000000| 99%| O|  |TAMS 0x0000000082fffff0| PB 0x0000000082f00000| Untracked |  0
|   8|0x0000000083000000, 0x0000000083100000, 0x0000000083100000|100%| O|  |TAMS 0x0000000083100000| PB 0x0000000083000000| Untracked |  0
|   9|0x0000000083100000, 0x00000000831ffff0, 0x0000000083200000| 99%| O|  |TAMS 0x00000000831ffff0| PB 0x0000000083100000| Untracked |  0
|  10|0x0000000083200000, 0x00000000832ffff0, 0x0000000083300000| 99%| O|  |TAMS 0x00000000832ffff0| PB 0x0000000083200000| Untracked |  0
|  11|0x0000000083300000, 0x0000000083400000, 0x0000000083400000|100%| O|  |TAMS 0x0000000083400000| PB 0x0000000083300000| Untracked |  0
|  12|0x0000000083400000, 0x00000000834fffc8, 0x0000000083500000| 99%| O|  |TAMS 0x00000000834fffc8| PB 0x0000000083400000| Untracked |  0
|  13|0x0000000083500000, 0x00000000835ffff8, 0x0000000083600000| 99%| O|  |TAMS 0x00000000835ffff8| PB 0x0000000083500000| Untracked |  0
|  14|0x0000000083600000, 0x0000000083700000, 0x0000000083700000|100%| O|  |TAMS 0x0000000083700000| PB 0x0000000083600000| Untracked |  0
|  15|0x0000000083700000, 0x00000000837ffff0, 0x0000000083800000| 99%| O|  |TAMS 0x00000000837ffff0| PB 0x0000000083700000| Untracked |  0
|  16|0x0000000083800000, 0x0000000083900000, 0x0000000083900000|100%| O|  |TAMS 0x0000000083900000| PB 0x0000000083800000| Untracked |  0
|  17|0x0000000083900000, 0x0000000083a00000, 0x0000000083a00000|100%| O|  |TAMS 0x0000000083a00000| PB 0x0000000083900000| Untracked |  0
|  18|0x0000000083a00000, 0x0000000083afffd8, 0x0000000083b00000| 99%| O|  |TAMS 0x0000000083afffd8| PB 0x0000000083a00000| Untracked |  0
|  19|0x0000000083b00000, 0x0000000083bffff0, 0x0000000083c00000| 99%| O|  |TAMS 0x0000000083bffff0| PB 0x0000000083b00000| Untracked |  0
|  20|0x0000000083c00000, 0x0000000083cffff0, 0x0000000083d00000| 99%| O|  |TAMS 0x0000000083cffff0| PB 0x0000000083c00000| Untracked |  0
|  21|0x0000000083d00000, 0x0000000083dffff0, 0x0000000083e00000| 99%| O|  |TAMS 0x0000000083dffff0| PB 0x0000000083d00000| Untracked |  0
|  22|0x0000000083e00000, 0x0000000083efffe0, 0x0000000083f00000| 99%| O|  |TAMS 0x0000000083efffe0| PB 0x0000000083e00000| Untracked |  0
|  23|0x0000000083f00000, 0x0000000084000000, 0x0000000084000000|100%| O|  |TAMS 0x0000000084000000| PB 0x0000000083f00000| Untracked |  0
|  24|0x0000000084000000, 0x00000000840fffc8, 0x0000000084100000| 99%| O|  |TAMS 0x00000000840fffc8| PB 0x0000000084000000| Untracked |  0
|  25|0x0000000084100000, 0x00000000841fff50, 0x0000000084200000| 99%| O|  |TAMS 0x00000000841fff50| PB 0x0000000084100000| Untracked |  0
|  26|0x0000000084200000, 0x00000000842fffe0, 0x0000000084300000| 99%| O|  |TAMS 0x00000000842fffe0| PB 0x0000000084200000| Untracked |  0
|  27|0x0000000084300000, 0x00000000843ffff0, 0x0000000084400000| 99%| O|  |TAMS 0x00000000843ffff0| PB 0x0000000084300000| Untracked |  0
|  28|0x0000000084400000, 0x0000000084500000, 0x0000000084500000|100%| O|  |TAMS 0x0000000084500000| PB 0x0000000084400000| Untracked |  0
|  29|0x0000000084500000, 0x00000000845fffe0, 0x0000000084600000| 99%| O|  |TAMS 0x00000000845fffe0| PB 0x0000000084500000| Untracked |  0
|  30|0x0000000084600000, 0x00000000846fffd8, 0x0000000084700000| 99%| O|  |TAMS 0x00000000846fffd8| PB 0x0000000084600000| Untracked |  0
|  31|0x0000000084700000, 0x00000000847fffe8, 0x0000000084800000| 99%| O|  |TAMS 0x00000000847fffe8| PB 0x0000000084700000| Untracked |  0
|  32|0x0000000084800000, 0x00000000848ffe48, 0x0000000084900000| 99%| O|  |TAMS 0x00000000848ffe48| PB 0x0000000084800000| Untracked |  0
|  33|0x0000000084900000, 0x00000000849fffd0, 0x0000000084a00000| 99%| O|  |TAMS 0x00000000849fffd0| PB 0x0000000084900000| Untracked |  0
|  34|0x0000000084a00000, 0x0000000084afffd8, 0x0000000084b00000| 99%| O|  |TAMS 0x0000000084afffd8| PB 0x0000000084a00000| Untracked |  0
|  35|0x0000000084b00000, 0x0000000084bffff8, 0x0000000084c00000| 99%| O|  |TAMS 0x0000000084bffff8| PB 0x0000000084b00000| Untracked |  0
|  36|0x0000000084c00000, 0x0000000084cffff0, 0x0000000084d00000| 99%| O|  |TAMS 0x0000000084cffff0| PB 0x0000000084c00000| Untracked |  0
|  37|0x0000000084d00000, 0x0000000084dffff0, 0x0000000084e00000| 99%| O|  |TAMS 0x0000000084dffff0| PB 0x0000000084d00000| Untracked |  0
|  38|0x0000000084e00000, 0x0000000084f00000, 0x0000000084f00000|100%| O|  |TAMS 0x0000000084f00000| PB 0x0000000084e00000| Untracked |  0
|  39|0x0000000084f00000, 0x0000000084fffff8, 0x0000000085000000| 99%| O|  |TAMS 0x0000000084fffff8| PB 0x0000000084f00000| Untracked |  0
|  40|0x0000000085000000, 0x00000000850fffd8, 0x0000000085100000| 99%| O|  |TAMS 0x00000000850fffd8| PB 0x0000000085000000| Untracked |  0
|  41|0x0000000085100000, 0x0000000085200000, 0x0000000085200000|100%| O|  |TAMS 0x0000000085200000| PB 0x0000000085100000| Untracked |  0
|  42|0x0000000085200000, 0x00000000852fffe8, 0x0000000085300000| 99%| O|  |TAMS 0x00000000852fffe8| PB 0x0000000085200000| Untracked |  0
|  43|0x0000000085300000, 0x0000000085400000, 0x0000000085400000|100%| O|  |TAMS 0x0000000085400000| PB 0x0000000085300000| Untracked |  0
|  44|0x0000000085400000, 0x00000000854fffd0, 0x0000000085500000| 99%| O|  |TAMS 0x00000000854fffd0| PB 0x0000000085400000| Untracked |  0
|  45|0x0000000085500000, 0x00000000855b1028, 0x0000000085600000| 69%| O|  |TAMS 0x00000000855b1028| PB 0x0000000085500000| Untracked |  0
|  46|0x0000000085600000, 0x00000000856da7a0, 0x0000000085700000| 85%| O|  |TAMS 0x00000000856da7a0| PB 0x0000000085600000| Untracked |  0
|  47|0x0000000085700000, 0x00000000857c77e8, 0x0000000085800000| 77%| O|  |TAMS 0x00000000857c77e8| PB 0x0000000085700000| Untracked |  0
|  48|0x0000000085800000, 0x00000000858fffb8, 0x0000000085900000| 99%| O|  |TAMS 0x00000000858fffb8| PB 0x0000000085800000| Untracked |  0
|  49|0x0000000085900000, 0x0000000085a00000, 0x0000000085a00000|100%| O|  |TAMS 0x0000000085a00000| PB 0x0000000085900000| Untracked |  0
|  50|0x0000000085a00000, 0x0000000085a3fcc8, 0x0000000085b00000| 24%| O|  |TAMS 0x0000000085a3fcc8| PB 0x0000000085a00000| Untracked |  0
|  51|0x0000000085b00000, 0x0000000085b00000, 0x0000000085c00000|  0%| F|  |TAMS 0x0000000085b00000| PB 0x0000000085b00000| Untracked |  0
|  52|0x0000000085c00000, 0x0000000085c00000, 0x0000000085d00000|  0%| F|  |TAMS 0x0000000085c00000| PB 0x0000000085c00000| Untracked |  0
|  53|0x0000000085d00000, 0x0000000085d00000, 0x0000000085e00000|  0%| F|  |TAMS 0x0000000085d00000| PB 0x0000000085d00000| Untracked |  0
|  54|0x0000000085e00000, 0x0000000085e0a508, 0x0000000085f00000|  4%| O|  |TAMS 0x0000000085e0a508| PB 0x0000000085e00000| Untracked |  0
|  55|0x0000000085f00000, 0x0000000085f0ae00, 0x0000000086000000|  4%| O|  |TAMS 0x0000000085f0ae00| PB 0x0000000085f00000| Untracked |  0
|  56|0x0000000086000000, 0x0000000086000000, 0x0000000086100000|  0%| F|  |TAMS 0x0000000086000000| PB 0x0000000086000000| Untracked |  0
|  57|0x0000000086100000, 0x0000000086100000, 0x0000000086200000|  0%| F|  |TAMS 0x0000000086100000| PB 0x0000000086100000| Untracked |  0
|  58|0x0000000086200000, 0x0000000086200000, 0x0000000086300000|  0%| F|  |TAMS 0x0000000086200000| PB 0x0000000086200000| Untracked |  0
|  59|0x0000000086300000, 0x0000000086300000, 0x0000000086400000|  0%| F|  |TAMS 0x0000000086300000| PB 0x0000000086300000| Untracked |  0
|  60|0x0000000086400000, 0x0000000086400000, 0x0000000086500000|  0%| F|  |TAMS 0x0000000086400000| PB 0x0000000086400000| Untracked |  0
|  61|0x0000000086500000, 0x0000000086500000, 0x0000000086600000|  0%| F|  |TAMS 0x0000000086500000| PB 0x0000000086500000| Untracked |  0
|  62|0x0000000086600000, 0x0000000086600000, 0x0000000086700000|  0%| F|  |TAMS 0x0000000086600000| PB 0x0000000086600000| Untracked |  0
|  63|0x0000000086700000, 0x00000000867853c8, 0x0000000086800000| 52%| S|CS|TAMS 0x0000000086700000| PB 0x0000000086700000| Complete |  0
|  64|0x0000000086800000, 0x0000000086900000, 0x0000000086900000|100%| S|CS|TAMS 0x0000000086800000| PB 0x0000000086800000| Complete |  0
|  65|0x0000000086900000, 0x0000000086a00000, 0x0000000086a00000|100%| S|CS|TAMS 0x0000000086900000| PB 0x0000000086900000| Complete |  0
|  66|0x0000000086a00000, 0x0000000086b00000, 0x0000000086b00000|100%| S|CS|TAMS 0x0000000086a00000| PB 0x0000000086a00000| Complete |  0
|  67|0x0000000086b00000, 0x0000000086c00000, 0x0000000086c00000|100%| S|CS|TAMS 0x0000000086b00000| PB 0x0000000086b00000| Complete |  0
|  68|0x0000000086c00000, 0x0000000086d00000, 0x0000000086d00000|100%| S|CS|TAMS 0x0000000086c00000| PB 0x0000000086c00000| Complete |  0
|  69|0x0000000086d00000, 0x0000000086e00000, 0x0000000086e00000|100%| S|CS|TAMS 0x0000000086d00000| PB 0x0000000086d00000| Complete |  0
|  70|0x0000000086e00000, 0x0000000086e00000, 0x0000000086f00000|  0%| F|  |TAMS 0x0000000086e00000| PB 0x0000000086e00000| Untracked |  0
|  71|0x0000000086f00000, 0x0000000086f00000, 0x0000000087000000|  0%| F|  |TAMS 0x0000000086f00000| PB 0x0000000086f00000| Untracked |  0
|  72|0x0000000087000000, 0x0000000087000000, 0x0000000087100000|  0%| F|  |TAMS 0x0000000087000000| PB 0x0000000087000000| Untracked |  0
|  73|0x0000000087100000, 0x0000000087100000, 0x0000000087200000|  0%| F|  |TAMS 0x0000000087100000| PB 0x0000000087100000| Untracked |  0
|  74|0x0000000087200000, 0x0000000087200000, 0x0000000087300000|  0%| F|  |TAMS 0x0000000087200000| PB 0x0000000087200000| Untracked |  0
|  75|0x0000000087300000, 0x0000000087300000, 0x0000000087400000|  0%| F|  |TAMS 0x0000000087300000| PB 0x0000000087300000| Untracked |  0
|  76|0x0000000087400000, 0x0000000087400000, 0x0000000087500000|  0%| F|  |TAMS 0x0000000087400000| PB 0x0000000087400000| Untracked |  0
|  77|0x0000000087500000, 0x0000000087500000, 0x0000000087600000|  0%| F|  |TAMS 0x0000000087500000| PB 0x0000000087500000| Untracked |  0
|  78|0x0000000087600000, 0x0000000087600000, 0x0000000087700000|  0%| F|  |TAMS 0x0000000087600000| PB 0x0000000087600000| Untracked |  0
|  79|0x0000000087700000, 0x0000000087700000, 0x0000000087800000|  0%| F|  |TAMS 0x0000000087700000| PB 0x0000000087700000| Untracked |  0
|  80|0x0000000087800000, 0x0000000087800000, 0x0000000087900000|  0%| F|  |TAMS 0x0000000087800000| PB 0x0000000087800000| Untracked |  0
|  81|0x0000000087900000, 0x0000000087900000, 0x0000000087a00000|  0%| F|  |TAMS 0x0000000087900000| PB 0x0000000087900000| Untracked |  0
|  82|0x0000000087a00000, 0x0000000087a00000, 0x0000000087b00000|  0%| F|  |TAMS 0x0000000087a00000| PB 0x0000000087a00000| Untracked |  0
|  83|0x0000000087b00000, 0x0000000087b00000, 0x0000000087c00000|  0%| F|  |TAMS 0x0000000087b00000| PB 0x0000000087b00000| Untracked |  0
|  84|0x0000000087c00000, 0x0000000087c00000, 0x0000000087d00000|  0%| F|  |TAMS 0x0000000087c00000| PB 0x0000000087c00000| Untracked |  0
|  85|0x0000000087d00000, 0x0000000087d00000, 0x0000000087e00000|  0%| F|  |TAMS 0x0000000087d00000| PB 0x0000000087d00000| Untracked |  0
|  86|0x0000000087e00000, 0x0000000087e00000, 0x0000000087f00000|  0%| F|  |TAMS 0x0000000087e00000| PB 0x0000000087e00000| Untracked |  0
|  87|0x0000000087f00000, 0x0000000087f00000, 0x0000000088000000|  0%| F|  |TAMS 0x0000000087f00000| PB 0x0000000087f00000| Untracked |  0
|  88|0x0000000088000000, 0x0000000088000000, 0x0000000088100000|  0%| F|  |TAMS 0x0000000088000000| PB 0x0000000088000000| Untracked |  0
|  89|0x0000000088100000, 0x0000000088100000, 0x0000000088200000|  0%| F|  |TAMS 0x0000000088100000| PB 0x0000000088100000| Untracked |  0
|  90|0x0000000088200000, 0x0000000088200000, 0x0000000088300000|  0%| F|  |TAMS 0x0000000088200000| PB 0x0000000088200000| Untracked |  0
|  91|0x0000000088300000, 0x0000000088300000, 0x0000000088400000|  0%| F|  |TAMS 0x0000000088300000| PB 0x0000000088300000| Untracked |  0
|  92|0x0000000088400000, 0x0000000088400000, 0x0000000088500000|  0%| F|  |TAMS 0x0000000088400000| PB 0x0000000088400000| Untracked |  0
|  93|0x0000000088500000, 0x0000000088500000, 0x0000000088600000|  0%| F|  |TAMS 0x0000000088500000| PB 0x0000000088500000| Untracked |  0
|  94|0x0000000088600000, 0x0000000088600000, 0x0000000088700000|  0%| F|  |TAMS 0x0000000088600000| PB 0x0000000088600000| Untracked |  0
|  95|0x0000000088700000, 0x0000000088700000, 0x0000000088800000|  0%| F|  |TAMS 0x0000000088700000| PB 0x0000000088700000| Untracked |  0
|  96|0x0000000088800000, 0x0000000088800000, 0x0000000088900000|  0%| F|  |TAMS 0x0000000088800000| PB 0x0000000088800000| Untracked |  0
|  97|0x0000000088900000, 0x0000000088900000, 0x0000000088a00000|  0%| F|  |TAMS 0x0000000088900000| PB 0x0000000088900000| Untracked |  0
|  98|0x0000000088a00000, 0x0000000088a00000, 0x0000000088b00000|  0%| F|  |TAMS 0x0000000088a00000| PB 0x0000000088a00000| Untracked |  0
|  99|0x0000000088b00000, 0x0000000088b00000, 0x0000000088c00000|  0%| F|  |TAMS 0x0000000088b00000| PB 0x0000000088b00000| Untracked |  0
| 100|0x0000000088c00000, 0x0000000088c00000, 0x0000000088d00000|  0%| F|  |TAMS 0x0000000088c00000| PB 0x0000000088c00000| Untracked |  0
| 101|0x0000000088d00000, 0x0000000088d00000, 0x0000000088e00000|  0%| F|  |TAMS 0x0000000088d00000| PB 0x0000000088d00000| Untracked |  0
| 102|0x0000000088e00000, 0x0000000088e00000, 0x0000000088f00000|  0%| F|  |TAMS 0x0000000088e00000| PB 0x0000000088e00000| Untracked |  0
| 103|0x0000000088f00000, 0x0000000088f00000, 0x0000000089000000|  0%| F|  |TAMS 0x0000000088f00000| PB 0x0000000088f00000| Untracked |  0
| 104|0x0000000089000000, 0x0000000089000000, 0x0000000089100000|  0%| F|  |TAMS 0x0000000089000000| PB 0x0000000089000000| Untracked |  0
| 105|0x0000000089100000, 0x0000000089100000, 0x0000000089200000|  0%| F|  |TAMS 0x0000000089100000| PB 0x0000000089100000| Untracked |  0
| 106|0x0000000089200000, 0x0000000089200000, 0x0000000089300000|  0%| F|  |TAMS 0x0000000089200000| PB 0x0000000089200000| Untracked |  0
| 107|0x0000000089300000, 0x0000000089300000, 0x0000000089400000|  0%| F|  |TAMS 0x0000000089300000| PB 0x0000000089300000| Untracked |  0
| 108|0x0000000089400000, 0x0000000089400000, 0x0000000089500000|  0%| F|  |TAMS 0x0000000089400000| PB 0x0000000089400000| Untracked |  0
| 109|0x0000000089500000, 0x0000000089500000, 0x0000000089600000|  0%| F|  |TAMS 0x0000000089500000| PB 0x0000000089500000| Untracked |  0
| 110|0x0000000089600000, 0x0000000089600000, 0x0000000089700000|  0%| F|  |TAMS 0x0000000089600000| PB 0x0000000089600000| Untracked |  0
| 111|0x0000000089700000, 0x0000000089700000, 0x0000000089800000|  0%| F|  |TAMS 0x0000000089700000| PB 0x0000000089700000| Untracked |  0
| 112|0x0000000089800000, 0x0000000089800000, 0x0000000089900000|  0%| F|  |TAMS 0x0000000089800000| PB 0x0000000089800000| Untracked |  0
| 113|0x0000000089900000, 0x0000000089900000, 0x0000000089a00000|  0%| F|  |TAMS 0x0000000089900000| PB 0x0000000089900000| Untracked |  0
| 114|0x0000000089a00000, 0x0000000089a00000, 0x0000000089b00000|  0%| F|  |TAMS 0x0000000089a00000| PB 0x0000000089a00000| Untracked |  0
| 115|0x0000000089b00000, 0x0000000089b00000, 0x0000000089c00000|  0%| F|  |TAMS 0x0000000089b00000| PB 0x0000000089b00000| Untracked |  0
| 116|0x0000000089c00000, 0x0000000089c00000, 0x0000000089d00000|  0%| F|  |TAMS 0x0000000089c00000| PB 0x0000000089c00000| Untracked |  0
| 117|0x0000000089d00000, 0x0000000089d00000, 0x0000000089e00000|  0%| F|  |TAMS 0x0000000089d00000| PB 0x0000000089d00000| Untracked |  0
| 118|0x0000000089e00000, 0x0000000089e00000, 0x0000000089f00000|  0%| F|  |TAMS 0x0000000089e00000| PB 0x0000000089e00000| Untracked |  0
| 119|0x0000000089f00000, 0x0000000089f00000, 0x000000008a000000|  0%| F|  |TAMS 0x0000000089f00000| PB 0x0000000089f00000| Untracked |  0
| 120|0x000000008a000000, 0x000000008a000000, 0x000000008a100000|  0%| F|  |TAMS 0x000000008a000000| PB 0x000000008a000000| Untracked |  0
| 121|0x000000008a100000, 0x000000008a100000, 0x000000008a200000|  0%| F|  |TAMS 0x000000008a100000| PB 0x000000008a100000| Untracked |  0
| 122|0x000000008a200000, 0x000000008a200000, 0x000000008a300000|  0%| F|  |TAMS 0x000000008a200000| PB 0x000000008a200000| Untracked |  0
| 123|0x000000008a300000, 0x000000008a300000, 0x000000008a400000|  0%| F|  |TAMS 0x000000008a300000| PB 0x000000008a300000| Untracked |  0
| 124|0x000000008a400000, 0x000000008a400000, 0x000000008a500000|  0%| F|  |TAMS 0x000000008a400000| PB 0x000000008a400000| Untracked |  0
| 125|0x000000008a500000, 0x000000008a500000, 0x000000008a600000|  0%| F|  |TAMS 0x000000008a500000| PB 0x000000008a500000| Untracked |  0
| 126|0x000000008a600000, 0x000000008a600000, 0x000000008a700000|  0%| F|  |TAMS 0x000000008a600000| PB 0x000000008a600000| Untracked |  0
| 127|0x000000008a700000, 0x000000008a700000, 0x000000008a800000|  0%| F|  |TAMS 0x000000008a700000| PB 0x000000008a700000| Untracked |  0
| 128|0x000000008a800000, 0x000000008a800000, 0x000000008a900000|  0%| F|  |TAMS 0x000000008a800000| PB 0x000000008a800000| Untracked |  0
| 129|0x000000008a900000, 0x000000008a900000, 0x000000008aa00000|  0%| F|  |TAMS 0x000000008a900000| PB 0x000000008a900000| Untracked |  0
| 130|0x000000008aa00000, 0x000000008aa00000, 0x000000008ab00000|  0%| F|  |TAMS 0x000000008aa00000| PB 0x000000008aa00000| Untracked |  0
| 131|0x000000008ab00000, 0x000000008ab00000, 0x000000008ac00000|  0%| F|  |TAMS 0x000000008ab00000| PB 0x000000008ab00000| Untracked |  0
| 132|0x000000008ac00000, 0x000000008ac00000, 0x000000008ad00000|  0%| F|  |TAMS 0x000000008ac00000| PB 0x000000008ac00000| Untracked |  0
| 133|0x000000008ad00000, 0x000000008ad00000, 0x000000008ae00000|  0%| F|  |TAMS 0x000000008ad00000| PB 0x000000008ad00000| Untracked |  0
| 134|0x000000008ae00000, 0x000000008ae00000, 0x000000008af00000|  0%| F|  |TAMS 0x000000008ae00000| PB 0x000000008ae00000| Untracked |  0
| 135|0x000000008af00000, 0x000000008af00000, 0x000000008b000000|  0%| F|  |TAMS 0x000000008af00000| PB 0x000000008af00000| Untracked |  0
| 136|0x000000008b000000, 0x000000008b000000, 0x000000008b100000|  0%| F|  |TAMS 0x000000008b000000| PB 0x000000008b000000| Untracked |  0
| 137|0x000000008b100000, 0x000000008b100000, 0x000000008b200000|  0%| F|  |TAMS 0x000000008b100000| PB 0x000000008b100000| Untracked |  0
| 138|0x000000008b200000, 0x000000008b200000, 0x000000008b300000|  0%| F|  |TAMS 0x000000008b200000| PB 0x000000008b200000| Untracked |  0
| 139|0x000000008b300000, 0x000000008b300000, 0x000000008b400000|  0%| F|  |TAMS 0x000000008b300000| PB 0x000000008b300000| Untracked |  0
| 140|0x000000008b400000, 0x000000008b400000, 0x000000008b500000|  0%| F|  |TAMS 0x000000008b400000| PB 0x000000008b400000| Untracked |  0
| 141|0x000000008b500000, 0x000000008b500000, 0x000000008b600000|  0%| F|  |TAMS 0x000000008b500000| PB 0x000000008b500000| Untracked |  0
| 142|0x000000008b600000, 0x000000008b600000, 0x000000008b700000|  0%| F|  |TAMS 0x000000008b600000| PB 0x000000008b600000| Untracked |  0
| 143|0x000000008b700000, 0x000000008b700000, 0x000000008b800000|  0%| F|  |TAMS 0x000000008b700000| PB 0x000000008b700000| Untracked |  0
| 144|0x000000008b800000, 0x000000008b800000, 0x000000008b900000|  0%| F|  |TAMS 0x000000008b800000| PB 0x000000008b800000| Untracked |  0
| 145|0x000000008b900000, 0x000000008b900000, 0x000000008ba00000|  0%| F|  |TAMS 0x000000008b900000| PB 0x000000008b900000| Untracked |  0
| 146|0x000000008ba00000, 0x000000008ba00000, 0x000000008bb00000|  0%| F|  |TAMS 0x000000008ba00000| PB 0x000000008ba00000| Untracked |  0
| 147|0x000000008bb00000, 0x000000008bb00000, 0x000000008bc00000|  0%| F|  |TAMS 0x000000008bb00000| PB 0x000000008bb00000| Untracked |  0
| 148|0x000000008bc00000, 0x000000008bc00000, 0x000000008bd00000|  0%| F|  |TAMS 0x000000008bc00000| PB 0x000000008bc00000| Untracked |  0
| 149|0x000000008bd00000, 0x000000008bd00000, 0x000000008be00000|  0%| F|  |TAMS 0x000000008bd00000| PB 0x000000008bd00000| Untracked |  0
| 150|0x000000008be00000, 0x000000008be00000, 0x000000008bf00000|  0%| F|  |TAMS 0x000000008be00000| PB 0x000000008be00000| Untracked |  0
| 151|0x000000008bf00000, 0x000000008bf00000, 0x000000008c000000|  0%| F|  |TAMS 0x000000008bf00000| PB 0x000000008bf00000| Untracked |  0
| 152|0x000000008c000000, 0x000000008c000000, 0x000000008c100000|  0%| F|  |TAMS 0x000000008c000000| PB 0x000000008c000000| Untracked |  0
| 153|0x000000008c100000, 0x000000008c100000, 0x000000008c200000|  0%| F|  |TAMS 0x000000008c100000| PB 0x000000008c100000| Untracked |  0
| 154|0x000000008c200000, 0x000000008c200000, 0x000000008c300000|  0%| F|  |TAMS 0x000000008c200000| PB 0x000000008c200000| Untracked |  0
| 155|0x000000008c300000, 0x000000008c300000, 0x000000008c400000|  0%| F|  |TAMS 0x000000008c300000| PB 0x000000008c300000| Untracked |  0
| 156|0x000000008c400000, 0x000000008c400000, 0x000000008c500000|  0%| F|  |TAMS 0x000000008c400000| PB 0x000000008c400000| Untracked |  0
| 157|0x000000008c500000, 0x000000008c500000, 0x000000008c600000|  0%| F|  |TAMS 0x000000008c500000| PB 0x000000008c500000| Untracked |  0
| 158|0x000000008c600000, 0x000000008c600000, 0x000000008c700000|  0%| F|  |TAMS 0x000000008c600000| PB 0x000000008c600000| Untracked |  0
| 159|0x000000008c700000, 0x000000008c700000, 0x000000008c800000|  0%| F|  |TAMS 0x000000008c700000| PB 0x000000008c700000| Untracked |  0
| 160|0x000000008c800000, 0x000000008c800000, 0x000000008c900000|  0%| F|  |TAMS 0x000000008c800000| PB 0x000000008c800000| Untracked |  0
| 161|0x000000008c900000, 0x000000008c900000, 0x000000008ca00000|  0%| F|  |TAMS 0x000000008c900000| PB 0x000000008c900000| Untracked |  0
| 162|0x000000008ca00000, 0x000000008ca00000, 0x000000008cb00000|  0%| F|  |TAMS 0x000000008ca00000| PB 0x000000008ca00000| Untracked |  0
| 163|0x000000008cb00000, 0x000000008cb00000, 0x000000008cc00000|  0%| F|  |TAMS 0x000000008cb00000| PB 0x000000008cb00000| Untracked |  0
| 164|0x000000008cc00000, 0x000000008cc00000, 0x000000008cd00000|  0%| F|  |TAMS 0x000000008cc00000| PB 0x000000008cc00000| Untracked |  0
| 165|0x000000008cd00000, 0x000000008cd00000, 0x000000008ce00000|  0%| F|  |TAMS 0x000000008cd00000| PB 0x000000008cd00000| Untracked |  0
| 166|0x000000008ce00000, 0x000000008ce00000, 0x000000008cf00000|  0%| F|  |TAMS 0x000000008ce00000| PB 0x000000008ce00000| Untracked |  0

Card table byte_map: [0x0000014f19f00000,0x0000014f1a2f0000] _byte_map_base: 0x0000014f19aec000

Marking Bits: (CMBitMap*) 0x0000014f0e723790
 Bits: [0x0000014f1a2f0000, 0x0000014f1c250000)

Polling page: 0x0000014f0c580000

Metaspace:

Usage:
  Non-class:    105.48 MB used.
      Class:     16.15 MB used.
       Both:    121.63 MB used.

Virtual space:
  Non-class space:      128.00 MB reserved,     106.19 MB ( 83%) committed,  2 nodes.
      Class space:        1.00 GB reserved,      16.81 MB (  2%) committed,  1 nodes.
             Both:        1.12 GB reserved,     123.00 MB ( 11%) committed. 

Chunk freelists:
   Non-Class:  5.42 MB
       Class:  15.05 MB
        Both:  20.47 MB

MaxMetaspaceSize: unlimited
CompressedClassSpaceSize: 1.00 GB
Initial GC threshold: 21.00 MB
Current GC threshold: 204.19 MB
CDS: on
 - commit_granule_bytes: 65536.
 - commit_granule_words: 8192.
 - virtual_space_node_default_size: 8388608.
 - enlarge_chunks_in_place: 1.
 - use_allocation_guard: 0.


Internal statistics:

num_allocs_failed_limit: 6.
num_arena_births: 2928.
num_arena_deaths: 1668.
num_vsnodes_births: 3.
num_vsnodes_deaths: 0.
num_space_committed: 1983.
num_space_uncommitted: 9.
num_chunks_returned_to_freelist: 2195.
num_chunks_taken_from_freelist: 8775.
num_chunk_merges: 346.
num_chunk_splits: 5209.
num_chunks_enlarged: 4067.
num_inconsistent_stats: 0.

CodeCache: size=49152Kb used=30569Kb max_used=30569Kb free=18582Kb
 bounds [0x0000014f16a00000, 0x0000014f18800000, 0x0000014f19a00000]
 total_blobs=14350 nmethods=13512 adapters=757
 compilation: enabled
              stopped_count=0, restarted_count=0
 full_count=0

Compilation events (20 events):
Event: 2039.044 Thread 0x0000014f1ed2dc70 nmethod 27693 0x0000014f18679110 code [0x0000014f186792c0, 0x0000014f18679458]
Event: 2039.044 Thread 0x0000014f1ed2dc70 27697       1       java.lang.Thread::inheritScopedValueBindings (47 bytes)
Event: 2039.044 Thread 0x0000014f1ed2dc70 nmethod 27697 0x0000014f18678d90 code [0x0000014f18678f20, 0x0000014f18679028]
Event: 2039.045 Thread 0x0000014f1ed2dc70 27698       1       java.util.concurrent.ThreadPoolExecutor$Worker::run (9 bytes)
Event: 2039.045 Thread 0x0000014f6c8af3d0 nmethod 27696 0x0000014f18678690 code [0x0000014f18678860, 0x0000014f18678c08]
Event: 2039.045 Thread 0x0000014f6c8b1cb0 nmethod 27695 0x0000014f18677c10 code [0x0000014f18677e20, 0x0000014f186782b8]
Event: 2039.045 Thread 0x0000014f1ed2dc70 nmethod 27698 0x0000014f18677910 code [0x0000014f18677aa0, 0x0000014f18677b90]
Event: 2039.046 Thread 0x0000014f6c8b0170 nmethod 27690 0x0000014f18676010 code [0x0000014f186762e0, 0x0000014f18676e38]
Event: 2039.168 Thread 0x0000014f1ed2dc70 27699       1       sun.security.ssl.OutputRecord::<init> (43 bytes)
Event: 2039.169 Thread 0x0000014f1ed2dc70 nmethod 27699 0x0000014f18675a10 code [0x0000014f18675bc0, 0x0000014f18675f20]
Event: 2039.170 Thread 0x0000014f6c8af3d0 27700       1       sun.security.ssl.HandshakeHash$CacheOnlyHash::update (11 bytes)
Event: 2039.171 Thread 0x0000014f6c8af3d0 nmethod 27700 0x0000014f18675710 code [0x0000014f186758a0, 0x0000014f18675998]
Event: 2039.198 Thread 0x0000014f6c8af3d0 27702       1       java.util.concurrent.ThreadLocalRandom::nextLong (8 bytes)
Event: 2039.198 Thread 0x0000014f6c8b1cb0 27701       1       jdk.internal.util.random.RandomSupport::boundedNextLong (68 bytes)
Event: 2039.198 Thread 0x0000014f1ed2dc70 27703       1       com.zaxxer.hikari.util.ConcurrentBag::add (73 bytes)
Event: 2039.199 Thread 0x0000014f6c8af3d0 nmethod 27702 0x0000014f18675390 code [0x0000014f18675520, 0x0000014f18675658]
Event: 2039.199 Thread 0x0000014f6c8b1cb0 nmethod 27701 0x0000014f18674f10 code [0x0000014f186750c0, 0x0000014f18675280]
Event: 2039.200 Thread 0x0000014f1ed2dc70 nmethod 27703 0x0000014f18674410 code [0x0000014f18674640, 0x0000014f18674bb0]
Event: 2039.239 Thread 0x0000014f6c8b0170 27704       1       org.hibernate.mapping.ManyToOne::isIgnoreNotFound (16 bytes)
Event: 2039.240 Thread 0x0000014f6c8b0170 nmethod 27704 0x0000014f18674110 code [0x0000014f186742a0, 0x0000014f18674388]

GC Heap History (20 events):
Event: 2006.006 GC heap after
{Heap after GC invocations=194 (full 31):
 garbage-first heap   total reserved 2056192K, committed 171008K, used 55867K [0x0000000082800000, 0x0000000100000000)
  region size 1024K, 7 young (7168K), 7 survivors (7168K)
 Metaspace       used 120443K, committed 121728K, reserved 1179648K
  class space    used 16139K, committed 16768K, reserved 1048576K
}
Event: 2015.079 GC heap before
{Heap before GC invocations=195 (full 31):
 garbage-first heap   total reserved 2056192K, committed 171008K, used 151099K [0x0000000082800000, 0x0000000100000000)
  region size 1024K, 100 young (102400K), 7 survivors (7168K)
 Metaspace       used 120957K, committed 122240K, reserved 1179648K
  class space    used 16170K, committed 16768K, reserved 1048576K
}
Event: 2015.085 GC heap after
{Heap after GC invocations=196 (full 31):
 garbage-first heap   total reserved 2056192K, committed 171008K, used 58136K [0x0000000082800000, 0x0000000100000000)
  region size 1024K, 9 young (9216K), 9 survivors (9216K)
 Metaspace       used 120957K, committed 122240K, reserved 1179648K
  class space    used 16170K, committed 16768K, reserved 1048576K
}
Event: 2015.093 GC heap before
{Heap before GC invocations=196 (full 31):
 garbage-first heap   total reserved 2056192K, committed 171008K, used 58136K [0x0000000082800000, 0x0000000100000000)
  region size 1024K, 10 young (10240K), 9 survivors (9216K)
 Metaspace       used 120960K, committed 122304K, reserved 1179648K
  class space    used 16170K, committed 16832K, reserved 1048576K
}
Event: 2015.177 GC heap after
{Heap after GC invocations=197 (full 32):
 garbage-first heap   total reserved 2056192K, committed 171008K, used 48886K [0x0000000082800000, 0x0000000100000000)
  region size 1024K, 0 young (0K), 0 survivors (0K)
 Metaspace       used 120957K, committed 122304K, reserved 1179648K
  class space    used 16170K, committed 16832K, reserved 1048576K
}
Event: 2016.377 GC heap before
{Heap before GC invocations=197 (full 32):
 garbage-first heap   total reserved 2056192K, committed 171008K, used 149238K [0x0000000082800000, 0x0000000100000000)
  region size 1024K, 99 young (101376K), 0 survivors (0K)
 Metaspace       used 121468K, committed 122816K, reserved 1179648K
  class space    used 16239K, committed 16896K, reserved 1048576K
}
Event: 2016.384 GC heap after
{Heap after GC invocations=198 (full 32):
 garbage-first heap   total reserved 2056192K, committed 171008K, used 55831K [0x0000000082800000, 0x0000000100000000)
  region size 1024K, 7 young (7168K), 7 survivors (7168K)
 Metaspace       used 121468K, committed 122816K, reserved 1179648K
  class space    used 16239K, committed 16896K, reserved 1048576K
}
Event: 2022.987 GC heap before
{Heap before GC invocations=199 (full 32):
 garbage-first heap   total reserved 2056192K, committed 171008K, used 147991K [0x0000000082800000, 0x0000000100000000)
  region size 1024K, 98 young (100352K), 7 survivors (7168K)
 Metaspace       used 121998K, committed 123328K, reserved 1179648K
  class space    used 16273K, committed 16896K, reserved 1048576K
}
Event: 2023.075 GC heap after
{Heap after GC invocations=200 (full 33):
 garbage-first heap   total reserved 2056192K, committed 171008K, used 49736K [0x0000000082800000, 0x0000000100000000)
  region size 1024K, 0 young (0K), 0 survivors (0K)
 Metaspace       used 121996K, committed 123328K, reserved 1179648K
  class space    used 16273K, committed 16896K, reserved 1048576K
}
Event: 2024.193 GC heap before
{Heap before GC invocations=200 (full 33):
 garbage-first heap   total reserved 2056192K, committed 171008K, used 149064K [0x0000000082800000, 0x0000000100000000)
  region size 1024K, 98 young (100352K), 0 survivors (0K)
 Metaspace       used 122508K, committed 123840K, reserved 1179648K
  class space    used 16342K, committed 16960K, reserved 1048576K
}
Event: 2024.199 GC heap after
{Heap after GC invocations=201 (full 33):
 garbage-first heap   total reserved 2056192K, committed 171008K, used 56397K [0x0000000082800000, 0x0000000100000000)
  region size 1024K, 7 young (7168K), 7 survivors (7168K)
 Metaspace       used 122508K, committed 123840K, reserved 1179648K
  class space    used 16342K, committed 16960K, reserved 1048576K
}
Event: 2029.115 GC heap before
{Heap before GC invocations=202 (full 33):
 garbage-first heap   total reserved 2056192K, committed 171008K, used 147533K [0x0000000082800000, 0x0000000100000000)
  region size 1024K, 97 young (99328K), 7 survivors (7168K)
 Metaspace       used 123021K, committed 124352K, reserved 1179648K
  class space    used 16372K, committed 17024K, reserved 1048576K
}
Event: 2029.239 GC heap after
{Heap after GC invocations=203 (full 34):
 garbage-first heap   total reserved 2056192K, committed 171008K, used 50804K [0x0000000082800000, 0x0000000100000000)
  region size 1024K, 0 young (0K), 0 survivors (0K)
 Metaspace       used 123019K, committed 124352K, reserved 1179648K
  class space    used 16372K, committed 17024K, reserved 1048576K
}
Event: 2030.784 GC heap before
{Heap before GC invocations=203 (full 34):
 garbage-first heap   total reserved 2056192K, committed 171008K, used 149108K [0x0000000082800000, 0x0000000100000000)
  region size 1024K, 97 young (99328K), 0 survivors (0K)
 Metaspace       used 123528K, committed 124864K, reserved 1179648K
  class space    used 16440K, committed 17088K, reserved 1048576K
}
Event: 2030.792 GC heap after
{Heap after GC invocations=204 (full 34):
 garbage-first heap   total reserved 2056192K, committed 171008K, used 56948K [0x0000000082800000, 0x0000000100000000)
  region size 1024K, 6 young (6144K), 6 survivors (6144K)
 Metaspace       used 123528K, committed 124864K, reserved 1179648K
  class space    used 16440K, committed 17088K, reserved 1048576K
}
Event: 2037.845 GC heap before
{Heap before GC invocations=205 (full 34):
 garbage-first heap   total reserved 2056192K, committed 171008K, used 151156K [0x0000000082800000, 0x0000000100000000)
  region size 1024K, 98 young (100352K), 6 survivors (6144K)
 Metaspace       used 124041K, committed 125440K, reserved 1179648K
  class space    used 16470K, committed 17152K, reserved 1048576K
}
Event: 2037.854 GC heap after
{Heap after GC invocations=206 (full 34):
 garbage-first heap   total reserved 2056192K, committed 171008K, used 58996K [0x0000000082800000, 0x0000000100000000)
  region size 1024K, 8 young (8192K), 8 survivors (8192K)
 Metaspace       used 124041K, committed 125440K, reserved 1179648K
  class space    used 16470K, committed 17152K, reserved 1048576K
}
Event: 2037.865 GC heap before
{Heap before GC invocations=206 (full 34):
 garbage-first heap   total reserved 2056192K, committed 171008K, used 58996K [0x0000000082800000, 0x0000000100000000)
  region size 1024K, 9 young (9216K), 8 survivors (8192K)
 Metaspace       used 124043K, committed 125440K, reserved 1179648K
  class space    used 16470K, committed 17152K, reserved 1048576K
}
Event: 2037.977 GC heap after
{Heap after GC invocations=207 (full 35):
 garbage-first heap   total reserved 2056192K, committed 171008K, used 50846K [0x0000000082800000, 0x0000000100000000)
  region size 1024K, 0 young (0K), 0 survivors (0K)
 Metaspace       used 124041K, committed 125440K, reserved 1179648K
  class space    used 16470K, committed 17152K, reserved 1048576K
}
Event: 2039.252 GC heap before
{Heap before GC invocations=207 (full 35):
 garbage-first heap   total reserved 2056192K, committed 171008K, used 149150K [0x0000000082800000, 0x0000000100000000)
  region size 1024K, 97 young (99328K), 0 survivors (0K)
 Metaspace       used 124550K, committed 125952K, reserved 1179648K
  class space    used 16538K, committed 17216K, reserved 1048576K
}

Dll operation events (10 events):
Event: 0.030 Loaded shared library C:\Program Files\Java\jdk-22\bin\java.dll
Event: 0.352 Loaded shared library C:\Program Files\Java\jdk-22\bin\jimage.dll
Event: 0.365 Loaded shared library C:\Program Files\Java\jdk-22\bin\net.dll
Event: 0.368 Loaded shared library C:\Program Files\Java\jdk-22\bin\nio.dll
Event: 0.373 Loaded shared library C:\Program Files\Java\jdk-22\bin\zip.dll
Event: 0.548 Loaded shared library C:\Program Files\Java\jdk-22\bin\management.dll
Event: 0.579 Loaded shared library C:\Program Files\Java\jdk-22\bin\management_ext.dll
Event: 1.016 Loaded shared library C:\Program Files\Java\jdk-22\bin\extnet.dll
Event: 1.101 Loaded shared library C:\Program Files\Java\jdk-22\bin\verify.dll
Event: 3.826 Loaded shared library C:\Program Files\Java\jdk-22\bin\sunmscapi.dll

Deoptimization events (12 events):
Event: 13.015 Thread 0x0000014f64f6d730 DEOPT PACKING pc=0x0000014f1706f639 sp=0x00000025e99fbb30
Event: 13.015 Thread 0x0000014f64f6d730 DEOPT UNPACKING pc=0x0000014f16a54e42 sp=0x00000025e99fb038 mode 3
Event: 13.196 Thread 0x0000014f64f6d730 DEOPT PACKING pc=0x0000014f174d75ac sp=0x00000025e99fbfa0
Event: 13.197 Thread 0x0000014f64f6d730 DEOPT UNPACKING pc=0x0000014f16a54e42 sp=0x00000025e99fb4f8 mode 0
Event: 37.558 Thread 0x0000014f64f718d0 DEOPT PACKING pc=0x0000014f177eef46 sp=0x00000025ea4fada0
Event: 37.558 Thread 0x0000014f64f718d0 DEOPT UNPACKING pc=0x0000014f16a54e42 sp=0x00000025ea4fa208 mode 0
Event: 1781.733 Thread 0x0000014f1ed24350 DEOPT PACKING pc=0x0000014f1701fa14 sp=0x00000025e85ff2f0
Event: 1781.733 Thread 0x0000014f1ed24350 DEOPT UNPACKING pc=0x0000014f16a54e42 sp=0x00000025e85fe838 mode 0
Event: 1782.540 Thread 0x0000014f67adc9c0 DEOPT PACKING pc=0x0000014f1789398c sp=0x00000025e74fe8c0
Event: 1782.540 Thread 0x0000014f67adc9c0 DEOPT UNPACKING pc=0x0000014f16a54e42 sp=0x00000025e74fdde8 mode 0
Event: 1782.540 Thread 0x0000014f67adc9c0 DEOPT PACKING pc=0x0000014f1736e64c sp=0x00000025e74fec10
Event: 1782.540 Thread 0x0000014f67adc9c0 DEOPT UNPACKING pc=0x0000014f16a54e42 sp=0x00000025e74fe148 mode 0

Classes loaded (20 events):
Event: 1781.300 Loading class java/lang/invoke/VarHandleInts$Array
Event: 1781.301 Loading class java/lang/invoke/VarHandleInts$Array done
Event: 1781.311 Loading class java/util/zip/ZipInputStream
Event: 1781.311 Loading class java/util/zip/ZipInputStream done
Event: 1781.313 Loading class java/io/PushbackInputStream
Event: 1781.313 Loading class java/io/PushbackInputStream done
Event: 1781.350 Loading class java/text/Collator
Event: 1781.351 Loading class java/text/Collator done
Event: 1781.436 Loading class java/util/concurrent/locks/ReentrantLock$FairSync
Event: 1781.436 Loading class java/util/concurrent/locks/ReentrantLock$FairSync done
Event: 1781.454 Loading class java/util/concurrent/atomic/AtomicLongFieldUpdater
Event: 1781.455 Loading class java/util/concurrent/atomic/AtomicLongFieldUpdater done
Event: 1781.455 Loading class java/util/concurrent/atomic/AtomicLongFieldUpdater$CASUpdater
Event: 1781.455 Loading class java/util/concurrent/atomic/AtomicLongFieldUpdater$CASUpdater done
Event: 1781.456 Loading class java/util/concurrent/atomic/AtomicLongFieldUpdater$CASUpdater$1
Event: 1781.456 Loading class java/util/concurrent/atomic/AtomicLongFieldUpdater$CASUpdater$1 done
Event: 1781.870 Loading class java/io/PipedOutputStream
Event: 1781.871 Loading class java/io/PipedOutputStream done
Event: 1793.429 Loading class java/time/DurationEditor
Event: 1793.429 Loading class java/time/DurationEditor done

Classes unloaded (20 events):
Event: 1899.343 Thread 0x0000014f1ecf9e50 Unloading class 0x0000014f20f62000 'java/lang/invoke/LambdaForm$MH+0x0000014f20f62000'
Event: 1899.343 Thread 0x0000014f1ecf9e50 Unloading class 0x0000014f20f61c00 'java/lang/invoke/LambdaForm$MH+0x0000014f20f61c00'
Event: 1899.343 Thread 0x0000014f1ecf9e50 Unloading class 0x0000014f20f61800 'java/lang/invoke/LambdaForm$MH+0x0000014f20f61800'
Event: 1899.343 Thread 0x0000014f1ecf9e50 Unloading class 0x0000014f20f60c00 'java/lang/invoke/LambdaForm$MH+0x0000014f20f60c00'
Event: 1899.343 Thread 0x0000014f1ecf9e50 Unloading class 0x0000014f20f4d800 'java/lang/invoke/LambdaForm$MH+0x0000014f20f4d800'
Event: 1899.343 Thread 0x0000014f1ecf9e50 Unloading class 0x0000014f20f4d400 'java/lang/invoke/LambdaForm$MH+0x0000014f20f4d400'
Event: 1899.343 Thread 0x0000014f1ecf9e50 Unloading class 0x0000014f20f4c800 'java/lang/invoke/LambdaForm$MH+0x0000014f20f4c800'
Event: 1899.343 Thread 0x0000014f1ecf9e50 Unloading class 0x0000014f20f4c400 'java/lang/invoke/LambdaForm$MH+0x0000014f20f4c400'
Event: 1899.343 Thread 0x0000014f1ecf9e50 Unloading class 0x0000014f20f4c000 'java/lang/invoke/LambdaForm$MH+0x0000014f20f4c000'
Event: 1913.018 Thread 0x0000014f1ecf9e50 Unloading class 0x0000014f20fbc000 'org/apache/catalina/loader/JdbcLeakPrevention'
Event: 1923.662 Thread 0x0000014f1ecf9e50 Unloading class 0x0000014f20f7c000 'org/apache/catalina/loader/JdbcLeakPrevention'
Event: 1943.907 Thread 0x0000014f1ecf9e50 Unloading class 0x0000014f20fe0400 'org/apache/catalina/loader/JdbcLeakPrevention'
Event: 1961.464 Thread 0x0000014f1ecf9e50 Unloading class 0x0000014f21004c00 'org/apache/catalina/loader/JdbcLeakPrevention'
Event: 1970.087 Thread 0x0000014f1ecf9e50 Unloading class 0x0000014f21020000 'org/apache/catalina/loader/JdbcLeakPrevention'
Event: 1974.852 Thread 0x0000014f1ecf9e50 Unloading class 0x0000014f2103c000 'org/apache/catalina/loader/JdbcLeakPrevention'
Event: 2004.938 Thread 0x0000014f1ecf9e50 Unloading class 0x0000014f21049c00 'org/apache/catalina/loader/JdbcLeakPrevention'
Event: 2015.113 Thread 0x0000014f1ecf9e50 Unloading class 0x0000014f21074000 'org/apache/catalina/loader/JdbcLeakPrevention'
Event: 2023.009 Thread 0x0000014f1ecf9e50 Unloading class 0x0000014f21090000 'org/apache/catalina/loader/JdbcLeakPrevention'
Event: 2029.150 Thread 0x0000014f1ecf9e50 Unloading class 0x0000014f210aa000 'org/apache/catalina/loader/JdbcLeakPrevention'
Event: 2037.898 Thread 0x0000014f1ecf9e50 Unloading class 0x0000014f210bc400 'org/apache/catalina/loader/JdbcLeakPrevention'

Classes redefined (0 events):
No events

Internal exceptions (20 events):
Event: 2037.864 Thread 0x0000014f64f71240 Exception <a 'java/lang/InterruptedException'{0x000000008ce91168}: sleep interrupted> (0x000000008ce91168) 
thrown [s\open\src\hotspot\share\prims\jvm.cpp, line 3093]
Event: 2037.989 Thread 0x0000014f67c70e10 Exception <a 'sun/nio/fs/WindowsException'{0x000000008cef9ac8}> (0x000000008cef9ac8) 
thrown [s\open\src\hotspot\share\prims\jni.cpp, line 520]
Event: 2038.582 Thread 0x0000014f67c70e10 Exception <a 'java/lang/NoClassDefFoundError'{0x000000008a8cdd98}: org/flywaydb/core/Flyway> (0x000000008a8cdd98) 
thrown [s\open\src\hotspot\share\oops\constantPool.cpp, line 870]
Event: 2038.582 Thread 0x0000014f67c70e10 Exception <a 'java/lang/NoClassDefFoundError'{0x000000008a8ce3f8}: liquibase/integration/spring/SpringLiquibase> (0x000000008a8ce3f8) 
thrown [s\open\src\hotspot\share\oops\constantPool.cpp, line 870]
Event: 2038.604 Thread 0x0000014f67c70e10 Exception <a 'java/lang/NoClassDefFoundError'{0x000000008a79baa8}: org/jooq/DSLContext> (0x000000008a79baa8) 
thrown [s\open\src\hotspot\share\oops\constantPool.cpp, line 870]
Event: 2038.607 Thread 0x0000014f67c70e10 Exception <a 'java/lang/NoClassDefFoundError'{0x000000008a7b0908}: org/springframework/batch/core/repository/JobRepository> (0x000000008a7b0908) 
thrown [s\open\src\hotspot\share\oops\constantPool.cpp, line 870]
Event: 2038.607 Thread 0x0000014f67c70e10 Exception <a 'java/lang/NoClassDefFoundError'{0x000000008a7b0f60}: org/quartz/Scheduler> (0x000000008a7b0f60) 
thrown [s\open\src\hotspot\share\oops\constantPool.cpp, line 870]
Event: 2038.607 Thread 0x0000014f67c70e10 Exception <a 'java/lang/NoClassDefFoundError'{0x000000008a7b15e0}: org/springframework/session/jdbc/JdbcIndexedSessionRepository> (0x000000008a7b15e0) 
thrown [s\open\src\hotspot\share\oops\constantPool.cpp, line 870]
Event: 2038.768 Thread 0x0000014f67c70e10 Exception <a 'java/io/FileNotFoundException'{0x0000000089bc2d10}> (0x0000000089bc2d10) 
thrown [s\open\src\hotspot\share\prims\jni.cpp, line 520]
Event: 2038.789 Thread 0x0000014f67c70e10 Exception <a 'java/io/FileNotFoundException'{0x0000000089971fb0}> (0x0000000089971fb0) 
thrown [s\open\src\hotspot\share\prims\jni.cpp, line 520]
Event: 2038.920 Thread 0x0000014f67c70e10 Implicit null exception at 0x0000014f18359943 to 0x0000014f18359b65
Event: 2038.920 Thread 0x0000014f67c70e10 Exception <a 'java/lang/NullPointerException'{0x000000008884d540}> (0x000000008884d540) 
thrown [s\open\src\hotspot\share\runtime\sharedRuntime.cpp, line 628]
Event: 2039.051 Thread 0x0000014f67c70780 Implicit null exception at 0x0000014f18359943 to 0x0000014f18359b65
Event: 2039.052 Thread 0x0000014f67c70780 Exception <a 'java/lang/NullPointerException'{0x00000000881b8900}> (0x00000000881b8900) 
thrown [s\open\src\hotspot\share\runtime\sharedRuntime.cpp, line 628]
Event: 2039.114 Thread 0x0000014f67c70780 Implicit null exception at 0x0000014f18359943 to 0x0000014f18359b65
Event: 2039.114 Thread 0x0000014f67c70780 Exception <a 'java/lang/NullPointerException'{0x00000000880a2570}> (0x00000000880a2570) 
thrown [s\open\src\hotspot\share\runtime\sharedRuntime.cpp, line 628]
Event: 2039.176 Thread 0x0000014f67c70780 Implicit null exception at 0x0000014f18359943 to 0x0000014f18359b65
Event: 2039.176 Thread 0x0000014f67c70780 Exception <a 'java/lang/NullPointerException'{0x00000000875b3a50}> (0x00000000875b3a50) 
thrown [s\open\src\hotspot\share\runtime\sharedRuntime.cpp, line 628]
Event: 2039.241 Thread 0x0000014f67c70780 Implicit null exception at 0x0000014f18359943 to 0x0000014f18359b65
Event: 2039.241 Thread 0x0000014f67c70780 Exception <a 'java/lang/NullPointerException'{0x0000000086fbf4b8}> (0x0000000086fbf4b8) 
thrown [s\open\src\hotspot\share\runtime\sharedRuntime.cpp, line 628]

ZGC Phase Switch (0 events):
No events

VM Operations (20 events):
Event: 2030.239 Executing VM operation: Cleanup done
Event: 2030.784 Executing VM operation: G1CollectForAllocation (G1 Evacuation Pause)
Event: 2030.792 Executing VM operation: G1CollectForAllocation (G1 Evacuation Pause) done
Event: 2030.893 Executing VM operation: G1PauseRemark
Event: 2030.912 Executing VM operation: G1PauseRemark done
Event: 2030.945 Executing VM operation: G1PauseCleanup
Event: 2030.945 Executing VM operation: G1PauseCleanup done
Event: 2032.961 Executing VM operation: Cleanup
Event: 2032.961 Executing VM operation: Cleanup done
Event: 2034.990 Executing VM operation: Cleanup
Event: 2034.990 Executing VM operation: Cleanup done
Event: 2035.995 Executing VM operation: Cleanup
Event: 2035.995 Executing VM operation: Cleanup done
Event: 2037.845 Executing VM operation: G1CollectForAllocation (G1 Evacuation Pause)
Event: 2037.855 Executing VM operation: G1CollectForAllocation (G1 Evacuation Pause) done
Event: 2037.865 Executing VM operation: G1CollectFull (System.gc())
Event: 2037.977 Executing VM operation: G1CollectFull (System.gc()) done
Event: 2038.979 Executing VM operation: Cleanup
Event: 2038.979 Executing VM operation: Cleanup done
Event: 2039.252 Executing VM operation: G1CollectForAllocation (G1 Evacuation Pause)

Events (20 events):
Event: 2037.934 Thread 0x0000014f1ecf9e50 flushing nmethod 0x0000014f185d7010
Event: 2037.934 Thread 0x0000014f1ecf9e50 flushing nmethod 0x0000014f17cb4f90
Event: 2037.934 Thread 0x0000014f1ecf9e50 flushing nmethod 0x0000014f16f67210
Event: 2037.934 Thread 0x0000014f1ecf9e50 flushing nmethod 0x0000014f18577690
Event: 2037.934 Thread 0x0000014f1ecf9e50 flushing nmethod 0x0000014f1773b990
Event: 2037.934 Thread 0x0000014f1ecf9e50 flushing nmethod 0x0000014f17eae290
Event: 2037.977 Thread 0x0000014f67c6ed40 Thread added: 0x0000014f67c6ed40
Event: 2037.977 Thread 0x0000014f67c6ed40 Thread exited: 0x0000014f67c6ed40
Event: 2037.978 Thread 0x0000014f67c70e10 Thread added: 0x0000014f67c70e10
Event: 2038.015 Thread 0x0000014f6c8aed00 Thread exited: 0x0000014f6c8aed00
Event: 2038.082 Thread 0x0000014f67c70780 Thread added: 0x0000014f67c70780
Event: 2038.100 Thread 0x0000014f67c70780 Thread exited: 0x0000014f67c70780
Event: 2038.938 Thread 0x0000014f67c6ed40 Thread added: 0x0000014f67c6ed40
Event: 2038.939 Thread 0x0000014f67c72ee0 Thread added: 0x0000014f67c72ee0
Event: 2038.983 Thread 0x0000014f67c72850 Thread added: 0x0000014f67c72850
Event: 2038.983 Thread 0x0000014f67c700f0 Thread added: 0x0000014f67c700f0
Event: 2038.983 Thread 0x0000014f67c73c00 Thread added: 0x0000014f67c73c00
Event: 2039.037 Thread 0x0000014f6c8af3d0 Thread added: 0x0000014f6c8af3d0
Event: 2039.037 Thread 0x0000014f6c8b1cb0 Thread added: 0x0000014f6c8b1cb0
Event: 2039.044 Thread 0x0000014f67c70780 Thread added: 0x0000014f67c70780


Dynamic libraries:
0x00007ff7a11c0000 - 0x00007ff7a11d0000 	C:\Program Files\Java\jdk-22\bin\javaw.exe
0x00007ffa3fb00000 - 0x00007ffa3fd63000 	C:\WINDOWS\SYSTEM32\ntdll.dll
0x00007ffa3e250000 - 0x00007ffa3e318000 	C:\WINDOWS\System32\KERNEL32.DLL
0x00007ffa3d100000 - 0x00007ffa3d4b2000 	C:\WINDOWS\System32\KERNELBASE.dll
0x00007ffa3cf80000 - 0x00007ffa3d0cb000 	C:\WINDOWS\System32\ucrtbase.dll
0x00007ffa37cb0000 - 0x00007ffa37cc7000 	C:\Program Files\Java\jdk-22\bin\jli.dll
0x00007ffa3e500000 - 0x00007ffa3e5b4000 	C:\WINDOWS\System32\ADVAPI32.dll
0x00007ffa3e190000 - 0x00007ffa3e239000 	C:\WINDOWS\System32\msvcrt.dll
0x00007ffa3e080000 - 0x00007ffa3e126000 	C:\WINDOWS\System32\sechost.dll
0x00007ffa3dee0000 - 0x00007ffa3dff6000 	C:\WINDOWS\System32\RPCRT4.dll
0x00007ffa3d9f0000 - 0x00007ffa3dbb8000 	C:\WINDOWS\System32\USER32.dll
0x00007ffa3d0d0000 - 0x00007ffa3d0f7000 	C:\WINDOWS\System32\win32u.dll
0x00007ffa3e320000 - 0x00007ffa3e34a000 	C:\WINDOWS\System32\GDI32.dll
0x00007ffa3d6b0000 - 0x00007ffa3d7db000 	C:\WINDOWS\System32\gdi32full.dll
0x00007ffa3ced0000 - 0x00007ffa3cf73000 	C:\WINDOWS\System32\msvcp_win.dll
0x00007ffa37980000 - 0x00007ffa3799b000 	C:\Program Files\Java\jdk-22\bin\VCRUNTIME140.dll
0x00007ffa28d60000 - 0x00007ffa28ff0000 	C:\WINDOWS\WinSxS\amd64_microsoft.windows.common-controls_6595b64144ccf1df_6.0.26100.2454_none_3e0b68a2e331ad60\COMCTL32.dll
0x00007ffa371d0000 - 0x00007ffa371db000 	C:\WINDOWS\SYSTEM32\VERSION.dll
0x00007ffa3dd60000 - 0x00007ffa3dd8f000 	C:\WINDOWS\System32\IMM32.DLL
0x00007ffa37e10000 - 0x00007ffa37e1c000 	C:\Program Files\Java\jdk-22\bin\vcruntime140_1.dll
0x00007ffa2ac50000 - 0x00007ffa2acde000 	C:\Program Files\Java\jdk-22\bin\msvcp140.dll
0x00007ff9f8890000 - 0x00007ff9f95d8000 	C:\Program Files\Java\jdk-22\bin\server\jvm.dll
0x00007ffa3e000000 - 0x00007ffa3e074000 	C:\WINDOWS\System32\WS2_32.dll
0x00007ffa3bb40000 - 0x00007ffa3bb8e000 	C:\WINDOWS\SYSTEM32\POWRPROF.dll
0x00007ffa2b390000 - 0x00007ffa2b3c6000 	C:\WINDOWS\SYSTEM32\WINMM.dll
0x00007ffa3bb20000 - 0x00007ffa3bb34000 	C:\WINDOWS\SYSTEM32\UMPDC.dll
0x00007ffa3bde0000 - 0x00007ffa3bdfa000 	C:\WINDOWS\SYSTEM32\kernel.appcore.dll
0x00007ffa37ca0000 - 0x00007ffa37caa000 	C:\Program Files\Java\jdk-22\bin\jimage.dll
0x00007ffa3a8b0000 - 0x00007ffa3aaf1000 	C:\WINDOWS\SYSTEM32\DBGHELP.DLL
0x00007ffa3f5a0000 - 0x00007ffa3f91e000 	C:\WINDOWS\System32\combase.dll
0x00007ffa3f4c0000 - 0x00007ffa3f596000 	C:\WINDOWS\System32\OLEAUT32.dll
0x00007ffa34130000 - 0x00007ffa34169000 	C:\WINDOWS\SYSTEM32\dbgcore.DLL
0x00007ffa3d580000 - 0x00007ffa3d619000 	C:\WINDOWS\System32\bcryptPrimitives.dll
0x00007ffa36b50000 - 0x00007ffa36b6e000 	C:\Program Files\Java\jdk-22\bin\java.dll
0x00007ffa3ed70000 - 0x00007ffa3f470000 	C:\WINDOWS\System32\SHELL32.dll
0x00007ffa3dbc0000 - 0x00007ffa3dd59000 	C:\WINDOWS\System32\ole32.dll
0x00007ffa3abe0000 - 0x00007ffa3b411000 	C:\WINDOWS\SYSTEM32\windows.storage.dll
0x00007ffa3f930000 - 0x00007ffa3fa0a000 	C:\WINDOWS\System32\SHCORE.dll
0x00007ffa3eb40000 - 0x00007ffa3eb9d000 	C:\WINDOWS\System32\shlwapi.dll
0x00007ffa3cde0000 - 0x00007ffa3ce0e000 	C:\WINDOWS\SYSTEM32\profapi.dll
0x00007ffa37a90000 - 0x00007ffa37aa0000 	C:\Program Files\Java\jdk-22\bin\net.dll
0x00007ffa3c2c0000 - 0x00007ffa3c328000 	C:\WINDOWS\system32\mswsock.dll
0x00007ffa34320000 - 0x00007ffa34336000 	C:\Program Files\Java\jdk-22\bin\nio.dll
0x00007ffa34200000 - 0x00007ffa34217000 	C:\Program Files\Java\jdk-22\bin\zip.dll
0x00007ffa36b40000 - 0x00007ffa36b4a000 	C:\Program Files\Java\jdk-22\bin\management.dll
0x00007ffa34310000 - 0x00007ffa3431b000 	C:\Program Files\Java\jdk-22\bin\management_ext.dll
0x00007ffa3e240000 - 0x00007ffa3e248000 	C:\WINDOWS\System32\PSAPI.DLL
0x00007ffa1f410000 - 0x00007ffa1f428000 	C:\WINDOWS\system32\napinsp.dll
0x00007ffa3b7c0000 - 0x00007ffa3b8e5000 	C:\WINDOWS\SYSTEM32\DNSAPI.dll
0x00007ffa3b780000 - 0x00007ffa3b7b2000 	C:\WINDOWS\SYSTEM32\IPHLPAPI.DLL
0x00007ffa3f480000 - 0x00007ffa3f48a000 	C:\WINDOWS\System32\NSI.dll
0x00007ffa0cf90000 - 0x00007ffa0cfa2000 	C:\WINDOWS\System32\winrnr.dll
0x00007ffa37820000 - 0x00007ffa37842000 	C:\WINDOWS\system32\nlansp_c.dll
0x00007ffa10030000 - 0x00007ffa10046000 	C:\WINDOWS\system32\wshbth.dll
0x00007ffa32480000 - 0x00007ffa3248b000 	C:\Windows\System32\rasadhlp.dll
0x00007ffa347b0000 - 0x00007ffa34835000 	C:\WINDOWS\System32\fwpuclnt.dll
0x00007ffa3c670000 - 0x00007ffa3c68c000 	C:\WINDOWS\SYSTEM32\CRYPTSP.dll
0x00007ffa3bd40000 - 0x00007ffa3bd78000 	C:\WINDOWS\system32\rsaenh.dll
0x00007ffa3c360000 - 0x00007ffa3c38b000 	C:\WINDOWS\SYSTEM32\USERENV.dll
0x00007ffa3c800000 - 0x00007ffa3c826000 	C:\WINDOWS\SYSTEM32\bcrypt.dll
0x00007ffa3c4f0000 - 0x00007ffa3c4fc000 	C:\WINDOWS\SYSTEM32\CRYPTBASE.dll
0x00007ffa342d0000 - 0x00007ffa342d9000 	C:\Program Files\Java\jdk-22\bin\extnet.dll
0x00007ffa340e0000 - 0x00007ffa340f0000 	C:\Program Files\Java\jdk-22\bin\verify.dll
0x00007ffa340d0000 - 0x00007ffa340de000 	C:\Program Files\Java\jdk-22\bin\sunmscapi.dll
0x00007ffa3d7e0000 - 0x00007ffa3d956000 	C:\WINDOWS\System32\CRYPT32.dll
0x00007ffa3c7c0000 - 0x00007ffa3c7f0000 	C:\WINDOWS\SYSTEM32\ncrypt.dll
0x00007ffa3c770000 - 0x00007ffa3c7af000 	C:\WINDOWS\SYSTEM32\NTASN1.dll
0x00007ffa340c0000 - 0x00007ffa340c8000 	C:\WINDOWS\system32\wshunix.dll

dbghelp: loaded successfully - version: 4.0.5 - missing functions: none
symbol engine: initialized successfully - sym options: 0x614 - pdb path: .;C:\Program Files\Java\jdk-22\bin;C:\WINDOWS\SYSTEM32;C:\WINDOWS\WinSxS\amd64_microsoft.windows.common-controls_6595b64144ccf1df_6.0.26100.2454_none_3e0b68a2e331ad60;C:\Program Files\Java\jdk-22\bin\server

VM Arguments:
jvm_args: -Dcom.sun.management.jmxremote -Dcom.sun.management.jmxremote.port=63396 -Dcom.sun.management.jmxremote.authenticate=false -Dcom.sun.management.jmxremote.ssl=false -Djava.rmi.server.hostname=localhost -Dspring.jmx.enabled=true -Dmanagement.endpoints.jmx.exposure.include=* -Dspring.application.admin.enabled=true -XX:TieredStopAtLevel=1 -Dspring.boot.project.name=ITProject -Dfile.encoding=UTF-8 -Dstdout.encoding=UTF-8 -Dstderr.encoding=UTF-8 -XX:+ShowCodeDetailsInExceptionMessages 
java_command: vn.project.ItProjectApplication --spring.output.ansi.enabled=always
java_class_path (initial): F:\SpringToolSuite\ITProject\target\classes;C:\Users\Admin\.m2\repository\org\springframework\boot\spring-boot-starter-data-jpa\3.1.4\spring-boot-starter-data-jpa-3.1.4.jar;C:\Users\Admin\.m2\repository\org\springframework\boot\spring-boot-starter-aop\3.3.5\spring-boot-starter-aop-3.3.5.jar;C:\Users\Admin\.m2\repository\org\aspectj\aspectjweaver\1.9.22.1\aspectjweaver-1.9.22.1.jar;C:\Users\Admin\.m2\repository\org\springframework\boot\spring-boot-starter-jdbc\3.3.5\spring-boot-starter-jdbc-3.3.5.jar;C:\Users\Admin\.m2\repository\com\zaxxer\HikariCP\5.1.0\HikariCP-5.1.0.jar;C:\Users\Admin\.m2\repository\org\springframework\spring-jdbc\6.1.14\spring-jdbc-6.1.14.jar;C:\Users\Admin\.m2\repository\org\hibernate\orm\hibernate-core\6.5.3.Final\hibernate-core-6.5.3.Final.jar;C:\Users\Admin\.m2\repository\jakarta\persistence\jakarta.persistence-api\3.1.0\jakarta.persistence-api-3.1.0.jar;C:\Users\Admin\.m2\repository\jakarta\transaction\jakarta.transaction-api\2.0.1\jakarta.transaction-api-2.0.1.jar;C:\Users\Admin\.m2\repository\org\jboss\logging\jboss-logging\3.5.3.Final\jboss-logging-3.5.3.Final.jar;C:\Users\Admin\.m2\repository\org\hibernate\common\hibernate-commons-annotations\6.0.6.Final\hibernate-commons-annotations-6.0.6.Final.jar;C:\Users\Admin\.m2\repository\io\smallrye\jandex\3.1.2\jandex-3.1.2.jar;C:\Users\Admin\.m2\repository\com\fasterxml\classmate\1.7.0\classmate-1.7.0.jar;C:\Users\Admin\.m2\repository\net\bytebuddy\byte-buddy\1.14.19\byte-buddy-1.14.19.jar;C:\Users\Admin\.m2\repository\org\glassfish\jaxb\jaxb-runtime\4.0.5\jaxb-runtime-4.0.5.jar;C:\Users\Admin\.m2\repository\org\glassfish\jaxb\jaxb-core\4.0.5\jaxb-core-4.0.5.jar;C:\Users\Admin\.m2\repository\org\glassfish\jaxb\txw2\4.0.5\txw2-4.0.5.jar;C:\Users\Admin\.m2\repository\com\sun\istack\istack-commons-runtime\4.1.2\istack-commons-runtime-4.1.2.jar;C:\Users\Admin\.m2\repository\jakarta\inject\jakarta.inject-api\2.0.1\jakarta.inject-api-2.0.1.jar;C:\Users\Admin\.m2\repository\org\antlr\antlr4-runtime\4.13.0\antlr4-runtime-4.13.0.jar;C:\Users\Admin\.m2\repository\org\springframework\data\spring-data-jpa\3.3.5\spring-data-jpa-3.3.5.jar;C:\Users\Admin\.m2\repository\org\springframework\data\spring-data-commons\3.3.5\spring-data-commons-3.3.5.jar;C:\Users\Admin\.m2\repository\org\springframework\spring-orm\6.1.14\spring-orm-6.1.14.jar;C:\Users\Admin\.m2\repository\org\springframework\spring-tx\6.1.14\spring-tx-6.1.14.jar;C:\Users\Admin\.m2\repository\jakarta\annotation\jakarta.annotation-api\2.1.1\jakarta.annotation-api-2.1.1.jar;C:\Users\Admin\.m2\repository\org\springframework\spring-aspects\6.1.14\spring-aspects-6.1.14.jar;C:\Users\Admin\.m2\repository\org\apache\httpcomponents\fluent-hc\4.5.5\fluent-hc-4.5.5.jar;C:\Users\Admin\.m2\repository\org\apache\httpcomponents\httpclient\4.5.5\httpclient-4.5.5.jar;C:\Users\Admin\.m2\repository\org\apache\httpcomponents\httpcore\4.4.16\httpcore-4.4.16.jar;C:\Users\Admin\.m2\repository\commons-codec\commons-codec\1.16.1\commons-codec-1.16.1.jar;C:\Users\Admin\.m2\repository\commons-logging\commons-logging\1.2\commons-logging-1.2.jar;C:\Users\Admin\.m2\repository\com\fasterxml\jackson\core\jackson-databind\2.17.2\jackson-databind-2.17.2.jar;C:\Users\Admin\.m2\repository\com\fasterxml\jackson\core\jackson-annotations\2.17.2\jackson-annotations-2.17.2.jar;C:\Users\Admin\.m2\repository\com\fasterxml\jackson\core\jackson-core\2.17.2\jackson-core-2.17.2.jar;C:\Users\Admin\.m2\repository\org\springframework\boot\spring-boot-starter-mail\3.3.5\spring-boot-starter-mail-3.3.5.jar;C:\Users\Admin\.m2\repository\org\springframework\boot\spring-boot-starter\3.3.5\spring-boot-starter-3.3.5.jar;C:\Users\Admin\.m2\repository\org\springframework\boot\spring-boot-starter-logging\3.3.5\spring-boot-starter-logging-3.3.5.jar;C:\Users\Admin\.m2\repository\ch\qos\logback\logback-classic\1.5.11\logback-classic-1.5.11.jar;C:\Users\Admin\.m2\repository\ch\qos\logback\logback-core\1.5.11\logback-core-1.5.11.jar;C:\Users\Admin\.m2\repository\org\apache\logging\log4j\log4j-to-slf4j\2.23.1\log4j-to-slf4j-2.23.1.jar;C:\Users\Admin\.m2\repository\org\apache\logging\log4j\log4j-api\2.23.1\log4j-api-2.23.1.jar;C:\Users\Admin\.m2\repository\org\slf4j\jul-to-slf4j\2.0.16\jul-to-slf4j-2.0.16.jar;C:\Users\Admin\.m2\repository\org\yaml\snakeyaml\2.2\snakeyaml-2.2.jar;C:\Users\Admin\.m2\repository\org\springframework\spring-context-support\6.1.14\spring-context-support-6.1.14.jar;C:\Users\Admin\.m2\repository\org\eclipse\angus\jakarta.mail\2.0.3\jakarta.mail-2.0.3.jar;C:\Users\Admin\.m2\repository\jakarta\activation\jakarta.activation-api\2.1.3\jakarta.activation-api-2.1.3.jar;C:\Users\Admin\.m2\repository\org\eclipse\angus\angus-activation\2.0.2\angus-activation-2.0.2.jar;C:\Users\Admin\.m2\repository\org\springframework\boot\spring-boot-starter-thymeleaf\3.3.5\spring-boot-starter-thymeleaf-3.3.5.jar;C:\Users\Admin\.m2\repository\org\thymeleaf\thymeleaf-spring6\3.1.2.RELEASE\thymeleaf-spring6-3.1.2.RELEASE.jar;C:\Users\Admin\.m2\repository\org\thymeleaf\thymeleaf\3.1.2.RELEASE\thymeleaf-3.1.2.RELEASE.jar;C:\Users\Admin\.m2\repository\org\attoparser\attoparser\2.0.7.RELEASE\attoparser-2.0.7.RELEASE.jar;C:\Users\Admin\.m2\repository\org\unbescape\unbescape\1.1.6.RELEASE\unbescape-1.1.6.RELEASE.jar;C:\Users\Admin\.m2\repository\org\springframework\boot\spring-boot-starter-validation\3.3.5\spring-boot-starter-validation-3.3.5.jar;C:\Users\Admin\.m2\repository\org\apache\tomcat\embed\tomcat-embed-el\10.1.31\tomcat-embed-el-10.1.31.jar;C:\Users\Admin\.m2\repository\org\hibernate\validator\hibernate-validator\8.0.1.Final\hibernate-validator-8.0.1.Final.jar;C:\Users\Admin\.m2\repository\jakarta\validation\jakarta.validation-api\3.0.2\jakarta.validation-api-3.0.2.jar;C:\Users\Admin\.m2\repository\org\springframework\boot\spring-boot-starter-web\3.3.5\spring-boot-starter-web-3.3.5.jar;C:\Users\Admin\.m2\repository\org\springframework\boot\spring-boot-starter-json\3.3.5\spring-boot-starter-json-3.3.5.jar;C:\Users\Admin\.m2\repository\com\fasterxml\jackson\datatype\jackson-datatype-jdk8\2.17.2\jackson-datatype-jdk8-2.17.2.jar;C:\Users\Admin\.m2\repository\com\fasterxml\jackson\datatype\jackson-datatype-jsr310\2.17.2\jackson-datatype-jsr310-2.17.2.jar;C:\Users\Admin\.m2\repository\com\fasterxml\jackson\module\jackson-module-parameter-names\2.17.2\jackson-module-parameter-names-2.17.2.jar;C:\Users\Admin\.m2\repository\org\springframework\boot\spring-boot-starter-tomcat\3.3.5\spring-boot-starter-tomcat-3.3.5.jar;C:\Users\Admin\.m2\repository\org\apache\tomcat\embed\tomcat-embed-websocket\10.1.31\tomcat-embed-websocket-10.1.31.jar;C:\Users\Admin\.m2\repository\org\springframework\spring-web\6.1.14\spring-web-6.1.14.jar;C:\Users\Admin\.m2\repository\io\micrometer\micrometer-observation\1.13.6\micrometer-observation-1.13.6.jar;C:\Users\Admin\.m2\repository\io\micrometer\micrometer-commons\1.13.6\micrometer-commons-1.13.6.jar;C:\Users\Admin\.m2\repository\org\springframework\spring-webmvc\6.1.14\spring-webmvc-6.1.14.jar;C:\Users\Admin\.m2\repository\org\springframework\boot\spring-boot-starter-websocket\3.3.5\spring-boot-starter-websocket-3.3.5.jar;C:\Users\Admin\.m2\repository\org\springframework\spring-messaging\6.1.14\spring-messaging-6.1.14.jar;C:\Users\Admin\.m2\repository\org\springframework\spring-websocket\6.1.14\spring-websocket-6.1.14.jar;C:\Users\Admin\.m2\repository\org\springframework\boot\spring-boot-devtools\3.3.5\spring-boot-devtools-3.3.5.jar;C:\Users\Admin\.m2\repository\org\springframework\boot\spring-boot\3.3.5\spring-boot-3.3.5.jar;C:\Users\Admin\.m2\repository\org\springframework\boot\spring-boot-autoconfigure\3.3.5\spring-boot-autoconfigure-3.3.5.jar;C:\Users\Admin\.m2\repository\com\h2database\h2\2.2.224\h2-2.2.224.jar;C:\Users\Admin\.m2\repository\com\microsoft\sqlserver\mssql-jdbc\12.6.4.jre11\mssql-jdbc-12.6.4.jre11.jar;C:\Users\Admin\.m2\repository\org\projectlombok\lombok\1.18.34\lombok-1.18.34.jar;C:\Users\Admin\.m2\repository\jakarta\xml\bind\jakarta.xml.bind-api\4.0.2\jakarta.xml.bind-api-4.0.2.jar;C:\Users\Admin\.m2\repository\org\springframework\spring-core\6.1.14\spring-core-6.1.14.jar;C:\Users\Admin\.m2\repository\org\springframework\spring-jcl\6.1.14\spring-jcl-6.1.14.jar;C:\Users\Admin\.m2\repository\org\glassfish\web\jakarta.servlet.jsp.jstl\3.0.1\jakarta.servlet.jsp.jstl-3.0.1.jar;C:\Users\Admin\.m2\repository\org\apache\tomcat\embed\tomcat-embed-jasper\10.1.31\tomcat-embed-jasper-10.1.31.jar;C:\Users\Admin\.m2\repository\org\apache\tomcat\embed\tomcat-embed-core\10.1.31\tomcat-embed-core-10.1.31.jar;C:\Users\Admin\.m2\repository\org\apache\tomcat\tomcat-annotations-api\10.1.31\tomcat-annotations-api-10.1.31.jar;C:\Users\Admin\.m2\repository\org\eclipse\jdt\ecj\3.33.0\ecj-3.33.0.jar;C:\Users\Admin\.m2\repository\org\thymeleaf\extras\thymeleaf-extras-springsecurity5\3.1.1.RELEASE\thymeleaf-extras-springsecurity5-3.1.1.RELEASE.jar;C:\Users\Admin\.m2\repository\org\thymeleaf\thymeleaf-spring5\3.1.1.RELEASE\thymeleaf-spring5-3.1.1.RELEASE.jar;C:\Users\Admin\.m2\repository\org\slf4j\slf4j-api\2.0.16\slf4j-api-2.0.16.jar;F:\SpringToolSuite\SpringBootSecurityJWT\target\classes;C:\Users\Admin\.m2\repository\org\thymeleaf\extras\thymeleaf-extras-springsecurity6\3.1.2.RELEASE\thymeleaf-extras-springsecurity6-3.1.2.RELEASE.jar;C:\Users\Admin\.m2\repository\org\springframework\boot\spring-boot-starter-security\3.3.5\spring-boot-starter-security-3.3.5.jar;C:\Users\Admin\.m2\repository\org\springframework\spring-aop\6.1.14\spring-aop-6.1.14.jar;C:\Users\Admin\.m2\repository\org\springframework\security\spring-security-config\6.3.4\spring-security-config-6.3.4.jar;C:\Users\Admin\.m2\repository\org\springframework\security\spring-security-web\6.3.4\spring-security-web-6.3.4.jar;C:\Users\Admin\.m2\repository\org\springframework\security\spring-security-taglibs\6.3.4\spring-security-taglibs-6.3.4.jar;C:\Users\Admin\.m2\repository\org\springframework\security\spring-security-acl\6.3.4\spring-security-acl-6.3.4.jar;C:\Users\Admin\.m2\repository\org\springframework\security\spring-security-core\6.3.4\spring-security-core-6.3.4.jar;C:\Users\Admin\.m2\repository\org\springframework\security\spring-security-crypto\6.3.4\spring-security-crypto-6.3.4.jar;C:\Users\Admin\.m2\repository\org\springframework\spring-beans\6.1.14\spring-beans-6.1.14.jar;C:\Users\Admin\.m2\repository\org\springframework\spring-context\6.1.14\spring-context-6.1.14.jar;C:\Users\Admin\.m2\repository\org\springframework\spring-expression\6.1.14\spring-expression-6.1.14.jar
Launcher Type: SUN_STANDARD

[Global flags]
     intx CICompilerCount                          = 4                                         {product} {ergonomic}
     uint ConcGCThreads                            = 2                                         {product} {ergonomic}
     uint G1ConcRefinementThreads                  = 8                                         {product} {ergonomic}
   size_t G1HeapRegionSize                         = 1048576                                   {product} {ergonomic}
   size_t InitialHeapSize                          = 132120576                                 {product} {ergonomic}
     bool ManagementServer                         = true                                      {product} {command line}
   size_t MarkStackSize                            = 4194304                                   {product} {ergonomic}
   size_t MaxHeapSize                              = 2105540608                                {product} {ergonomic}
   size_t MaxNewSize                               = 1262485504                                {product} {ergonomic}
   size_t MinHeapDeltaBytes                        = 1048576                                   {product} {ergonomic}
   size_t MinHeapSize                              = 8388608                                   {product} {ergonomic}
    uintx NonNMethodCodeHeapSize                   = 4096                                   {pd product} {ergonomic}
    uintx NonProfiledCodeHeapSize                  = 0                                      {pd product} {ergonomic}
     bool ProfileInterpreter                       = false                                  {pd product} {command line}
    uintx ProfiledCodeHeapSize                     = 0                                      {pd product} {ergonomic}
     bool ShowCodeDetailsInExceptionMessages       = true                                   {manageable} {command line}
   size_t SoftMaxHeapSize                          = 2105540608                             {manageable} {ergonomic}
     intx TieredStopAtLevel                        = 1                                         {product} {command line}
     bool UseCompressedOops                        = true                           {product lp64_product} {ergonomic}
     bool UseG1GC                                  = true                                      {product} {ergonomic}
     bool UseLargePagesIndividualAllocation        = false                                  {pd product} {ergonomic}

Logging:
Log output configuration:
 #0: stdout all=warning uptime,level,tags foldmultilines=false
 #1: stderr all=off uptime,level,tags foldmultilines=false

Environment Variables:
PATH=F:/SpringToolSuite/sts-4.24.0.RELEASE//plugins/org.eclipse.justj.openjdk.hotspot.jre.full.win32.x86_64_21.0.3.v20240426-1530/jre/bin/server;F:/SpringToolSuite/sts-4.24.0.RELEASE//plugins/org.eclipse.justj.openjdk.hotspot.jre.full.win32.x86_64_21.0.3.v20240426-1530/jre/bin;C:\Program Files\Microsoft MPI\Bin\;C:\Program Files\Common Files\Oracle\Java\javapath;C:\Program Files (x86)\Common Files\Oracle\Java\java8path;C:\Program Files (x86)\Common Files\Oracle\Java\javapath;C:\Python39\Scripts\;C:\Python39\;C:\Program Files (x86)\VMware\VMware Workstation\bin\;C:\WINDOWS\system32;C:\WINDOWS;C:\WINDOWS\System32\Wbem;C:\WINDOWS\System32\WindowsPowerShell\v1.0\;C:\WINDOWS\System32\OpenSSH\;C:\Program Files\Intel\WiFi\bin\;C:\Program Files\Common Files\Intel\WirelessCommon\;C:\Program Files\Git\cmd;C:\Program Files (x86)\Microsoft SQL Server\160\Tools\Binn\;C:\Program Files\Microsoft SQL Server\160\Tools\Binn\;C:\Program Files\Microsoft SQL Server\Client SDK\ODBC\170\Tools\Binn\;C:\Program Files\Microsoft SQL Server\160\DTS\Binn\;C:\Program Files (x86)\Microsoft SQL Server\160\DTS\Binn\;C:\Program Files\dotnet\;C:\Users\Admin\AppData\Local\Microsoft\WindowsApps;C:\Program Files\Azure Data Studio\bin;;F:\Microsoft VS Code\bin;F:\SpringToolSuite\sts-4.24.0.RELEASE;
USERNAME=Admin
OS=Windows_NT
PROCESSOR_IDENTIFIER=Intel64 Family 6 Model 142 Stepping 10, GenuineIntel
TMP=C:\Users\Admin\AppData\Local\Temp
TEMP=C:\Users\Admin\AppData\Local\Temp




Periodic native trim disabled

---------------  S Y S T E M  ---------------

OS:
 Windows 11 , 64 bit Build 26100 (10.0.26100.2454)
OS uptime: 1 days 22:03 hours
Hyper-V role detected

CPU: total 8 (initial active 8) (4 cores per cpu, 2 threads per core) family 6 model 142 stepping 10 microcode 0xe0, cx8, cmov, fxsr, ht, mmx, 3dnowpref, sse, sse2, sse3, ssse3, sse4.1, sse4.2, popcnt, lzcnt, tsc, tscinvbit, avx, avx2, aes, erms, clmul, bmi1, bmi2, rtm, adx, fma, vzeroupper, clflush, clflushopt, hv, rdtscp, f16c
Processor Information for processor 0
  Max Mhz: 2112, Current Mhz: 1910, Mhz Limit: 1900
Processor Information for processor 1
  Max Mhz: 2112, Current Mhz: 1910, Mhz Limit: 1900
Processor Information for processor 2
  Max Mhz: 2112, Current Mhz: 1508, Mhz Limit: 1900
Processor Information for processor 3
  Max Mhz: 2112, Current Mhz: 1910, Mhz Limit: 1900
Processor Information for processor 4
  Max Mhz: 2112, Current Mhz: 1910, Mhz Limit: 1900
Processor Information for processor 5
  Max Mhz: 2112, Current Mhz: 1910, Mhz Limit: 1900
Processor Information for processor 6
  Max Mhz: 2112, Current Mhz: 1508, Mhz Limit: 1900
Processor Information for processor 7
  Max Mhz: 2112, Current Mhz: 1508, Mhz Limit: 1900

Memory: 4k page, system-wide physical 8029M (665M free)
TotalPageFile size 10077M (AvailPageFile size 185M)
current process WorkingSet (physical memory assigned to process): 414M, peak: 417M
current process commit charge ("private bytes"): 467M, peak: 801M

vm_info: Java HotSpot(TM) 64-Bit Server VM (22+36-2370) for windows-amd64 JRE (22+36-2370), built on 2024-02-15T22:15:19Z by "mach5one" with MS VC++ 17.6 (VS2022)

END.
