#
# There is insufficient memory for the Java Runtime Environment to continue.
# Native memory allocation (mmap) failed to map 22020096 bytes. Error detail: G1 virtual space
# Possible reasons:
#   The system is out of physical RAM or swap space
#   This process is running with CompressedOops enabled, and the Java Heap may be blocking the growth of the native heap
# Possible solutions:
#   Reduce memory load on the system
#   Increase physical memory or swap space
#   Check if swap backing store is full
#   Decrease Java heap size (-Xmx/-Xms)
#   Decrease number of Java threads
#   Decrease Java thread stack sizes (-Xss)
#   Set larger code cache with -XX:ReservedCodeCacheSize=
#   JVM is running with Unscaled Compressed Oops mode in which the Java heap is
#     placed in the first 4GB address space. The Java Heap base address is the
#     maximum limit for the native heap growth. Please use -XX:HeapBaseMinAddress
#     to set the Java Heap base and to place the Java Heap above 4GB virtual address.
# This output file may be truncated or incomplete.
#
#  Out of Memory Error (os_windows.cpp:3631), pid=15712, tid=16236
#
# JRE version: Java(TM) SE Runtime Environment (22.0+36) (build 22+36-2370)
# Java VM: Java HotSpot(TM) 64-Bit Server VM (22+36-2370, mixed mode, emulated-client, sharing, tiered, compressed oops, compressed class ptrs, g1 gc, windows-amd64)
# No core dump will be written. Minidumps are not enabled by default on client versions of Windows
#

---------------  S U M M A R Y ------------

Command Line: -Dcom.sun.management.jmxremote -Dcom.sun.management.jmxremote.port=56741 -Dcom.sun.management.jmxremote.authenticate=false -Dcom.sun.management.jmxremote.ssl=false -Djava.rmi.server.hostname=localhost -Dspring.jmx.enabled=true -Dmanagement.endpoints.jmx.exposure.include=* -Dspring.application.admin.enabled=true -XX:TieredStopAtLevel=1 -Dspring.boot.project.name=ITProject -Dfile.encoding=UTF-8 -Dstdout.encoding=UTF-8 -Dstderr.encoding=UTF-8 -XX:+ShowCodeDetailsInExceptionMessages vn.project.ItProjectApplication --spring.output.ansi.enabled=always

Host: Intel(R) Core(TM) i7-8650U CPU @ 1.90GHz, 8 cores, 7G,  Windows 11 , 64 bit Build 26100 (10.0.26100.2454)
Time: Sun Dec  1 23:39:33 2024 SE Asia Standard Time elapsed time: 10.947072 seconds (0d 0h 0m 10s)

---------------  T H R E A D  ---------------

Current thread (0x0000012c42f98570):  VMThread "VM Thread"          [id=16236, stack(0x00000023a0700000,0x00000023a0800000) (1024K)]

Stack: [0x00000023a0700000,0x00000023a0800000]
Native frames: (J=compiled Java code, j=interpreted, Vv=VM code, C=native code)
V  [jvm.dll+0x6e2349]  (no source info available)
V  [jvm.dll+0x874ed3]  (no source info available)
V  [jvm.dll+0x8772fe]  (no source info available)
V  [jvm.dll+0x8779d3]  (no source info available)
V  [jvm.dll+0x27fcb6]  (no source info available)
V  [jvm.dll+0x6de9e5]  (no source info available)
V  [jvm.dll+0x6d34ea]  (no source info available)
V  [jvm.dll+0x35892a]  (no source info available)
V  [jvm.dll+0x360e56]  (no source info available)
V  [jvm.dll+0x3b3d7e]  (no source info available)
V  [jvm.dll+0x3b4028]  (no source info available)
V  [jvm.dll+0x32c4ec]  (no source info available)
V  [jvm.dll+0x32c577]  (no source info available)
V  [jvm.dll+0x3721ec]  (no source info available)
V  [jvm.dll+0x3708e6]  (no source info available)
V  [jvm.dll+0x32bbd7]  (no source info available)
V  [jvm.dll+0x3700a4]  (no source info available)
V  [jvm.dll+0x87d870]  (no source info available)
V  [jvm.dll+0x87ebf7]  (no source info available)
V  [jvm.dll+0x87f170]  (no source info available)
V  [jvm.dll+0x87f413]  (no source info available)
V  [jvm.dll+0x81d50b]  (no source info available)
V  [jvm.dll+0x6e09e5]  (no source info available)
C  [ucrtbase.dll+0x14ea0]  (no source info available)
C  [KERNEL32.DLL+0x2e8d7]  (no source info available)
C  [ntdll.dll+0xdfbcc]  (no source info available)

VM_Operation (0x00000023a23fbef0): G1CollectForAllocation, mode: safepoint, requested by thread 0x0000012c892e2f50


---------------  P R O C E S S  ---------------

Threads class SMR info:
_java_thread_list=0x0000012c8a0797c0, length=25, elements={
0x0000012c3080def0, 0x0000012c42fb69c0, 0x0000012c42fba970, 0x0000012c42fc7590,
0x0000012c42fc7ff0, 0x0000012c42fc8a50, 0x0000012c42fcb900, 0x0000012c42fcc360,
0x0000012c42ffda80, 0x0000012c42ffe0f0, 0x0000012c88222f20, 0x0000012c887a3990,
0x0000012c887a4050, 0x0000012c888bf250, 0x0000012c888c2830, 0x0000012c888f2100,
0x0000012c889600f0, 0x0000012c88933c60, 0x0000012c8898de20, 0x0000012c88999b90,
0x0000012c892e28c0, 0x0000012c892e2f50, 0x0000012c892e35e0, 0x0000012c892e3c70,
0x0000012c8a7eee50
}

Java Threads: ( => current thread )
  0x0000012c3080def0 JavaThread "main"                              [_thread_blocked, id=3500, stack(0x00000023a0000000,0x00000023a0100000) (1024K)]
  0x0000012c42fb69c0 JavaThread "Reference Handler"          daemon [_thread_blocked, id=7068, stack(0x00000023a0800000,0x00000023a0900000) (1024K)]
  0x0000012c42fba970 JavaThread "Finalizer"                  daemon [_thread_blocked, id=1668, stack(0x00000023a0900000,0x00000023a0a00000) (1024K)]
  0x0000012c42fc7590 JavaThread "Signal Dispatcher"          daemon [_thread_blocked, id=8488, stack(0x00000023a0a00000,0x00000023a0b00000) (1024K)]
  0x0000012c42fc7ff0 JavaThread "Attach Listener"            daemon [_thread_blocked, id=9876, stack(0x00000023a0b00000,0x00000023a0c00000) (1024K)]
  0x0000012c42fc8a50 JavaThread "Service Thread"             daemon [_thread_blocked, id=17000, stack(0x00000023a0c00000,0x00000023a0d00000) (1024K)]
  0x0000012c42fcb900 JavaThread "Monitor Deflation Thread"   daemon [_thread_blocked, id=11960, stack(0x00000023a0d00000,0x00000023a0e00000) (1024K)]
  0x0000012c42fcc360 JavaThread "C1 CompilerThread0"         daemon [_thread_blocked, id=13056, stack(0x00000023a0e00000,0x00000023a0f00000) (1024K)]
  0x0000012c42ffda80 JavaThread "Common-Cleaner"             daemon [_thread_blocked, id=9912, stack(0x00000023a0f00000,0x00000023a1000000) (1024K)]
  0x0000012c42ffe0f0 JavaThread "C1 CompilerThread1"         daemon [_thread_blocked, id=6656, stack(0x00000023a1000000,0x00000023a1100000) (1024K)]
  0x0000012c88222f20 JavaThread "Notification Thread"        daemon [_thread_blocked, id=11692, stack(0x00000023a1100000,0x00000023a1200000) (1024K)]
  0x0000012c887a3990 JavaThread "C1 CompilerThread2"         daemon [_thread_blocked, id=3296, stack(0x00000023a1200000,0x00000023a1300000) (1024K)]
  0x0000012c887a4050 JavaThread "C1 CompilerThread3"         daemon [_thread_blocked, id=5964, stack(0x00000023a1300000,0x00000023a1400000) (1024K)]
  0x0000012c888bf250 JavaThread "RMI TCP Accept-0"           daemon [_thread_in_native, id=4032, stack(0x00000023a1400000,0x00000023a1500000) (1024K)]
  0x0000012c888c2830 JavaThread "RMI TCP Accept-56741"       daemon [_thread_in_native, id=8428, stack(0x00000023a1500000,0x00000023a1600000) (1024K)]
  0x0000012c888f2100 JavaThread "RMI TCP Accept-0"           daemon [_thread_in_native, id=1648, stack(0x00000023a1600000,0x00000023a1700000) (1024K)]
  0x0000012c889600f0 JavaThread "RMI TCP Connection(1)-127.0.0.1" daemon [_thread_in_native, id=16396, stack(0x00000023a1700000,0x00000023a1800000) (1024K)]
  0x0000012c88933c60 JavaThread "RMI Scheduler(0)"           daemon [_thread_blocked, id=12976, stack(0x00000023a1800000,0x00000023a1900000) (1024K)]
  0x0000012c8898de20 JavaThread "RMI TCP Connection(2)-127.0.0.1" daemon [_thread_blocked, id=1420, stack(0x00000023a1900000,0x00000023a1a00000) (1024K)]
  0x0000012c88999b90 JavaThread "JMX server connection timeout 28" daemon [_thread_blocked, id=12364, stack(0x00000023a1a00000,0x00000023a1b00000) (1024K)]
  0x0000012c892e28c0 JavaThread "Thread-0"                          [_thread_blocked, id=3232, stack(0x00000023a2200000,0x00000023a2300000) (1024K)]
  0x0000012c892e2f50 JavaThread "restartedMain"                     [_thread_blocked, id=10992, stack(0x00000023a2300000,0x00000023a2400000) (1024K)]
  0x0000012c892e35e0 JavaThread "mssql-jdbc-shared-timer-core-0" daemon [_thread_blocked, id=17036, stack(0x00000023a2600000,0x00000023a2700000) (1024K)]
  0x0000012c892e3c70 JavaThread "HikariPool-1 housekeeper"   daemon [_thread_blocked, id=10860, stack(0x00000023a2700000,0x00000023a2800000) (1024K)]
  0x0000012c8a7eee50 JavaThread "HikariPool-1 connection adder" daemon [_thread_blocked, id=384, stack(0x00000023a2800000,0x00000023a2900000) (1024K)]
Total: 25

Other Threads:
=>0x0000012c42f98570 VMThread "VM Thread"                           [id=16236, stack(0x00000023a0700000,0x00000023a0800000) (1024K)]
  0x0000012c42f81c60 WatcherThread "VM Periodic Task Thread"        [id=11492, stack(0x00000023a0600000,0x00000023a0700000) (1024K)]
  0x0000012c32a32960 WorkerThread "GC Thread#0"                     [id=4156, stack(0x00000023a0100000,0x00000023a0200000) (1024K)]
  0x0000012c88a1bff0 WorkerThread "GC Thread#1"                     [id=4816, stack(0x00000023a1b00000,0x00000023a1c00000) (1024K)]
  0x0000012c88a4b590 WorkerThread "GC Thread#2"                     [id=7196, stack(0x00000023a1c00000,0x00000023a1d00000) (1024K)]
  0x0000012c88a20430 WorkerThread "GC Thread#3"                     [id=11628, stack(0x00000023a1d00000,0x00000023a1e00000) (1024K)]
  0x0000012c88a705a0 WorkerThread "GC Thread#4"                     [id=14912, stack(0x00000023a1e00000,0x00000023a1f00000) (1024K)]
  0x0000012c88a70950 WorkerThread "GC Thread#5"                     [id=13000, stack(0x00000023a1f00000,0x00000023a2000000) (1024K)]
  0x0000012c88a73120 WorkerThread "GC Thread#6"                     [id=10492, stack(0x00000023a2000000,0x00000023a2100000) (1024K)]
  0x0000012c88a774e0 WorkerThread "GC Thread#7"                     [id=10872, stack(0x00000023a2100000,0x00000023a2200000) (1024K)]
  0x0000012c32a44a20 ConcurrentGCThread "G1 Main Marker"            [id=6240, stack(0x00000023a0200000,0x00000023a0300000) (1024K)]
  0x0000012c32a45440 WorkerThread "G1 Conc#0"                       [id=12300, stack(0x00000023a0300000,0x00000023a0400000) (1024K)]
  0x0000012c89912d40 WorkerThread "G1 Conc#1"                       [id=9772, stack(0x00000023a2500000,0x00000023a2600000) (1024K)]
  0x0000012c42e54190 ConcurrentGCThread "G1 Refine#0"               [id=6644, stack(0x00000023a0400000,0x00000023a0500000) (1024K)]
  0x0000012c42e576f0 ConcurrentGCThread "G1 Service"                [id=6816, stack(0x00000023a0500000,0x00000023a0600000) (1024K)]
Total: 15

Threads with active compile tasks:
Total: 0

VM state: at safepoint (normal execution)

VM Mutex/Monitor currently owned by a thread:  ([mutex/lock_event])
[0x00007ffe4698cbc8] Threads_lock - owner thread: 0x0000012c42f98570
[0x00007ffe4698ccc8] Heap_lock - owner thread: 0x0000012c892e2f50

Heap address: 0x0000000082800000, size: 2008 MB, Compressed Oops mode: 32-bit

CDS archive(s) mapped at: [0x0000012c43000000-0x0000012c43c60000-0x0000012c43c60000), size 12976128, SharedBaseAddress: 0x0000012c43000000, ArchiveRelocationMode: 1.
Compressed class space mapped at: 0x0000012c44000000-0x0000012c84000000, reserved size: 1073741824
Narrow klass base: 0x0000012c43000000, Narrow klass shift: 0, Narrow klass range: 0x41000000

GC Precious Log:
 CardTable entry size: 512
 Card Set container configuration: InlinePtr #cards 5 size 8 Array Of Cards #cards 12 size 40 Howl #buckets 4 coarsen threshold 1843 Howl Bitmap #cards 512 size 80 coarsen threshold 460 Card regions per heap region 1 cards per card region 2048
 CPUs: 8 total, 8 available
 Memory: 8029M
 Large Page Support: Disabled
 NUMA Support: Disabled
 Compressed Oops: Enabled (32-bit)
 Heap Region Size: 1M
 Heap Min Capacity: 8M
 Heap Initial Capacity: 126M
 Heap Max Capacity: 2008M
 Pre-touch: Disabled
 Parallel Workers: 8
 Concurrent Workers: 2
 Concurrent Refinement Workers: 8
 Periodic GC: Disabled

Heap:
 garbage-first heap   total reserved 2056192K, committed 48128K, used 25427K [0x0000000082800000, 0x0000000100000000)
  region size 1024K, 3 young (3072K), 3 survivors (3072K)
 Metaspace       used 40445K, committed 41024K, reserved 1114112K
  class space    used 5495K, committed 5760K, reserved 1048576K

Heap Regions: E=young(eden), S=young(survivor), O=old, HS=humongous(starts), HC=humongous(continues), CS=collection set, F=free, TAMS=top-at-mark-start, PB=parsable bottom
|   0|0x0000000082800000, 0x0000000082900000, 0x0000000082900000|100%|HS|  |TAMS 0x0000000082900000| PB 0x0000000082800000| Complete |  0
|   1|0x0000000082900000, 0x0000000082a00000, 0x0000000082a00000|100%| O|  |TAMS 0x0000000082a00000| PB 0x0000000082900000| Untracked |  0
|   2|0x0000000082a00000, 0x0000000082b00000, 0x0000000082b00000|100%| O|  |TAMS 0x0000000082b00000| PB 0x0000000082a00000| Untracked |  0
|   3|0x0000000082b00000, 0x0000000082c00000, 0x0000000082c00000|100%| O|  |TAMS 0x0000000082c00000| PB 0x0000000082b00000| Untracked |  0
|   4|0x0000000082c00000, 0x0000000082d00000, 0x0000000082d00000|100%| O|  |TAMS 0x0000000082d00000| PB 0x0000000082c00000| Untracked |  0
|   5|0x0000000082d00000, 0x0000000082e00000, 0x0000000082e00000|100%| O|  |TAMS 0x0000000082e00000| PB 0x0000000082d00000| Untracked |  0
|   6|0x0000000082e00000, 0x0000000082f00000, 0x0000000082f00000|100%| O|  |TAMS 0x0000000082f00000| PB 0x0000000082e00000| Untracked |  0
|   7|0x0000000082f00000, 0x0000000083000000, 0x0000000083000000|100%| O|  |TAMS 0x0000000083000000| PB 0x0000000082f00000| Untracked |  0
|   8|0x0000000083000000, 0x0000000083100000, 0x0000000083100000|100%| O|  |TAMS 0x0000000083100000| PB 0x0000000083000000| Untracked |  0
|   9|0x0000000083100000, 0x0000000083200000, 0x0000000083200000|100%| O|  |TAMS 0x0000000083200000| PB 0x0000000083100000| Untracked |  0
|  10|0x0000000083200000, 0x0000000083300000, 0x0000000083300000|100%| O|  |TAMS 0x0000000083300000| PB 0x0000000083200000| Untracked |  0
|  11|0x0000000083300000, 0x0000000083400000, 0x0000000083400000|100%| O|  |TAMS 0x0000000083400000| PB 0x0000000083300000| Untracked |  0
|  12|0x0000000083400000, 0x0000000083500000, 0x0000000083500000|100%| O|  |TAMS 0x0000000083500000| PB 0x0000000083400000| Untracked |  0
|  13|0x0000000083500000, 0x0000000083600000, 0x0000000083600000|100%| O|  |TAMS 0x0000000083600000| PB 0x0000000083500000| Untracked |  0
|  14|0x0000000083600000, 0x0000000083700000, 0x0000000083700000|100%| O|  |TAMS 0x0000000083700000| PB 0x0000000083600000| Untracked |  0
|  15|0x0000000083700000, 0x0000000083782ae0, 0x0000000083800000| 51%| O|  |TAMS 0x0000000083700000| PB 0x0000000083700000| Untracked |  0
|  16|0x0000000083800000, 0x0000000083900000, 0x0000000083900000|100%| O|  |TAMS 0x0000000083900000| PB 0x0000000083800000| Untracked |  0
|  17|0x0000000083900000, 0x0000000083a00000, 0x0000000083a00000|100%| O|  |TAMS 0x0000000083a00000| PB 0x0000000083900000| Untracked |  0
|  18|0x0000000083a00000, 0x0000000083b00000, 0x0000000083b00000|100%| O|  |TAMS 0x0000000083b00000| PB 0x0000000083a00000| Untracked |  0
|  19|0x0000000083b00000, 0x0000000083c00000, 0x0000000083c00000|100%| O|  |TAMS 0x0000000083c00000| PB 0x0000000083b00000| Untracked |  0
|  20|0x0000000083c00000, 0x0000000083d00000, 0x0000000083d00000|100%| O|  |TAMS 0x0000000083d00000| PB 0x0000000083c00000| Untracked |  0
|  21|0x0000000083d00000, 0x0000000083e00000, 0x0000000083e00000|100%| O|  |TAMS 0x0000000083e00000| PB 0x0000000083d00000| Untracked |  0
|  22|0x0000000083e00000, 0x0000000083f00000, 0x0000000083f00000|100%| O|  |TAMS 0x0000000083e31f80| PB 0x0000000083e00000| Untracked |  0
|  23|0x0000000083f00000, 0x0000000083f00000, 0x0000000084000000|  0%| F|  |TAMS 0x0000000083f00000| PB 0x0000000083f00000| Untracked |  0
|  24|0x0000000084000000, 0x0000000084000000, 0x0000000084100000|  0%| F|  |TAMS 0x0000000084000000| PB 0x0000000084000000| Untracked |  0
|  25|0x0000000084100000, 0x0000000084100000, 0x0000000084200000|  0%| F|  |TAMS 0x0000000084100000| PB 0x0000000084100000| Untracked |  0
|  26|0x0000000084200000, 0x00000000842522d8, 0x0000000084300000| 32%| S|CS|TAMS 0x0000000084200000| PB 0x0000000084200000| Complete |  0
|  27|0x0000000084300000, 0x0000000084300000, 0x0000000084400000|  0%| F|  |TAMS 0x0000000084300000| PB 0x0000000084300000| Untracked |  0
|  28|0x0000000084400000, 0x0000000084400000, 0x0000000084500000|  0%| F|  |TAMS 0x0000000084400000| PB 0x0000000084400000| Untracked |  0
|  29|0x0000000084500000, 0x0000000084600000, 0x0000000084600000|100%| S|CS|TAMS 0x0000000084500000| PB 0x0000000084500000| Complete |  0
|  30|0x0000000084600000, 0x0000000084700000, 0x0000000084700000|100%| S|CS|TAMS 0x0000000084600000| PB 0x0000000084600000| Complete |  0
|  31|0x0000000084700000, 0x0000000084700000, 0x0000000084800000|  0%| F|  |TAMS 0x0000000084700000| PB 0x0000000084700000| Untracked |  0
|  32|0x0000000084800000, 0x0000000084800000, 0x0000000084900000|  0%| F|  |TAMS 0x0000000084800000| PB 0x0000000084800000| Untracked |  0
|  33|0x0000000084900000, 0x0000000084900000, 0x0000000084a00000|  0%| F|  |TAMS 0x0000000084900000| PB 0x0000000084900000| Untracked |  0
|  34|0x0000000084a00000, 0x0000000084a00000, 0x0000000084b00000|  0%| F|  |TAMS 0x0000000084a00000| PB 0x0000000084a00000| Untracked |  0
|  35|0x0000000084b00000, 0x0000000084b00000, 0x0000000084c00000|  0%| F|  |TAMS 0x0000000084b00000| PB 0x0000000084b00000| Untracked |  0
|  36|0x0000000084c00000, 0x0000000084c00000, 0x0000000084d00000|  0%| F|  |TAMS 0x0000000084c00000| PB 0x0000000084c00000| Untracked |  0
|  37|0x0000000084d00000, 0x0000000084d00000, 0x0000000084e00000|  0%| F|  |TAMS 0x0000000084d00000| PB 0x0000000084d00000| Untracked |  0
|  38|0x0000000084e00000, 0x0000000084e00000, 0x0000000084f00000|  0%| F|  |TAMS 0x0000000084e00000| PB 0x0000000084e00000| Untracked |  0
|  39|0x0000000084f00000, 0x0000000084f00000, 0x0000000085000000|  0%| F|  |TAMS 0x0000000084f00000| PB 0x0000000084f00000| Untracked |  0
|  40|0x0000000085000000, 0x0000000085000000, 0x0000000085100000|  0%| F|  |TAMS 0x0000000085000000| PB 0x0000000085000000| Untracked |  0
|  80|0x0000000087800000, 0x0000000087800000, 0x0000000087900000|  0%| F|  |TAMS 0x0000000087800000| PB 0x0000000087800000| Untracked |  0
|  81|0x0000000087900000, 0x0000000087900000, 0x0000000087a00000|  0%| F|  |TAMS 0x0000000087900000| PB 0x0000000087900000| Untracked |  0
|  82|0x0000000087a00000, 0x0000000087a00000, 0x0000000087b00000|  0%| F|  |TAMS 0x0000000087a00000| PB 0x0000000087a00000| Untracked |  0
|  83|0x0000000087b00000, 0x0000000087b00000, 0x0000000087c00000|  0%| F|  |TAMS 0x0000000087b00000| PB 0x0000000087b00000| Untracked |  0
|  84|0x0000000087c00000, 0x0000000087c00000, 0x0000000087d00000|  0%| F|  |TAMS 0x0000000087c00000| PB 0x0000000087c00000| Untracked |  0
| 125|0x000000008a500000, 0x000000008a500000, 0x000000008a600000|  0%| F|  |TAMS 0x000000008a500000| PB 0x000000008a500000| Untracked |  0

Card table byte_map: [0x0000012c3e210000,0x0000012c3e600000] _byte_map_base: 0x0000012c3ddfc000

Marking Bits: (CMBitMap*) 0x0000012c32a32f80
 Bits: [0x0000012c3e600000, 0x0000012c40560000)

Polling page: 0x0000012c308f0000

Metaspace:

Usage:
  Non-class:     34.13 MB used.
      Class:      5.37 MB used.
       Both:     39.50 MB used.

Virtual space:
  Non-class space:       64.00 MB reserved,      34.44 MB ( 54%) committed,  1 nodes.
      Class space:        1.00 GB reserved,       5.62 MB ( <1%) committed,  1 nodes.
             Both:        1.06 GB reserved,      40.06 MB (  4%) committed. 

Chunk freelists:
   Non-Class:  12.69 MB
       Class:  10.40 MB
        Both:  23.09 MB

MaxMetaspaceSize: unlimited
CompressedClassSpaceSize: 1.00 GB
Initial GC threshold: 21.00 MB
Current GC threshold: 55.31 MB
CDS: on
 - commit_granule_bytes: 65536.
 - commit_granule_words: 8192.
 - virtual_space_node_default_size: 8388608.
 - enlarge_chunks_in_place: 1.
 - use_allocation_guard: 0.


Internal statistics:

num_allocs_failed_limit: 3.
num_arena_births: 776.
num_arena_deaths: 0.
num_vsnodes_births: 2.
num_vsnodes_deaths: 0.
num_space_committed: 641.
num_space_uncommitted: 0.
num_chunks_returned_to_freelist: 3.
num_chunks_taken_from_freelist: 2017.
num_chunk_merges: 0.
num_chunk_splits: 1383.
num_chunks_enlarged: 990.
num_inconsistent_stats: 0.

CodeCache: size=49152Kb used=11088Kb max_used=11088Kb free=38063Kb
 bounds [0x0000012c3ad10000, 0x0000012c3b7f0000, 0x0000012c3dd10000]
 total_blobs=5662 nmethods=5011 adapters=572
 compilation: enabled
              stopped_count=0, restarted_count=0
 full_count=0

Compilation events (20 events):
Event: 8.886 Thread 0x0000012c42ffe0f0 5047       1       java.util.Locale::getBaseLocale (5 bytes)
Event: 8.886 Thread 0x0000012c42ffe0f0 nmethod 5047 0x0000012c3b7e0990 code [0x0000012c3b7e0b20, 0x0000012c3b7e0be8]
Event: 8.888 Thread 0x0000012c42ffe0f0 5048       1       com.microsoft.sqlserver.jdbc.TDSChannel::isLoggingPackets (5 bytes)
Event: 8.888 Thread 0x0000012c42ffe0f0 nmethod 5048 0x0000012c3b7e0c90 code [0x0000012c3b7e0e20, 0x0000012c3b7e0ef0]
Event: 8.892 Thread 0x0000012c42ffe0f0 5049       1       com.sun.crypto.provider.GHASH::blockMult (245 bytes)
Event: 8.892 Thread 0x0000012c42ffe0f0 nmethod 5049 0x0000012c3b7e0f90 code [0x0000012c3b7e1120, 0x0000012c3b7e13a8]
Event: 8.907 Thread 0x0000012c42fcc360 5051       1       java.util.LinkedList::size (5 bytes)
Event: 8.907 Thread 0x0000012c42fcc360 nmethod 5051 0x0000012c3b7e2210 code [0x0000012c3b7e23a0, 0x0000012c3b7e2468]
Event: 8.914 Thread 0x0000012c42fcc360 5052       1       java.lang.invoke.MethodHandles$Lookup::lookupModes (8 bytes)
Event: 8.914 Thread 0x0000012c42ffe0f0 5053       1       java.lang.invoke.MethodHandles::filterArgumentChecks (44 bytes)
Event: 8.914 Thread 0x0000012c887a3990 5054       1       java.lang.invoke.BoundMethodHandle$Species_L::copyWith (14 bytes)
Event: 8.914 Thread 0x0000012c42fcc360 nmethod 5052 0x0000012c3b7e2510 code [0x0000012c3b7e26a0, 0x0000012c3b7e2770]
Event: 8.914 Thread 0x0000012c887a3990 nmethod 5054 0x0000012c3b7e2810 code [0x0000012c3b7e29c0, 0x0000012c3b7e2b68]
Event: 8.914 Thread 0x0000012c42ffe0f0 nmethod 5053 0x0000012c3b7e2c10 code [0x0000012c3b7e2dc0, 0x0000012c3b7e2f90]
Event: 8.915 Thread 0x0000012c42ffe0f0 5055       1       java.lang.invoke.LambdaForm$Name::<init> (9 bytes)
Event: 8.915 Thread 0x0000012c887a3990 5056       1       java.lang.invoke.LambdaForm$Name::<init> (65 bytes)
Event: 8.915 Thread 0x0000012c42fcc360 5057       1       java.lang.invoke.LambdaForm$NamedFunction::<init> (95 bytes)
Event: 8.915 Thread 0x0000012c42ffe0f0 nmethod 5055 0x0000012c3b7e3190 code [0x0000012c3b7e3320, 0x0000012c3b7e3410]
Event: 8.915 Thread 0x0000012c887a3990 nmethod 5056 0x0000012c3b7e3490 code [0x0000012c3b7e3680, 0x0000012c3b7e3920]
Event: 8.916 Thread 0x0000012c42fcc360 nmethod 5057 0x0000012c3b7e3b10 code [0x0000012c3b7e3d00, 0x0000012c3b7e41b0]

GC Heap History (20 events):
Event: 2.566 GC heap after
{Heap after GC invocations=2 (full 0):
 garbage-first heap   total reserved 2056192K, committed 129024K, used 10681K [0x0000000082800000, 0x0000000100000000)
  region size 1024K, 2 young (2048K), 2 survivors (2048K)
 Metaspace       used 11328K, committed 11648K, reserved 1114112K
  class space    used 1568K, committed 1728K, reserved 1048576K
}
Event: 3.583 GC heap before
{Heap before GC invocations=2 (full 0):
 garbage-first heap   total reserved 2056192K, committed 129024K, used 48569K [0x0000000082800000, 0x0000000100000000)
  region size 1024K, 41 young (41984K), 2 survivors (2048K)
 Metaspace       used 19890K, committed 20224K, reserved 1114112K
  class space    used 2699K, committed 2880K, reserved 1048576K
}
Event: 3.589 GC heap after
{Heap after GC invocations=3 (full 0):
 garbage-first heap   total reserved 2056192K, committed 129024K, used 13496K [0x0000000082800000, 0x0000000100000000)
  region size 1024K, 5 young (5120K), 5 survivors (5120K)
 Metaspace       used 19890K, committed 20224K, reserved 1114112K
  class space    used 2699K, committed 2880K, reserved 1048576K
}
Event: 4.080 GC heap before
{Heap before GC invocations=4 (full 0):
 garbage-first heap   total reserved 2056192K, committed 48128K, used 37048K [0x0000000082800000, 0x0000000100000000)
  region size 1024K, 28 young (28672K), 5 survivors (5120K)
 Metaspace       used 23477K, committed 23808K, reserved 1114112K
  class space    used 3225K, committed 3392K, reserved 1048576K
}
Event: 4.088 GC heap after
{Heap after GC invocations=5 (full 0):
 garbage-first heap   total reserved 2056192K, committed 48128K, used 15766K [0x0000000082800000, 0x0000000100000000)
  region size 1024K, 3 young (3072K), 3 survivors (3072K)
 Metaspace       used 23477K, committed 23808K, reserved 1114112K
  class space    used 3225K, committed 3392K, reserved 1048576K
}
Event: 4.612 GC heap before
{Heap before GC invocations=5 (full 0):
 garbage-first heap   total reserved 2056192K, committed 48128K, used 35222K [0x0000000082800000, 0x0000000100000000)
  region size 1024K, 22 young (22528K), 3 survivors (3072K)
 Metaspace       used 24597K, committed 24960K, reserved 1114112K
  class space    used 3394K, committed 3584K, reserved 1048576K
}
Event: 4.618 GC heap after
{Heap after GC invocations=6 (full 0):
 garbage-first heap   total reserved 2056192K, committed 48128K, used 17178K [0x0000000082800000, 0x0000000100000000)
  region size 1024K, 2 young (2048K), 2 survivors (2048K)
 Metaspace       used 24597K, committed 24960K, reserved 1114112K
  class space    used 3394K, committed 3584K, reserved 1048576K
}
Event: 5.379 GC heap before
{Heap before GC invocations=6 (full 0):
 garbage-first heap   total reserved 2056192K, committed 48128K, used 36634K [0x0000000082800000, 0x0000000100000000)
  region size 1024K, 22 young (22528K), 2 survivors (2048K)
 Metaspace       used 27071K, committed 27520K, reserved 1114112K
  class space    used 3756K, committed 3968K, reserved 1048576K
}
Event: 5.384 GC heap after
{Heap after GC invocations=7 (full 0):
 garbage-first heap   total reserved 2056192K, committed 48128K, used 18423K [0x0000000082800000, 0x0000000100000000)
  region size 1024K, 3 young (3072K), 3 survivors (3072K)
 Metaspace       used 27071K, committed 27520K, reserved 1114112K
  class space    used 3756K, committed 3968K, reserved 1048576K
}
Event: 6.198 GC heap before
{Heap before GC invocations=7 (full 0):
 garbage-first heap   total reserved 2056192K, committed 48128K, used 38903K [0x0000000082800000, 0x0000000100000000)
  region size 1024K, 23 young (23552K), 3 survivors (3072K)
 Metaspace       used 29808K, committed 30336K, reserved 1114112K
  class space    used 4215K, committed 4416K, reserved 1048576K
}
Event: 6.205 GC heap after
{Heap after GC invocations=8 (full 0):
 garbage-first heap   total reserved 2056192K, committed 48128K, used 19999K [0x0000000082800000, 0x0000000100000000)
  region size 1024K, 3 young (3072K), 3 survivors (3072K)
 Metaspace       used 29808K, committed 30336K, reserved 1114112K
  class space    used 4215K, committed 4416K, reserved 1048576K
}
Event: 6.987 GC heap before
{Heap before GC invocations=8 (full 0):
 garbage-first heap   total reserved 2056192K, committed 48128K, used 39455K [0x0000000082800000, 0x0000000100000000)
  region size 1024K, 23 young (23552K), 3 survivors (3072K)
 Metaspace       used 32372K, committed 32960K, reserved 1114112K
  class space    used 4571K, committed 4864K, reserved 1048576K
}
Event: 6.994 GC heap after
{Heap after GC invocations=9 (full 0):
 garbage-first heap   total reserved 2056192K, committed 48128K, used 22106K [0x0000000082800000, 0x0000000100000000)
  region size 1024K, 2 young (2048K), 2 survivors (2048K)
 Metaspace       used 32372K, committed 32960K, reserved 1114112K
  class space    used 4571K, committed 4864K, reserved 1048576K
}
Event: 7.083 GC heap before
{Heap before GC invocations=9 (full 0):
 garbage-first heap   total reserved 2056192K, committed 48128K, used 24154K [0x0000000082800000, 0x0000000100000000)
  region size 1024K, 5 young (5120K), 2 survivors (2048K)
 Metaspace       used 33269K, committed 33856K, reserved 1114112K
  class space    used 4661K, committed 4928K, reserved 1048576K
}
Event: 7.088 GC heap after
{Heap after GC invocations=10 (full 0):
 garbage-first heap   total reserved 2056192K, committed 48128K, used 23083K [0x0000000082800000, 0x0000000100000000)
  region size 1024K, 1 young (1024K), 1 survivors (1024K)
 Metaspace       used 33269K, committed 33856K, reserved 1114112K
  class space    used 4661K, committed 4928K, reserved 1048576K
}
Event: 7.571 GC heap before
{Heap before GC invocations=11 (full 0):
 garbage-first heap   total reserved 2056192K, committed 48128K, used 38443K [0x0000000082800000, 0x0000000100000000)
  region size 1024K, 16 young (16384K), 1 survivors (1024K)
 Metaspace       used 34256K, committed 34816K, reserved 1114112K
  class space    used 4786K, committed 4992K, reserved 1048576K
}
Event: 7.574 GC heap after
{Heap after GC invocations=12 (full 0):
 garbage-first heap   total reserved 2056192K, committed 48128K, used 23577K [0x0000000082800000, 0x0000000100000000)
  region size 1024K, 2 young (2048K), 2 survivors (2048K)
 Metaspace       used 34256K, committed 34816K, reserved 1114112K
  class space    used 4786K, committed 4992K, reserved 1048576K
}
Event: 7.891 GC heap before
{Heap before GC invocations=12 (full 0):
 garbage-first heap   total reserved 2056192K, committed 48128K, used 38937K [0x0000000082800000, 0x0000000100000000)
  region size 1024K, 17 young (17408K), 2 survivors (2048K)
 Metaspace       used 34805K, committed 35392K, reserved 1114112K
  class space    used 4865K, committed 5120K, reserved 1048576K
}
Event: 7.895 GC heap after
{Heap after GC invocations=13 (full 0):
 garbage-first heap   total reserved 2056192K, committed 48128K, used 24202K [0x0000000082800000, 0x0000000100000000)
  region size 1024K, 3 young (3072K), 3 survivors (3072K)
 Metaspace       used 34805K, committed 35392K, reserved 1114112K
  class space    used 4865K, committed 5120K, reserved 1048576K
}
Event: 8.918 GC heap before
{Heap before GC invocations=13 (full 0):
 garbage-first heap   total reserved 2056192K, committed 48128K, used 39562K [0x0000000082800000, 0x0000000100000000)
  region size 1024K, 18 young (18432K), 3 survivors (3072K)
 Metaspace       used 40445K, committed 41024K, reserved 1114112K
  class space    used 5495K, committed 5760K, reserved 1048576K
}

Dll operation events (9 events):
Event: 0.029 Loaded shared library C:\Program Files\Java\jdk-22\bin\java.dll
Event: 0.396 Loaded shared library C:\Program Files\Java\jdk-22\bin\jimage.dll
Event: 0.412 Loaded shared library C:\Program Files\Java\jdk-22\bin\net.dll
Event: 0.416 Loaded shared library C:\Program Files\Java\jdk-22\bin\nio.dll
Event: 0.423 Loaded shared library C:\Program Files\Java\jdk-22\bin\zip.dll
Event: 0.669 Loaded shared library C:\Program Files\Java\jdk-22\bin\management.dll
Event: 0.712 Loaded shared library C:\Program Files\Java\jdk-22\bin\management_ext.dll
Event: 1.335 Loaded shared library C:\Program Files\Java\jdk-22\bin\extnet.dll
Event: 3.942 Loaded shared library C:\Program Files\Java\jdk-22\bin\sunmscapi.dll

Deoptimization events (0 events):
No events

Classes loaded (20 events):
Event: 8.629 Loading class java/util/regex/Pattern$Bound
Event: 8.629 Loading class java/util/regex/Pattern$Bound done
Event: 8.696 Loading class java/math/MathContext
Event: 8.696 Loading class java/math/MathContext done
Event: 8.746 Loading class java/util/concurrent/ThreadPoolExecutor$CallerRunsPolicy
Event: 8.747 Loading class java/util/concurrent/ThreadPoolExecutor$CallerRunsPolicy done
Event: 8.749 Loading class java/util/concurrent/atomic/AtomicReferenceFieldUpdater
Event: 8.749 Loading class java/util/concurrent/atomic/AtomicReferenceFieldUpdater done
Event: 8.749 Loading class java/util/concurrent/atomic/AtomicReferenceFieldUpdater$AtomicReferenceFieldUpdaterImpl
Event: 8.750 Loading class java/util/concurrent/atomic/AtomicReferenceFieldUpdater$AtomicReferenceFieldUpdaterImpl done
Event: 8.750 Loading class java/util/concurrent/atomic/AtomicReferenceFieldUpdater$AtomicReferenceFieldUpdaterImpl$1
Event: 8.750 Loading class java/util/concurrent/atomic/AtomicReferenceFieldUpdater$AtomicReferenceFieldUpdaterImpl$1 done
Event: 8.856 Loading class java/util/stream/SortedOps$SizedRefSortingSink
Event: 8.856 Loading class java/util/stream/SortedOps$SizedRefSortingSink done
Event: 8.875 Loading class javax/net/ssl/SSLException
Event: 8.875 Loading class javax/net/ssl/SSLException done
Event: 8.893 Loading class jdk/internal/event/ThreadSleepEvent
Event: 8.893 Loading class jdk/internal/event/ThreadSleepEvent done
Event: 8.897 Loading class java/nio/channels/CompletionHandler
Event: 8.897 Loading class java/nio/channels/CompletionHandler done

Classes unloaded (0 events):
No events

Classes redefined (0 events):
No events

Internal exceptions (20 events):
Event: 6.365 Thread 0x0000012c892e2f50 Exception <a 'java/lang/NoSuchMethodError'{0x0000000087a5afe8}: 'java.lang.reflect.Field[] java.lang.Class.getDeclaredFields(java.lang.Class)'> (0x0000000087a5afe8) 
thrown [s\open\src\hotspot\share\interpreter\linkResolver.cpp, line 774]
Event: 6.415 Thread 0x0000012c892e2f50 Exception <a 'java/lang/NoSuchMethodError'{0x00000000879986f8}: 'java.lang.Object java.lang.invoke.DirectMethodHandle$Holder.invokeVirtual(java.lang.Object, java.lang.Object, java.lang.Object, java.lang.Object, java.lang.Object, java.lang.Object)'> (0x00000000879986f8) 
thrown [s\open\src\hotspot\share\interpreter\linkResolver.cpp, line 774]
Event: 6.502 Thread 0x0000012c892e2f50 Exception <a 'java/lang/NoSuchMethodError'{0x00000000850686f0}: 'void java.lang.invoke.DirectMethodHandle$Holder.invokeInterface(java.lang.Object, java.lang.Object, int)'> (0x00000000850686f0) 
thrown [s\open\src\hotspot\share\interpreter\linkResolver.cpp, line 774]
Event: 6.511 Thread 0x0000012c892e2f50 Exception <a 'java/lang/IncompatibleClassChangeError'{0x00000000850abba8}: Found class java.lang.Object, but interface was expected> (0x00000000850abba8) 
thrown [s\open\src\hotspot\share\interpreter\linkResolver.cpp, line 841]
Event: 6.515 Thread 0x0000012c892e2f50 Exception <a 'java/lang/NoSuchMethodError'{0x00000000850c9e60}: 'void java.lang.invoke.DirectMethodHandle$Holder.invokeStatic(java.lang.Object, int, java.lang.Object)'> (0x00000000850c9e60) 
thrown [s\open\src\hotspot\share\interpreter\linkResolver.cpp, line 774]
Event: 6.523 Thread 0x0000012c892e2f50 Exception <a 'java/lang/NoSuchMethodError'{0x0000000084f02518}: 'void java.lang.invoke.DirectMethodHandle$Holder.invokeStatic(java.lang.Object, java.lang.Object, java.lang.Object, int, java.lang.Object)'> (0x0000000084f02518) 
thrown [s\open\src\hotspot\share\interpreter\linkResolver.cpp, line 774]
Event: 6.523 Thread 0x0000012c892e2f50 Exception <a 'java/lang/NoSuchMethodError'{0x0000000084f08e98}: 'java.lang.Object java.lang.invoke.DirectMethodHandle$Holder.newInvokeSpecial(java.lang.Object, java.lang.Object, java.lang.Object, int)'> (0x0000000084f08e98) 
thrown [s\open\src\hotspot\share\interpreter\linkResolver.cpp, line 774]
Event: 6.524 Thread 0x0000012c892e2f50 Exception <a 'java/lang/NoSuchMethodError'{0x0000000084f0cdd8}: 'java.lang.Object java.lang.invoke.DirectMethodHandle$Holder.invokeSpecial(java.lang.Object, java.lang.Object, java.lang.Object, java.lang.Object, int)'> (0x0000000084f0cdd8) 
thrown [s\open\src\hotspot\share\interpreter\linkResolver.cpp, line 774]
Event: 6.524 Thread 0x0000012c892e2f50 Exception <a 'java/lang/NoSuchMethodError'{0x0000000084f10270}: 'java.lang.Object java.lang.invoke.Invokers$Holder.linkToTargetMethod(java.lang.Object, java.lang.Object, int, java.lang.Object)'> (0x0000000084f10270) 
thrown [s\open\src\hotspot\share\interpreter\linkResolver.cpp, line 774]
Event: 7.012 Thread 0x0000012c892e2f50 Exception <a 'java/lang/NoSuchMethodError'{0x0000000087c33120}: 'int java.lang.invoke.DirectMethodHandle$Holder.invokeStatic(java.lang.Object, int, java.lang.Object)'> (0x0000000087c33120) 
thrown [s\open\src\hotspot\share\interpreter\linkResolver.cpp, line 774]
Event: 7.224 Thread 0x0000012c892e2f50 Exception <a 'java/lang/NoSuchMethodError'{0x00000000878cec48}: 'int java.lang.invoke.DirectMethodHandle$Holder.invokeVirtual(java.lang.Object, java.lang.Object, java.lang.Object, java.lang.Object)'> (0x00000000878cec48) 
thrown [s\open\src\hotspot\share\interpreter\linkResolver.cpp, line 774]
Event: 7.225 Thread 0x0000012c892e2f50 Exception <a 'java/lang/NoSuchMethodError'{0x00000000878d2508}: 'int java.lang.invoke.DelegatingMethodHandle$Holder.reinvoke_L(java.lang.Object, java.lang.Object, java.lang.Object, java.lang.Object)'> (0x00000000878d2508) 
thrown [s\open\src\hotspot\share\interpreter\linkResolver.cpp, line 774]
Event: 7.429 Thread 0x0000012c892e2f50 Exception <a 'java/io/FileNotFoundException'{0x0000000084e51d10}> (0x0000000084e51d10) 
thrown [s\open\src\hotspot\share\prims\jni.cpp, line 520]
Event: 7.458 Thread 0x0000012c892e2f50 Exception <a 'java/io/FileNotFoundException'{0x0000000084dd9978}> (0x0000000084dd9978) 
thrown [s\open\src\hotspot\share\prims\jni.cpp, line 520]
Event: 7.635 Thread 0x0000012c892e2f50 Exception <a 'java/lang/NoSuchMethodError'{0x0000000087cb0f38}: 'void java.lang.invoke.DirectMethodHandle$Holder.invokeVirtual(java.lang.Object, java.lang.Object, java.lang.Object, java.lang.Object, java.lang.Object)'> (0x0000000087cb0f38) 
thrown [s\open\src\hotspot\share\interpreter\linkResolver.cpp, line 774]
Event: 7.748 Thread 0x0000012c892e2f50 Exception <a 'java/lang/NoSuchMethodError'{0x0000000084d63da8}: 'int java.lang.invoke.DirectMethodHandle$Holder.invokeInterface(java.lang.Object, java.lang.Object, java.lang.Object, java.lang.Object)'> (0x0000000084d63da8) 
thrown [s\open\src\hotspot\share\interpreter\linkResolver.cpp, line 774]
Event: 8.083 Thread 0x0000012c892e2f50 Exception <a 'sun/nio/fs/WindowsException'{0x00000000879e3ee8}> (0x00000000879e3ee8) 
thrown [s\open\src\hotspot\share\prims\jni.cpp, line 520]
Event: 8.774 Thread 0x0000012c892e2f50 Exception <a 'java/lang/NoSuchMethodError'{0x0000000084cab068}: 'java.lang.Object java.lang.invoke.DirectMethodHandle$Holder.invokeStaticInit(java.lang.Object, java.lang.Object, java.lang.Object, java.lang.Object)'> (0x0000000084cab068) 
thrown [s\open\src\hotspot\share\interpreter\linkResolver.cpp, line 774]
Event: 8.898 Thread 0x0000012c892e2f50 Exception <a 'java/lang/NoSuchMethodError'{0x0000000084892db8}: 'long java.lang.invoke.DirectMethodHandle$Holder.invokeVirtual(java.lang.Object, java.lang.Object)'> (0x0000000084892db8) 
thrown [s\open\src\hotspot\share\interpreter\linkResolver.cpp, line 774]
Event: 8.908 Thread 0x0000012c892e2f50 Exception <a 'java/io/FileNotFoundException'{0x00000000848c45c0}> (0x00000000848c45c0) 
thrown [s\open\src\hotspot\share\prims\jni.cpp, line 520]

ZGC Phase Switch (0 events):
No events

VM Operations (20 events):
Event: 7.516 Executing VM operation: HandshakeAllThreads (Deoptimize) done
Event: 7.571 Executing VM operation: G1CollectForAllocation (G1 Evacuation Pause)
Event: 7.574 Executing VM operation: G1CollectForAllocation (G1 Evacuation Pause) done
Event: 7.891 Executing VM operation: G1CollectForAllocation (G1 Evacuation Pause)
Event: 7.895 Executing VM operation: G1CollectForAllocation (G1 Evacuation Pause) done
Event: 8.094 Executing VM operation: HandshakeAllThreads (Deoptimize)
Event: 8.095 Executing VM operation: HandshakeAllThreads (Deoptimize) done
Event: 8.268 Executing VM operation: HandshakeAllThreads (Deoptimize)
Event: 8.268 Executing VM operation: HandshakeAllThreads (Deoptimize) done
Event: 8.600 Executing VM operation: HandshakeAllThreads (Deoptimize)
Event: 8.600 Executing VM operation: HandshakeAllThreads (Deoptimize) done
Event: 8.849 Executing VM operation: HandshakeAllThreads (Deoptimize)
Event: 8.849 Executing VM operation: HandshakeAllThreads (Deoptimize) done
Event: 8.850 Executing VM operation: HandshakeAllThreads (Deoptimize)
Event: 8.850 Executing VM operation: HandshakeAllThreads (Deoptimize) done
Event: 8.913 Executing VM operation: HandshakeAllThreads (Deoptimize)
Event: 8.913 Executing VM operation: HandshakeAllThreads (Deoptimize) done
Event: 8.913 Executing VM operation: Cleanup
Event: 8.913 Executing VM operation: Cleanup done
Event: 8.918 Executing VM operation: G1CollectForAllocation (G1 Evacuation Pause)

Events (20 events):
Event: 7.126 Thread 0x0000012c42f98570 flushing nmethod 0x0000012c3b119010
Event: 7.126 Thread 0x0000012c42f98570 flushing nmethod 0x0000012c3b16d590
Event: 7.126 Thread 0x0000012c42f98570 flushing nmethod 0x0000012c3b19de10
Event: 7.126 Thread 0x0000012c42f98570 flushing nmethod 0x0000012c3b2fac90
Event: 7.126 Thread 0x0000012c42f98570 flushing nmethod 0x0000012c3b326110
Event: 7.126 Thread 0x0000012c42f98570 flushing nmethod 0x0000012c3b413690
Event: 7.126 Thread 0x0000012c42f98570 flushing nmethod 0x0000012c3af22490
Event: 7.126 Thread 0x0000012c42f98570 flushing nmethod 0x0000012c3af22990
Event: 7.126 Thread 0x0000012c42f98570 flushing nmethod 0x0000012c3af25690
Event: 7.126 Thread 0x0000012c42f98570 flushing nmethod 0x0000012c3af25b10
Event: 7.126 Thread 0x0000012c42f98570 flushing nmethod 0x0000012c3afb7510
Event: 7.126 Thread 0x0000012c42f98570 flushing nmethod 0x0000012c3afb7d90
Event: 7.126 Thread 0x0000012c42f98570 flushing nmethod 0x0000012c3b126690
Event: 7.126 Thread 0x0000012c42f98570 flushing nmethod 0x0000012c3b0fc990
Event: 7.126 Thread 0x0000012c42f98570 flushing nmethod 0x0000012c3b1aa910
Event: 7.126 Thread 0x0000012c42f98570 flushing nmethod 0x0000012c3b1aba90
Event: 7.126 Thread 0x0000012c42f98570 flushing nmethod 0x0000012c3b255990
Event: 8.639 Thread 0x0000012c892e35e0 Thread added: 0x0000012c892e35e0
Event: 8.744 Thread 0x0000012c892e3c70 Thread added: 0x0000012c892e3c70
Event: 8.853 Thread 0x0000012c8a7eee50 Thread added: 0x0000012c8a7eee50


Dynamic libraries:
0x00007ff780f30000 - 0x00007ff780f40000 	C:\Program Files\Java\jdk-22\bin\javaw.exe
0x00007ffebf1e0000 - 0x00007ffebf443000 	C:\WINDOWS\SYSTEM32\ntdll.dll
0x00007ffebda90000 - 0x00007ffebdb58000 	C:\WINDOWS\System32\KERNEL32.DLL
0x00007ffebc7b0000 - 0x00007ffebcb62000 	C:\WINDOWS\System32\KERNELBASE.dll
0x00007ffebc5b0000 - 0x00007ffebc6fb000 	C:\WINDOWS\System32\ucrtbase.dll
0x00007ffea9b10000 - 0x00007ffea9b2b000 	C:\Program Files\Java\jdk-22\bin\VCRUNTIME140.dll
0x00007ffea9250000 - 0x00007ffea9267000 	C:\Program Files\Java\jdk-22\bin\jli.dll
0x00007ffebd5f0000 - 0x00007ffebd6a4000 	C:\WINDOWS\System32\ADVAPI32.dll
0x00007ffebd070000 - 0x00007ffebd119000 	C:\WINDOWS\System32\msvcrt.dll
0x00007ffebd1a0000 - 0x00007ffebd246000 	C:\WINDOWS\System32\sechost.dll
0x00007ffebe8f0000 - 0x00007ffebea06000 	C:\WINDOWS\System32\RPCRT4.dll
0x00007ffebdda0000 - 0x00007ffebdf68000 	C:\WINDOWS\System32\USER32.dll
0x00007ffebcd60000 - 0x00007ffebcd87000 	C:\WINDOWS\System32\win32u.dll
0x00007ffebd040000 - 0x00007ffebd06a000 	C:\WINDOWS\System32\GDI32.dll
0x00007ffebcf10000 - 0x00007ffebd03b000 	C:\WINDOWS\System32\gdi32full.dll
0x00007ffebc700000 - 0x00007ffebc7a3000 	C:\WINDOWS\System32\msvcp_win.dll
0x00007ffea81f0000 - 0x00007ffea8480000 	C:\WINDOWS\WinSxS\amd64_microsoft.windows.common-controls_6595b64144ccf1df_6.0.26100.2454_none_3e0b68a2e331ad60\COMCTL32.dll
0x00007ffeb6880000 - 0x00007ffeb688b000 	C:\WINDOWS\SYSTEM32\VERSION.dll
0x00007ffebea10000 - 0x00007ffebea3f000 	C:\WINDOWS\System32\IMM32.DLL
0x00007ffeab3a0000 - 0x00007ffeab3ac000 	C:\Program Files\Java\jdk-22\bin\vcruntime140_1.dll
0x00007ffea18b0000 - 0x00007ffea193e000 	C:\Program Files\Java\jdk-22\bin\msvcp140.dll
0x00007ffe45d20000 - 0x00007ffe46a68000 	C:\Program Files\Java\jdk-22\bin\server\jvm.dll
0x00007ffebea60000 - 0x00007ffebead4000 	C:\WINDOWS\System32\WS2_32.dll
0x00007ffebb220000 - 0x00007ffebb26e000 	C:\WINDOWS\SYSTEM32\POWRPROF.dll
0x00007ffeaa4d0000 - 0x00007ffeaa506000 	C:\WINDOWS\SYSTEM32\WINMM.dll
0x00007ffebb200000 - 0x00007ffebb214000 	C:\WINDOWS\SYSTEM32\UMPDC.dll
0x00007ffebb4c0000 - 0x00007ffebb4da000 	C:\WINDOWS\SYSTEM32\kernel.appcore.dll
0x00007ffea9e80000 - 0x00007ffea9e8a000 	C:\Program Files\Java\jdk-22\bin\jimage.dll
0x00007ffeb9f90000 - 0x00007ffeba1d1000 	C:\WINDOWS\SYSTEM32\DBGHELP.DLL
0x00007ffebd260000 - 0x00007ffebd5de000 	C:\WINDOWS\System32\combase.dll
0x00007ffebd9b0000 - 0x00007ffebda86000 	C:\WINDOWS\System32\OLEAUT32.dll
0x00007ffeb6710000 - 0x00007ffeb6749000 	C:\WINDOWS\SYSTEM32\dbgcore.DLL
0x00007ffebcc00000 - 0x00007ffebcc99000 	C:\WINDOWS\System32\bcryptPrimitives.dll
0x00007ffea9230000 - 0x00007ffea924e000 	C:\Program Files\Java\jdk-22\bin\java.dll
0x00007ffebe060000 - 0x00007ffebe760000 	C:\WINDOWS\System32\SHELL32.dll
0x00007ffebd730000 - 0x00007ffebd8c9000 	C:\WINDOWS\System32\ole32.dll
0x00007ffeba2c0000 - 0x00007ffebaaf1000 	C:\WINDOWS\SYSTEM32\windows.storage.dll
0x00007ffebd8d0000 - 0x00007ffebd9aa000 	C:\WINDOWS\System32\SHCORE.dll
0x00007ffebeae0000 - 0x00007ffebeb3d000 	C:\WINDOWS\System32\shlwapi.dll
0x00007ffebc4c0000 - 0x00007ffebc4ee000 	C:\WINDOWS\SYSTEM32\profapi.dll
0x00007ffea9b00000 - 0x00007ffea9b10000 	C:\Program Files\Java\jdk-22\bin\net.dll
0x00007ffebb9a0000 - 0x00007ffebba08000 	C:\WINDOWS\system32\mswsock.dll
0x00007ffea9210000 - 0x00007ffea9226000 	C:\Program Files\Java\jdk-22\bin\nio.dll
0x00007ffea90d0000 - 0x00007ffea90e7000 	C:\Program Files\Java\jdk-22\bin\zip.dll
0x00007ffea9110000 - 0x00007ffea911a000 	C:\Program Files\Java\jdk-22\bin\management.dll
0x00007ffea90c0000 - 0x00007ffea90cb000 	C:\Program Files\Java\jdk-22\bin\management_ext.dll
0x00007ffebe770000 - 0x00007ffebe778000 	C:\WINDOWS\System32\PSAPI.DLL
0x00007ffea42b0000 - 0x00007ffea42c8000 	C:\WINDOWS\system32\napinsp.dll
0x00007ffebaea0000 - 0x00007ffebafc5000 	C:\WINDOWS\SYSTEM32\DNSAPI.dll
0x00007ffebae60000 - 0x00007ffebae92000 	C:\WINDOWS\SYSTEM32\IPHLPAPI.DLL
0x00007ffebea50000 - 0x00007ffebea5a000 	C:\WINDOWS\System32\NSI.dll
0x00007ffea4290000 - 0x00007ffea42a2000 	C:\WINDOWS\System32\winrnr.dll
0x00007ffea4260000 - 0x00007ffea4282000 	C:\WINDOWS\system32\nlansp_c.dll
0x00007ffea41a0000 - 0x00007ffea41b6000 	C:\WINDOWS\system32\wshbth.dll
0x00007ffeb11e0000 - 0x00007ffeb11eb000 	C:\Windows\System32\rasadhlp.dll
0x00007ffeb2e60000 - 0x00007ffeb2ee5000 	C:\WINDOWS\System32\fwpuclnt.dll
0x00007ffebbd50000 - 0x00007ffebbd6c000 	C:\WINDOWS\SYSTEM32\CRYPTSP.dll
0x00007ffebb420000 - 0x00007ffebb458000 	C:\WINDOWS\system32\rsaenh.dll
0x00007ffebba40000 - 0x00007ffebba6b000 	C:\WINDOWS\SYSTEM32\USERENV.dll
0x00007ffebbee0000 - 0x00007ffebbf06000 	C:\WINDOWS\SYSTEM32\bcrypt.dll
0x00007ffebbbd0000 - 0x00007ffebbbdc000 	C:\WINDOWS\SYSTEM32\CRYPTBASE.dll
0x00007ffea90b0000 - 0x00007ffea90b9000 	C:\Program Files\Java\jdk-22\bin\extnet.dll
0x00007ffea8760000 - 0x00007ffea876e000 	C:\Program Files\Java\jdk-22\bin\sunmscapi.dll
0x00007ffebcd90000 - 0x00007ffebcf06000 	C:\WINDOWS\System32\CRYPT32.dll
0x00007ffebbea0000 - 0x00007ffebbed0000 	C:\WINDOWS\SYSTEM32\ncrypt.dll
0x00007ffebbe50000 - 0x00007ffebbe8f000 	C:\WINDOWS\SYSTEM32\NTASN1.dll

dbghelp: loaded successfully - version: 4.0.5 - missing functions: none
symbol engine: initialized successfully - sym options: 0x614 - pdb path: .;C:\Program Files\Java\jdk-22\bin;C:\WINDOWS\SYSTEM32;C:\WINDOWS\WinSxS\amd64_microsoft.windows.common-controls_6595b64144ccf1df_6.0.26100.2454_none_3e0b68a2e331ad60;C:\Program Files\Java\jdk-22\bin\server

VM Arguments:
jvm_args: -Dcom.sun.management.jmxremote -Dcom.sun.management.jmxremote.port=56741 -Dcom.sun.management.jmxremote.authenticate=false -Dcom.sun.management.jmxremote.ssl=false -Djava.rmi.server.hostname=localhost -Dspring.jmx.enabled=true -Dmanagement.endpoints.jmx.exposure.include=* -Dspring.application.admin.enabled=true -XX:TieredStopAtLevel=1 -Dspring.boot.project.name=ITProject -Dfile.encoding=UTF-8 -Dstdout.encoding=UTF-8 -Dstderr.encoding=UTF-8 -XX:+ShowCodeDetailsInExceptionMessages 
java_command: vn.project.ItProjectApplication --spring.output.ansi.enabled=always
java_class_path (initial): F:\SpringToolSuite\ITProject\target\classes;C:\Users\Admin\.m2\repository\org\springframework\boot\spring-boot-starter-data-jpa\3.3.5\spring-boot-starter-data-jpa-3.3.5.jar;C:\Users\Admin\.m2\repository\org\springframework\boot\spring-boot-starter-aop\3.3.5\spring-boot-starter-aop-3.3.5.jar;C:\Users\Admin\.m2\repository\org\aspectj\aspectjweaver\1.9.22.1\aspectjweaver-1.9.22.1.jar;C:\Users\Admin\.m2\repository\org\springframework\boot\spring-boot-starter-jdbc\3.3.5\spring-boot-starter-jdbc-3.3.5.jar;C:\Users\Admin\.m2\repository\com\zaxxer\HikariCP\5.1.0\HikariCP-5.1.0.jar;C:\Users\Admin\.m2\repository\org\springframework\spring-jdbc\6.1.14\spring-jdbc-6.1.14.jar;C:\Users\Admin\.m2\repository\org\hibernate\orm\hibernate-core\6.5.3.Final\hibernate-core-6.5.3.Final.jar;C:\Users\Admin\.m2\repository\jakarta\persistence\jakarta.persistence-api\3.1.0\jakarta.persistence-api-3.1.0.jar;C:\Users\Admin\.m2\repository\jakarta\transaction\jakarta.transaction-api\2.0.1\jakarta.transaction-api-2.0.1.jar;C:\Users\Admin\.m2\repository\org\jboss\logging\jboss-logging\3.5.3.Final\jboss-logging-3.5.3.Final.jar;C:\Users\Admin\.m2\repository\org\hibernate\common\hibernate-commons-annotations\6.0.6.Final\hibernate-commons-annotations-6.0.6.Final.jar;C:\Users\Admin\.m2\repository\io\smallrye\jandex\3.1.2\jandex-3.1.2.jar;C:\Users\Admin\.m2\repository\com\fasterxml\classmate\1.7.0\classmate-1.7.0.jar;C:\Users\Admin\.m2\repository\net\bytebuddy\byte-buddy\1.14.19\byte-buddy-1.14.19.jar;C:\Users\Admin\.m2\repository\org\glassfish\jaxb\jaxb-runtime\4.0.5\jaxb-runtime-4.0.5.jar;C:\Users\Admin\.m2\repository\org\glassfish\jaxb\jaxb-core\4.0.5\jaxb-core-4.0.5.jar;C:\Users\Admin\.m2\repository\org\glassfish\jaxb\txw2\4.0.5\txw2-4.0.5.jar;C:\Users\Admin\.m2\repository\com\sun\istack\istack-commons-runtime\4.1.2\istack-commons-runtime-4.1.2.jar;C:\Users\Admin\.m2\repository\jakarta\inject\jakarta.inject-api\2.0.1\jakarta.inject-api-2.0.1.jar;C:\Users\Admin\.m2\repository\org\antlr\antlr4-runtime\4.13.0\antlr4-runtime-4.13.0.jar;C:\Users\Admin\.m2\repository\org\springframework\data\spring-data-jpa\3.3.5\spring-data-jpa-3.3.5.jar;C:\Users\Admin\.m2\repository\org\springframework\data\spring-data-commons\3.3.5\spring-data-commons-3.3.5.jar;C:\Users\Admin\.m2\repository\org\springframework\spring-orm\6.1.14\spring-orm-6.1.14.jar;C:\Users\Admin\.m2\repository\org\springframework\spring-tx\6.1.14\spring-tx-6.1.14.jar;C:\Users\Admin\.m2\repository\jakarta\annotation\jakarta.annotation-api\2.1.1\jakarta.annotation-api-2.1.1.jar;C:\Users\Admin\.m2\repository\org\springframework\spring-aspects\6.1.14\spring-aspects-6.1.14.jar;C:\Users\Admin\.m2\repository\org\springframework\boot\spring-boot-starter-mail\3.3.5\spring-boot-starter-mail-3.3.5.jar;C:\Users\Admin\.m2\repository\org\springframework\boot\spring-boot-starter\3.3.5\spring-boot-starter-3.3.5.jar;C:\Users\Admin\.m2\repository\org\springframework\boot\spring-boot-starter-logging\3.3.5\spring-boot-starter-logging-3.3.5.jar;C:\Users\Admin\.m2\repository\ch\qos\logback\logback-classic\1.5.11\logback-classic-1.5.11.jar;C:\Users\Admin\.m2\repository\ch\qos\logback\logback-core\1.5.11\logback-core-1.5.11.jar;C:\Users\Admin\.m2\repository\org\apache\logging\log4j\log4j-to-slf4j\2.23.1\log4j-to-slf4j-2.23.1.jar;C:\Users\Admin\.m2\repository\org\apache\logging\log4j\log4j-api\2.23.1\log4j-api-2.23.1.jar;C:\Users\Admin\.m2\repository\org\slf4j\jul-to-slf4j\2.0.16\jul-to-slf4j-2.0.16.jar;C:\Users\Admin\.m2\repository\org\yaml\snakeyaml\2.2\snakeyaml-2.2.jar;C:\Users\Admin\.m2\repository\org\springframework\spring-context-support\6.1.14\spring-context-support-6.1.14.jar;C:\Users\Admin\.m2\repository\org\eclipse\angus\jakarta.mail\2.0.3\jakarta.mail-2.0.3.jar;C:\Users\Admin\.m2\repository\jakarta\activation\jakarta.activation-api\2.1.3\jakarta.activation-api-2.1.3.jar;C:\Users\Admin\.m2\repository\org\eclipse\angus\angus-activation\2.0.2\angus-activation-2.0.2.jar;C:\Users\Admin\.m2\repository\org\springframework\boot\spring-boot-starter-thymeleaf\3.3.5\spring-boot-starter-thymeleaf-3.3.5.jar;C:\Users\Admin\.m2\repository\org\thymeleaf\thymeleaf-spring6\3.1.2.RELEASE\thymeleaf-spring6-3.1.2.RELEASE.jar;C:\Users\Admin\.m2\repository\org\thymeleaf\thymeleaf\3.1.2.RELEASE\thymeleaf-3.1.2.RELEASE.jar;C:\Users\Admin\.m2\repository\org\attoparser\attoparser\2.0.7.RELEASE\attoparser-2.0.7.RELEASE.jar;C:\Users\Admin\.m2\repository\org\unbescape\unbescape\1.1.6.RELEASE\unbescape-1.1.6.RELEASE.jar;C:\Users\Admin\.m2\repository\org\springframework\boot\spring-boot-starter-validation\3.3.5\spring-boot-starter-validation-3.3.5.jar;C:\Users\Admin\.m2\repository\org\apache\tomcat\embed\tomcat-embed-el\10.1.31\tomcat-embed-el-10.1.31.jar;C:\Users\Admin\.m2\repository\org\hibernate\validator\hibernate-validator\8.0.1.Final\hibernate-validator-8.0.1.Final.jar;C:\Users\Admin\.m2\repository\jakarta\validation\jakarta.validation-api\3.0.2\jakarta.validation-api-3.0.2.jar;C:\Users\Admin\.m2\repository\org\springframework\boot\spring-boot-starter-web\3.3.5\spring-boot-starter-web-3.3.5.jar;C:\Users\Admin\.m2\repository\org\springframework\boot\spring-boot-starter-json\3.3.5\spring-boot-starter-json-3.3.5.jar;C:\Users\Admin\.m2\repository\com\fasterxml\jackson\core\jackson-databind\2.17.2\jackson-databind-2.17.2.jar;C:\Users\Admin\.m2\repository\com\fasterxml\jackson\core\jackson-annotations\2.17.2\jackson-annotations-2.17.2.jar;C:\Users\Admin\.m2\repository\com\fasterxml\jackson\core\jackson-core\2.17.2\jackson-core-2.17.2.jar;C:\Users\Admin\.m2\repository\com\fasterxml\jackson\datatype\jackson-datatype-jdk8\2.17.2\jackson-datatype-jdk8-2.17.2.jar;C:\Users\Admin\.m2\repository\com\fasterxml\jackson\datatype\jackson-datatype-jsr310\2.17.2\jackson-datatype-jsr310-2.17.2.jar;C:\Users\Admin\.m2\repository\com\fasterxml\jackson\module\jackson-module-parameter-names\2.17.2\jackson-module-parameter-names-2.17.2.jar;C:\Users\Admin\.m2\repository\org\springframework\boot\spring-boot-starter-tomcat\3.3.5\spring-boot-starter-tomcat-3.3.5.jar;C:\Users\Admin\.m2\repository\org\apache\tomcat\embed\tomcat-embed-websocket\10.1.31\tomcat-embed-websocket-10.1.31.jar;C:\Users\Admin\.m2\repository\org\springframework\spring-web\6.1.14\spring-web-6.1.14.jar;C:\Users\Admin\.m2\repository\io\micrometer\micrometer-observation\1.13.6\micrometer-observation-1.13.6.jar;C:\Users\Admin\.m2\repository\io\micrometer\micrometer-commons\1.13.6\micrometer-commons-1.13.6.jar;C:\Users\Admin\.m2\repository\org\springframework\spring-webmvc\6.1.14\spring-webmvc-6.1.14.jar;C:\Users\Admin\.m2\repository\org\springframework\boot\spring-boot-starter-websocket\3.3.5\spring-boot-starter-websocket-3.3.5.jar;C:\Users\Admin\.m2\repository\org\springframework\spring-messaging\6.1.14\spring-messaging-6.1.14.jar;C:\Users\Admin\.m2\repository\org\springframework\spring-websocket\6.1.14\spring-websocket-6.1.14.jar;C:\Users\Admin\.m2\repository\org\springframework\boot\spring-boot-devtools\3.3.5\spring-boot-devtools-3.3.5.jar;C:\Users\Admin\.m2\repository\org\springframework\boot\spring-boot\3.3.5\spring-boot-3.3.5.jar;C:\Users\Admin\.m2\repository\org\springframework\boot\spring-boot-autoconfigure\3.3.5\spring-boot-autoconfigure-3.3.5.jar;C:\Users\Admin\.m2\repository\com\h2database\h2\2.2.224\h2-2.2.224.jar;C:\Users\Admin\.m2\repository\com\microsoft\sqlserver\mssql-jdbc\12.6.4.jre11\mssql-jdbc-12.6.4.jre11.jar;C:\Users\Admin\.m2\repository\org\projectlombok\lombok\1.18.34\lombok-1.18.34.jar;C:\Users\Admin\.m2\repository\jakarta\xml\bind\jakarta.xml.bind-api\4.0.2\jakarta.xml.bind-api-4.0.2.jar;C:\Users\Admin\.m2\repository\org\springframework\spring-core\6.1.14\spring-core-6.1.14.jar;C:\Users\Admin\.m2\repository\org\springframework\spring-jcl\6.1.14\spring-jcl-6.1.14.jar;C:\Users\Admin\.m2\repository\org\glassfish\web\jakarta.servlet.jsp.jstl\3.0.1\jakarta.servlet.jsp.jstl-3.0.1.jar;C:\Users\Admin\.m2\repository\org\apache\tomcat\embed\tomcat-embed-jasper\10.1.31\tomcat-embed-jasper-10.1.31.jar;C:\Users\Admin\.m2\repository\org\apache\tomcat\embed\tomcat-embed-core\10.1.31\tomcat-embed-core-10.1.31.jar;C:\Users\Admin\.m2\repository\org\apache\tomcat\tomcat-annotations-api\10.1.31\tomcat-annotations-api-10.1.31.jar;C:\Users\Admin\.m2\repository\org\eclipse\jdt\ecj\3.33.0\ecj-3.33.0.jar;C:\Users\Admin\.m2\repository\org\thymeleaf\extras\thymeleaf-extras-springsecurity5\3.1.1.RELEASE\thymeleaf-extras-springsecurity5-3.1.1.RELEASE.jar;C:\Users\Admin\.m2\repository\org\thymeleaf\thymeleaf-spring5\3.1.1.RELEASE\thymeleaf-spring5-3.1.1.RELEASE.jar;C:\Users\Admin\.m2\repository\org\slf4j\slf4j-api\2.0.16\slf4j-api-2.0.16.jar;F:\SpringToolSuite\SpringBootSecurityJWT\target\classes;C:\Users\Admin\.m2\repository\org\thymeleaf\extras\thymeleaf-extras-springsecurity6\3.1.2.RELEASE\thymeleaf-extras-springsecurity6-3.1.2.RELEASE.jar;C:\Users\Admin\.m2\repository\org\springframework\boot\spring-boot-starter-security\3.3.5\spring-boot-starter-security-3.3.5.jar;C:\Users\Admin\.m2\repository\org\springframework\spring-aop\6.1.14\spring-aop-6.1.14.jar;C:\Users\Admin\.m2\repository\org\springframework\security\spring-security-config\6.3.4\spring-security-config-6.3.4.jar;C:\Users\Admin\.m2\repository\org\springframework\security\spring-security-web\6.3.4\spring-security-web-6.3.4.jar;C:\Users\Admin\.m2\repository\org\springframework\security\spring-security-taglibs\6.3.4\spring-security-taglibs-6.3.4.jar;C:\Users\Admin\.m2\repository\org\springframework\security\spring-security-acl\6.3.4\spring-security-acl-6.3.4.jar;C:\Users\Admin\.m2\repository\org\springframework\security\spring-security-core\6.3.4\spring-security-core-6.3.4.jar;C:\Users\Admin\.m2\repository\org\springframework\security\spring-security-crypto\6.3.4\spring-security-crypto-6.3.4.jar;C:\Users\Admin\.m2\repository\org\springframework\spring-beans\6.1.14\spring-beans-6.1.14.jar;C:\Users\Admin\.m2\repository\org\springframework\spring-context\6.1.14\spring-context-6.1.14.jar;C:\Users\Admin\.m2\repository\org\springframework\spring-expression\6.1.14\spring-expression-6.1.14.jar
Launcher Type: SUN_STANDARD

[Global flags]
     intx CICompilerCount                          = 4                                         {product} {ergonomic}
     uint ConcGCThreads                            = 2                                         {product} {ergonomic}
     uint G1ConcRefinementThreads                  = 8                                         {product} {ergonomic}
   size_t G1HeapRegionSize                         = 1048576                                   {product} {ergonomic}
   size_t InitialHeapSize                          = 132120576                                 {product} {ergonomic}
     bool ManagementServer                         = true                                      {product} {command line}
   size_t MarkStackSize                            = 4194304                                   {product} {ergonomic}
   size_t MaxHeapSize                              = 2105540608                                {product} {ergonomic}
   size_t MaxNewSize                               = 1262485504                                {product} {ergonomic}
   size_t MinHeapDeltaBytes                        = 1048576                                   {product} {ergonomic}
   size_t MinHeapSize                              = 8388608                                   {product} {ergonomic}
    uintx NonNMethodCodeHeapSize                   = 4096                                   {pd product} {ergonomic}
    uintx NonProfiledCodeHeapSize                  = 0                                      {pd product} {ergonomic}
     bool ProfileInterpreter                       = false                                  {pd product} {command line}
    uintx ProfiledCodeHeapSize                     = 0                                      {pd product} {ergonomic}
     bool ShowCodeDetailsInExceptionMessages       = true                                   {manageable} {command line}
   size_t SoftMaxHeapSize                          = 2105540608                             {manageable} {ergonomic}
     intx TieredStopAtLevel                        = 1                                         {product} {command line}
     bool UseCompressedOops                        = true                           {product lp64_product} {ergonomic}
     bool UseG1GC                                  = true                                      {product} {ergonomic}
     bool UseLargePagesIndividualAllocation        = false                                  {pd product} {ergonomic}

Logging:
Log output configuration:
 #0: stdout all=warning uptime,level,tags foldmultilines=false
 #1: stderr all=off uptime,level,tags foldmultilines=false

Environment Variables:
PATH=F:/SpringToolSuite/sts-4.24.0.RELEASE//plugins/org.eclipse.justj.openjdk.hotspot.jre.full.win32.x86_64_21.0.3.v20240426-1530/jre/bin/server;F:/SpringToolSuite/sts-4.24.0.RELEASE//plugins/org.eclipse.justj.openjdk.hotspot.jre.full.win32.x86_64_21.0.3.v20240426-1530/jre/bin;C:\Program Files\Microsoft MPI\Bin\;C:\Program Files\Common Files\Oracle\Java\javapath;C:\Program Files (x86)\Common Files\Oracle\Java\java8path;C:\Program Files (x86)\Common Files\Oracle\Java\javapath;C:\Python39\Scripts\;C:\Python39\;C:\Program Files (x86)\VMware\VMware Workstation\bin\;C:\WINDOWS\system32;C:\WINDOWS;C:\WINDOWS\System32\Wbem;C:\WINDOWS\System32\WindowsPowerShell\v1.0\;C:\WINDOWS\System32\OpenSSH\;C:\Program Files\Intel\WiFi\bin\;C:\Program Files\Common Files\Intel\WirelessCommon\;C:\Program Files\Git\cmd;C:\Program Files (x86)\Microsoft SQL Server\160\Tools\Binn\;C:\Program Files\Microsoft SQL Server\160\Tools\Binn\;C:\Program Files\Microsoft SQL Server\Client SDK\ODBC\170\Tools\Binn\;C:\Program Files\Microsoft SQL Server\160\DTS\Binn\;C:\Program Files (x86)\Microsoft SQL Server\160\DTS\Binn\;C:\Program Files\dotnet\;C:\Users\Admin\AppData\Local\Microsoft\WindowsApps;C:\Program Files\Azure Data Studio\bin;;F:\Microsoft VS Code\bin;F:\SpringToolSuite\sts-4.24.0.RELEASE;
USERNAME=Admin
OS=Windows_NT
PROCESSOR_IDENTIFIER=Intel64 Family 6 Model 142 Stepping 10, GenuineIntel
TMP=C:\Users\Admin\AppData\Local\Temp
TEMP=C:\Users\Admin\AppData\Local\Temp




Periodic native trim disabled

---------------  S Y S T E M  ---------------

OS:
 Windows 11 , 64 bit Build 26100 (10.0.26100.2454)
OS uptime: 0 days 16:15 hours
Hyper-V role detected

CPU: total 8 (initial active 8) (4 cores per cpu, 2 threads per core) family 6 model 142 stepping 10 microcode 0xe0, cx8, cmov, fxsr, ht, mmx, 3dnowpref, sse, sse2, sse3, ssse3, sse4.1, sse4.2, popcnt, lzcnt, tsc, tscinvbit, avx, avx2, aes, erms, clmul, bmi1, bmi2, rtm, adx, fma, vzeroupper, clflush, clflushopt, hv, rdtscp, f16c
Processor Information for processor 0
  Max Mhz: 2112, Current Mhz: 1910, Mhz Limit: 1900
Processor Information for processor 1
  Max Mhz: 2112, Current Mhz: 1508, Mhz Limit: 1900
Processor Information for processor 2
  Max Mhz: 2112, Current Mhz: 1508, Mhz Limit: 1900
Processor Information for processor 3
  Max Mhz: 2112, Current Mhz: 1508, Mhz Limit: 1900
Processor Information for processor 4
  Max Mhz: 2112, Current Mhz: 1508, Mhz Limit: 1900
Processor Information for processor 5
  Max Mhz: 2112, Current Mhz: 1910, Mhz Limit: 1900
Processor Information for processor 6
  Max Mhz: 2112, Current Mhz: 1508, Mhz Limit: 1900
Processor Information for processor 7
  Max Mhz: 2112, Current Mhz: 1508, Mhz Limit: 1900

Memory: 4k page, system-wide physical 8029M (930M free)
TotalPageFile size 10077M (AvailPageFile size 3M)
current process WorkingSet (physical memory assigned to process): 165M, peak: 165M
current process commit charge ("private bytes"): 204M, peak: 245M

vm_info: Java HotSpot(TM) 64-Bit Server VM (22+36-2370) for windows-amd64 JRE (22+36-2370), built on 2024-02-15T22:15:19Z by "mach5one" with MS VC++ 17.6 (VS2022)

END.
